#
# There is insufficient memory for the Java Runtime Environment to continue.
# Native memory allocation (mmap) failed to map 138412032 bytes for G1 virtual space
# Possible reasons:
#   The system is out of physical RAM or swap space
#   The process is running with CompressedOops enabled, and the Java Heap may be blocking the growth of the native heap
# Possible solutions:
#   Reduce memory load on the system
#   Increase physical memory or swap space
#   Check if swap backing store is full
#   Decrease Java heap size (-Xmx/-Xms)
#   Decrease number of Java threads
#   Decrease Java thread stack sizes (-Xss)
#   Set larger code cache with -XX:ReservedCodeCacheSize=
#   JVM is running with Unscaled Compressed Oops mode in which the Java heap is
#     placed in the first 4GB address space. The Java Heap base address is the
#     maximum limit for the native heap growth. Please use -XX:HeapBaseMinAddress
#     to set the Java Heap base and to place the Java Heap above 4GB virtual address.
# This output file may be truncated or incomplete.
#
#  Out of Memory Error (os_windows.cpp:3769), pid=39412, tid=16232
#
# JRE version: OpenJDK Runtime Environment (17.0.6) (build 17.0.6+0-b2043.56-9586694)
# Java VM: OpenJDK 64-Bit Server VM (17.0.6+0-b2043.56-9586694, mixed mode, tiered, compressed oops, compressed class ptrs, g1 gc, windows-amd64)
# No core dump will be written. Minidumps are not enabled by default on client versions of Windows
#

---------------  S U M M A R Y ------------

Command Line: --add-opens=java.base/java.util=ALL-UNNAMED --add-opens=java.base/java.lang=ALL-UNNAMED --add-opens=java.base/java.lang.invoke=ALL-UNNAMED --add-opens=java.prefs/java.util.prefs=ALL-UNNAMED --add-opens=java.base/java.nio.charset=ALL-UNNAMED --add-opens=java.base/java.net=ALL-UNNAMED --add-opens=java.base/java.util.concurrent.atomic=ALL-UNNAMED -Xmx2048m -Dfile.encoding=UTF-8 -Duser.country=US -Duser.language=en -Duser.variant org.gradle.launcher.daemon.bootstrap.GradleDaemon 8.0

Host: Intel(R) Core(TM) i5-7300U CPU @ 2.60GHz, 4 cores, 15G,  Windows 11 , 64 bit Build 22621 (10.0.22621.2506)
Time: Tue Nov  7 21:36:12 2023 E. Africa Standard Time elapsed time: 24.704487 seconds (0d 0h 0m 24s)

---------------  T H R E A D  ---------------

Current thread (0x0000022332e07c80):  VMThread "VM Thread" [stack: 0x0000004bdc400000,0x0000004bdc500000] [id=16232]

Stack: [0x0000004bdc400000,0x0000004bdc500000]
Native frames: (J=compiled Java code, j=interpreted, Vv=VM code, C=native code)
V  [jvm.dll+0x683b4a]
V  [jvm.dll+0x842654]
V  [jvm.dll+0x843dfe]
V  [jvm.dll+0x844463]
V  [jvm.dll+0x249b75]
V  [jvm.dll+0x680a19]
V  [jvm.dll+0x674f0a]
V  [jvm.dll+0x309acb]
V  [jvm.dll+0x310f86]
V  [jvm.dll+0x3608ee]
V  [jvm.dll+0x360b1f]
V  [jvm.dll+0x2dfbf8]
V  [jvm.dll+0x2ddec4]
V  [jvm.dll+0x2dd4cc]
V  [jvm.dll+0x321f3b]
V  [jvm.dll+0x84893b]
V  [jvm.dll+0x849674]
V  [jvm.dll+0x849b8d]
V  [jvm.dll+0x849f64]
V  [jvm.dll+0x84a030]
V  [jvm.dll+0x7f25fa]
V  [jvm.dll+0x682985]
C  [ucrtbase.dll+0x29363]
C  [KERNEL32.DLL+0x1257d]
C  [ntdll.dll+0x5aa58]

VM_Operation (0x0000004be22fade0): G1CollectForAllocation, mode: safepoint, requested by thread 0x000002233c5e1950


---------------  P R O C E S S  ---------------

Threads class SMR info:
_java_thread_list=0x000002233e7587e0, length=91, elements={
0x0000022319818c90, 0x000002233382a7c0, 0x000002233382b630, 0x00000223338359e0,
0x000002233386d6c0, 0x0000022333871190, 0x0000022333871b40, 0x00000223338728d0,
0x00000223338d5e90, 0x00000223338e04b0, 0x0000022333a0f030, 0x0000022333a0f500,
0x0000022335ecfc50, 0x0000022334f449d0, 0x0000022335cdf850, 0x0000022335e972a0,
0x0000022336388300, 0x0000022336526c10, 0x00000223353ce120, 0x0000022336643990,
0x0000022335e72220, 0x0000022335e70070, 0x0000022335e70ee0, 0x0000022335e70540,
0x0000022335e70a10, 0x0000022335e713b0, 0x0000022335e71880, 0x0000022335e71d50,
0x0000022335e726f0, 0x0000022335e72bc0, 0x0000022335e73090, 0x0000022335e73560,
0x0000022335e73a30, 0x000002233673f0f0, 0x000002233673fa90, 0x0000022336739f20,
0x000002233673ff60, 0x0000022336740430, 0x0000022336739a50, 0x0000022336739580,
0x000002233673ca70, 0x000002233673b260, 0x00000223367390b0, 0x0000022336738be0,
0x000002233673d410, 0x000002233673f5c0, 0x000002233673cf40, 0x000002233673a8c0,
0x000002233673b730, 0x000002233673c5a0, 0x000002233673bc00, 0x000002233673e280,
0x000002233673ddb0, 0x000002233673e750, 0x000002233673ec20, 0x00000223342c3c10,
0x00000223342ca5f0, 0x00000223342c40e0, 0x00000223342c2da0, 0x00000223342c75d0,
0x00000223342c58f0, 0x00000223342c3270, 0x00000223342c4a80, 0x00000223342c3740,
0x00000223342c45b0, 0x00000223342c9780, 0x00000223342c5dc0, 0x00000223342c7aa0,
0x00000223342c6290, 0x00000223342c4f50, 0x00000223342c7f70, 0x00000223342c8de0,
0x00000223342c9c50, 0x00000223342c5420, 0x00000223342c6760, 0x00000223342c6c30,
0x00000223342c7100, 0x00000223342c92b0, 0x00000223342c8440, 0x00000223342c8910,
0x000002233c5e6b20, 0x0000022338ea5770, 0x000002233c5e6650, 0x000002233c5e0610,
0x000002233c5e6180, 0x000002233c5e6ff0, 0x000002233c5e2c90, 0x000002233c5e1480,
0x000002233c5e1950, 0x000002233c5e3fd0, 0x000002233c5e1e20
}

Java Threads: ( => current thread )
  0x0000022319818c90 JavaThread "main" [_thread_blocked, id=30952, stack(0x0000004bdbd00000,0x0000004bdbe00000)]
  0x000002233382a7c0 JavaThread "Reference Handler" daemon [_thread_blocked, id=10500, stack(0x0000004bdc500000,0x0000004bdc600000)]
  0x000002233382b630 JavaThread "Finalizer" daemon [_thread_blocked, id=17352, stack(0x0000004bdc600000,0x0000004bdc700000)]
  0x00000223338359e0 JavaThread "Signal Dispatcher" daemon [_thread_blocked, id=28556, stack(0x0000004bdc700000,0x0000004bdc800000)]
  0x000002233386d6c0 JavaThread "Attach Listener" daemon [_thread_blocked, id=19672, stack(0x0000004bdc800000,0x0000004bdc900000)]
  0x0000022333871190 JavaThread "Service Thread" daemon [_thread_blocked, id=38428, stack(0x0000004bdc900000,0x0000004bdca00000)]
  0x0000022333871b40 JavaThread "Monitor Deflation Thread" daemon [_thread_blocked, id=26452, stack(0x0000004bdca00000,0x0000004bdcb00000)]
  0x00000223338728d0 JavaThread "C2 CompilerThread0" daemon [_thread_blocked, id=16924, stack(0x0000004bdcb00000,0x0000004bdcc00000)]
  0x00000223338d5e90 JavaThread "C1 CompilerThread0" daemon [_thread_blocked, id=37792, stack(0x0000004bdcc00000,0x0000004bdcd00000)]
  0x00000223338e04b0 JavaThread "Sweeper thread" daemon [_thread_blocked, id=34912, stack(0x0000004bdcd00000,0x0000004bdce00000)]
  0x0000022333a0f030 JavaThread "Common-Cleaner" daemon [_thread_blocked, id=38252, stack(0x0000004bdce00000,0x0000004bdcf00000)]
  0x0000022333a0f500 JavaThread "Notification Thread" daemon [_thread_blocked, id=2800, stack(0x0000004bdcf00000,0x0000004bdd000000)]
  0x0000022335ecfc50 JavaThread "Daemon health stats" [_thread_blocked, id=37332, stack(0x0000004bdd500000,0x0000004bdd600000)]
  0x0000022334f449d0 JavaThread "Incoming local TCP Connector on port 62812" [_thread_in_native, id=26180, stack(0x0000004bdd600000,0x0000004bdd700000)]
  0x0000022335cdf850 JavaThread "Daemon periodic checks" [_thread_blocked, id=29088, stack(0x0000004bdd700000,0x0000004bdd800000)]
  0x0000022335e972a0 JavaThread "Daemon" [_thread_blocked, id=13580, stack(0x0000004bdd800000,0x0000004bdd900000)]
  0x0000022336388300 JavaThread "Handler for socket connection from /127.0.0.1:62812 to /127.0.0.1:62813" [_thread_in_native, id=39752, stack(0x0000004bdd900000,0x0000004bdda00000)]
  0x0000022336526c10 JavaThread "Cancel handler" [_thread_blocked, id=6440, stack(0x0000004bdda00000,0x0000004bddb00000)]
  0x00000223353ce120 JavaThread "Daemon worker" [_thread_blocked, id=19716, stack(0x0000004bddb00000,0x0000004bddc00000)]
  0x0000022336643990 JavaThread "Asynchronous log dispatcher for DefaultDaemonConnection: socket connection from /127.0.0.1:62812 to /127.0.0.1:62813" [_thread_blocked, id=18184, stack(0x0000004bddc00000,0x0000004bddd00000)]
  0x0000022335e72220 JavaThread "Stdin handler" [_thread_blocked, id=19020, stack(0x0000004bddd00000,0x0000004bdde00000)]
  0x0000022335e70070 JavaThread "Daemon client event forwarder" [_thread_blocked, id=36572, stack(0x0000004bdde00000,0x0000004bddf00000)]
  0x0000022335e70ee0 JavaThread "Cache worker for journal cache (C:\Users\franc\.gradle\caches\journal-1)" [_thread_blocked, id=33940, stack(0x0000004bddf00000,0x0000004bde000000)]
  0x0000022335e70540 JavaThread "File lock request listener" [_thread_in_native, id=28324, stack(0x0000004bde000000,0x0000004bde100000)]
  0x0000022335e70a10 JavaThread "Cache worker for file hash cache (C:\Users\franc\.gradle\caches\8.0\fileHashes)" [_thread_blocked, id=29520, stack(0x0000004bde100000,0x0000004bde200000)]
  0x0000022335e713b0 JavaThread "File watcher server" daemon [_thread_blocked, id=22816, stack(0x0000004bde200000,0x0000004bde300000)]
  0x0000022335e71880 JavaThread "File watcher consumer" daemon [_thread_blocked, id=17828, stack(0x0000004bde300000,0x0000004bde400000)]
  0x0000022335e71d50 JavaThread "Cache worker for checksums cache (C:\Users\franc\AndroidStudioProjects\Rental\.gradle\8.0\checksums)" [_thread_blocked, id=39764, stack(0x0000004bde400000,0x0000004bde500000)]
  0x0000022335e726f0 JavaThread "Cache worker for cache directory md-rule (C:\Users\franc\.gradle\caches\8.0\md-rule)" [_thread_blocked, id=36796, stack(0x0000004bde500000,0x0000004bde600000)]
  0x0000022335e72bc0 JavaThread "Cache worker for file content cache (C:\Users\franc\.gradle\caches\8.0\fileContent)" [_thread_blocked, id=10100, stack(0x0000004bde600000,0x0000004bde700000)]
  0x0000022335e73090 JavaThread "Cache worker for file hash cache (C:\Users\franc\AndroidStudioProjects\Rental\.gradle\8.0\fileHashes)" [_thread_blocked, id=14716, stack(0x0000004bde700000,0x0000004bde800000)]
  0x0000022335e73560 JavaThread "Cache worker for cache directory md-supplier (C:\Users\franc\.gradle\caches\8.0\md-supplier)" [_thread_blocked, id=4928, stack(0x0000004bde800000,0x0000004bde900000)]
  0x0000022335e73a30 JavaThread "Cache worker for execution history cache (C:\Users\franc\.gradle\caches\8.0\executionHistory)" [_thread_blocked, id=38220, stack(0x0000004bde900000,0x0000004bdea00000)]
  0x000002233673f0f0 JavaThread "jar transforms" [_thread_blocked, id=3396, stack(0x0000004bdea00000,0x0000004bdeb00000)]
  0x000002233673fa90 JavaThread "jar transforms Thread 2" [_thread_blocked, id=34968, stack(0x0000004bdeb00000,0x0000004bdec00000)]
  0x0000022336739f20 JavaThread "jar transforms Thread 3" [_thread_blocked, id=19784, stack(0x0000004bded00000,0x0000004bdee00000)]
  0x000002233673ff60 JavaThread "jar transforms Thread 4" [_thread_blocked, id=36380, stack(0x0000004bdee00000,0x0000004bdef00000)]
  0x0000022336740430 JavaThread "Cache worker for dependencies-accessors (C:\Users\franc\AndroidStudioProjects\Rental\.gradle\8.0\dependencies-accessors)" [_thread_blocked, id=39480, stack(0x0000004bdef00000,0x0000004bdf000000)]
  0x0000022336739a50 JavaThread "Cache worker for Build Output Cleanup Cache (C:\Users\franc\AndroidStudioProjects\Rental\.gradle\buildOutputCleanup)" [_thread_blocked, id=4388, stack(0x0000004bdf000000,0x0000004bdf100000)]
  0x0000022336739580 JavaThread "Unconstrained build operations" [_thread_blocked, id=20272, stack(0x0000004bdd100000,0x0000004bdd200000)]
  0x000002233673ca70 JavaThread "Unconstrained build operations Thread 2" [_thread_blocked, id=37976, stack(0x0000004bdf200000,0x0000004bdf300000)]
  0x000002233673b260 JavaThread "Unconstrained build operations Thread 3" [_thread_blocked, id=36964, stack(0x0000004bdf300000,0x0000004bdf400000)]
  0x00000223367390b0 JavaThread "Unconstrained build operations Thread 4" [_thread_blocked, id=8352, stack(0x0000004bdf400000,0x0000004bdf500000)]
  0x0000022336738be0 JavaThread "Unconstrained build operations Thread 5" [_thread_blocked, id=12136, stack(0x0000004bdf500000,0x0000004bdf600000)]
  0x000002233673d410 JavaThread "Unconstrained build operations Thread 6" [_thread_blocked, id=26084, stack(0x0000004bdf600000,0x0000004bdf700000)]
  0x000002233673f5c0 JavaThread "Unconstrained build operations Thread 7" [_thread_blocked, id=4760, stack(0x0000004bdf700000,0x0000004bdf800000)]
  0x000002233673cf40 JavaThread "Unconstrained build operations Thread 8" [_thread_blocked, id=26532, stack(0x0000004bdf800000,0x0000004bdf900000)]
  0x000002233673a8c0 JavaThread "Unconstrained build operations Thread 9" [_thread_blocked, id=35108, stack(0x0000004bdf900000,0x0000004bdfa00000)]
  0x000002233673b730 JavaThread "Unconstrained build operations Thread 10" [_thread_blocked, id=26616, stack(0x0000004bdfa00000,0x0000004bdfb00000)]
  0x000002233673c5a0 JavaThread "Unconstrained build operations Thread 11" [_thread_blocked, id=29716, stack(0x0000004bdfb00000,0x0000004bdfc00000)]
  0x000002233673bc00 JavaThread "Unconstrained build operations Thread 12" [_thread_blocked, id=19292, stack(0x0000004bdfc00000,0x0000004bdfd00000)]
  0x000002233673e280 JavaThread "Unconstrained build operations Thread 13" [_thread_blocked, id=31900, stack(0x0000004bdfd00000,0x0000004bdfe00000)]
  0x000002233673ddb0 JavaThread "Unconstrained build operations Thread 14" [_thread_blocked, id=38788, stack(0x0000004bdfe00000,0x0000004bdff00000)]
  0x000002233673e750 JavaThread "Unconstrained build operations Thread 15" [_thread_blocked, id=9776, stack(0x0000004bdff00000,0x0000004be0000000)]
  0x000002233673ec20 JavaThread "Unconstrained build operations Thread 16" [_thread_blocked, id=7916, stack(0x0000004be0000000,0x0000004be0100000)]
  0x00000223342c3c10 JavaThread "Unconstrained build operations Thread 17" [_thread_blocked, id=38556, stack(0x0000004be0100000,0x0000004be0200000)]
  0x00000223342ca5f0 JavaThread "Unconstrained build operations Thread 18" [_thread_blocked, id=31332, stack(0x0000004be0200000,0x0000004be0300000)]
  0x00000223342c40e0 JavaThread "Unconstrained build operations Thread 19" [_thread_blocked, id=35024, stack(0x0000004be0300000,0x0000004be0400000)]
  0x00000223342c2da0 JavaThread "Unconstrained build operations Thread 20" [_thread_blocked, id=38188, stack(0x0000004be0400000,0x0000004be0500000)]
  0x00000223342c75d0 JavaThread "Unconstrained build operations Thread 21" [_thread_blocked, id=35244, stack(0x0000004be0500000,0x0000004be0600000)]
  0x00000223342c58f0 JavaThread "Unconstrained build operations Thread 22" [_thread_blocked, id=26740, stack(0x0000004be0600000,0x0000004be0700000)]
  0x00000223342c3270 JavaThread "Unconstrained build operations Thread 23" [_thread_blocked, id=25532, stack(0x0000004be0700000,0x0000004be0800000)]
  0x00000223342c4a80 JavaThread "Unconstrained build operations Thread 24" [_thread_blocked, id=17080, stack(0x0000004be0800000,0x0000004be0900000)]
  0x00000223342c3740 JavaThread "Unconstrained build operations Thread 25" [_thread_blocked, id=38088, stack(0x0000004be0900000,0x0000004be0a00000)]
  0x00000223342c45b0 JavaThread "Unconstrained build operations Thread 26" [_thread_blocked, id=32712, stack(0x0000004be0a00000,0x0000004be0b00000)]
  0x00000223342c9780 JavaThread "Unconstrained build operations Thread 27" [_thread_blocked, id=39540, stack(0x0000004be0b00000,0x0000004be0c00000)]
  0x00000223342c5dc0 JavaThread "Unconstrained build operations Thread 28" [_thread_blocked, id=34080, stack(0x0000004be0c00000,0x0000004be0d00000)]
  0x00000223342c7aa0 JavaThread "Unconstrained build operations Thread 29" [_thread_blocked, id=21032, stack(0x0000004be0d00000,0x0000004be0e00000)]
  0x00000223342c6290 JavaThread "Unconstrained build operations Thread 30" [_thread_blocked, id=21632, stack(0x0000004be0e00000,0x0000004be0f00000)]
  0x00000223342c4f50 JavaThread "Unconstrained build operations Thread 31" [_thread_blocked, id=35348, stack(0x0000004be0f00000,0x0000004be1000000)]
  0x00000223342c7f70 JavaThread "Unconstrained build operations Thread 32" [_thread_blocked, id=4196, stack(0x0000004be1000000,0x0000004be1100000)]
  0x00000223342c8de0 JavaThread "Unconstrained build operations Thread 33" [_thread_blocked, id=23956, stack(0x0000004be1100000,0x0000004be1200000)]
  0x00000223342c9c50 JavaThread "Unconstrained build operations Thread 34" [_thread_blocked, id=37456, stack(0x0000004be1200000,0x0000004be1300000)]
  0x00000223342c5420 JavaThread "Unconstrained build operations Thread 35" [_thread_blocked, id=6140, stack(0x0000004be1300000,0x0000004be1400000)]
  0x00000223342c6760 JavaThread "Unconstrained build operations Thread 36" [_thread_blocked, id=22076, stack(0x0000004be1400000,0x0000004be1500000)]
  0x00000223342c6c30 JavaThread "Unconstrained build operations Thread 37" [_thread_blocked, id=20396, stack(0x0000004be1500000,0x0000004be1600000)]
  0x00000223342c7100 JavaThread "Unconstrained build operations Thread 38" [_thread_blocked, id=30348, stack(0x0000004be1600000,0x0000004be1700000)]
  0x00000223342c92b0 JavaThread "Unconstrained build operations Thread 39" [_thread_blocked, id=38740, stack(0x0000004be1700000,0x0000004be1800000)]
  0x00000223342c8440 JavaThread "Unconstrained build operations Thread 40" [_thread_blocked, id=33324, stack(0x0000004be1800000,0x0000004be1900000)]
  0x00000223342c8910 JavaThread "build event listener" [_thread_blocked, id=23140, stack(0x0000004be1a00000,0x0000004be1b00000)]
  0x000002233c5e6b20 JavaThread "Memory manager" [_thread_blocked, id=25500, stack(0x0000004be1b00000,0x0000004be1c00000)]
  0x0000022338ea5770 JavaThread "C2 CompilerThread1" daemon [_thread_blocked, id=276, stack(0x0000004be1900000,0x0000004be1a00000)]
  0x000002233c5e6650 JavaThread "included builds" [_thread_blocked, id=34380, stack(0x0000004be1c00000,0x0000004be1d00000)]
  0x000002233c5e0610 JavaThread "Execution worker" [_thread_blocked, id=39232, stack(0x0000004be1d00000,0x0000004be1e00000)]
  0x000002233c5e6180 JavaThread "Execution worker Thread 2" [_thread_blocked, id=38124, stack(0x0000004be1e00000,0x0000004be1f00000)]
  0x000002233c5e6ff0 JavaThread "Execution worker Thread 3" [_thread_blocked, id=37940, stack(0x0000004be1f00000,0x0000004be2000000)]
  0x000002233c5e2c90 JavaThread "Cache worker for execution history cache (C:\Users\franc\AndroidStudioProjects\Rental\.gradle\8.0\executionHistory)" [_thread_blocked, id=2348, stack(0x0000004be2000000,0x0000004be2100000)]
  0x000002233c5e1480 JavaThread "WorkerExecutor Queue" [_thread_blocked, id=33328, stack(0x0000004be2100000,0x0000004be2200000)]
  0x000002233c5e1950 JavaThread "WorkerExecutor Queue Thread 2" [_thread_blocked, id=33652, stack(0x0000004be2200000,0x0000004be2300000)]
  0x000002233c5e3fd0 JavaThread "WorkerExecutor Queue Thread 3" [_thread_blocked, id=15024, stack(0x0000004be2300000,0x0000004be2400000)]
  0x000002233c5e1e20 JavaThread "WorkerExecutor Queue Thread 4" [_thread_blocked, id=26976, stack(0x0000004be2400000,0x0000004be2500000)]

Other Threads:
=>0x0000022332e07c80 VMThread "VM Thread" [stack: 0x0000004bdc400000,0x0000004bdc500000] [id=16232]
  0x0000022333990e30 WatcherThread [stack: 0x0000004bdd000000,0x0000004bdd100000] [id=22260]
  0x0000022319872220 GCTaskThread "GC Thread#0" [stack: 0x0000004bdbf00000,0x0000004bdc000000] [id=31880]
  0x00000223341ea340 GCTaskThread "GC Thread#1" [stack: 0x0000004bdd200000,0x0000004bdd300000] [id=6744]
  0x0000022333fc2d50 GCTaskThread "GC Thread#2" [stack: 0x0000004bdd300000,0x0000004bdd400000] [id=39668]
  0x000002233421c660 GCTaskThread "GC Thread#3" [stack: 0x0000004bdd400000,0x0000004bdd500000] [id=34804]
  0x0000022319883160 ConcurrentGCThread "G1 Main Marker" [stack: 0x0000004bdc000000,0x0000004bdc100000] [id=35916]
  0x0000022319883b70 ConcurrentGCThread "G1 Conc#0" [stack: 0x0000004bdc100000,0x0000004bdc200000] [id=39052]
  0x00000223198de860 ConcurrentGCThread "G1 Refine#0" [stack: 0x0000004bdc200000,0x0000004bdc300000] [id=7392]
  0x0000022335e965d0 ConcurrentGCThread "G1 Refine#1" [stack: 0x0000004bdec00000,0x0000004bded00000] [id=39788]
  0x0000022332c7fca0 ConcurrentGCThread "G1 Service" [stack: 0x0000004bdc300000,0x0000004bdc400000] [id=17860]

Threads with active compile tasks:
C2 CompilerThread0    24748 12593   !   4       org.gradle.cache.internal.LockOnDemandCrossProcessCacheAccess::decrementLockCount (86 bytes)
C2 CompilerThread1    24748 12631       4       org.gradle.internal.snapshot.VfsRelativePath::lengthOfCommonPrefix (173 bytes)

VM state: at safepoint (normal execution)

VM Mutex/Monitor currently owned by a thread:  ([mutex/lock_event])
[0x0000022319812770] Threads_lock - owner thread: 0x0000022332e07c80
[0x0000022319812c80] Heap_lock - owner thread: 0x000002233c5e1950

Heap address: 0x0000000080000000, size: 2048 MB, Compressed Oops mode: 32-bit

CDS archive(s) not mapped
Compressed class space mapped at: 0x0000000100000000-0x0000000140000000, reserved size: 1073741824
Narrow klass base: 0x0000000000000000, Narrow klass shift: 3, Narrow klass range: 0x140000000

GC Precious Log:
 CPUs: 4 total, 4 available
 Memory: 16259M
 Large Page Support: Disabled
 NUMA Support: Disabled
 Compressed Oops: Enabled (32-bit)
 Heap Region Size: 1M
 Heap Min Capacity: 8M
 Heap Initial Capacity: 256M
 Heap Max Capacity: 2G
 Pre-touch: Disabled
 Parallel Workers: 4
 Concurrent Workers: 1
 Concurrent Refinement Workers: 4
 Periodic GC: Disabled

Heap:
 garbage-first heap   total 262144K, used 113993K [0x0000000080000000, 0x0000000100000000)
  region size 1024K, 3 young (3072K), 3 survivors (3072K)
 Metaspace       used 99734K, committed 100416K, reserved 1138688K
  class space    used 13444K, committed 13760K, reserved 1048576K

Heap Regions: E=young(eden), S=young(survivor), O=old, HS=humongous(starts), HC=humongous(continues), CS=collection set, F=free, OA=open archive, CA=closed archive, TAMS=top-at-mark-start (previous, next)
|   0|0x0000000080000000, 0x0000000080100000, 0x0000000080100000|100%| O|  |TAMS 0x0000000080100000, 0x0000000080000000| Untracked 
|   1|0x0000000080100000, 0x0000000080200000, 0x0000000080200000|100%| O|  |TAMS 0x0000000080200000, 0x0000000080100000| Untracked 
|   2|0x0000000080200000, 0x0000000080300000, 0x0000000080300000|100%|HS|  |TAMS 0x0000000080300000, 0x0000000080200000| Complete 
|   3|0x0000000080300000, 0x0000000080400000, 0x0000000080400000|100%|HC|  |TAMS 0x0000000080400000, 0x0000000080300000| Complete 
|   4|0x0000000080400000, 0x0000000080500000, 0x0000000080500000|100%|HC|  |TAMS 0x0000000080500000, 0x0000000080400000| Complete 
|   5|0x0000000080500000, 0x0000000080600000, 0x0000000080600000|100%|HC|  |TAMS 0x0000000080600000, 0x0000000080500000| Complete 
|   6|0x0000000080600000, 0x0000000080700000, 0x0000000080700000|100%| O|  |TAMS 0x0000000080700000, 0x0000000080600000| Untracked 
|   7|0x0000000080700000, 0x0000000080800000, 0x0000000080800000|100%| O|  |TAMS 0x0000000080800000, 0x0000000080700000| Untracked 
|   8|0x0000000080800000, 0x0000000080900000, 0x0000000080900000|100%| O|  |TAMS 0x0000000080900000, 0x0000000080800000| Untracked 
|   9|0x0000000080900000, 0x0000000080a00000, 0x0000000080a00000|100%| O|  |TAMS 0x0000000080a00000, 0x0000000080900000| Untracked 
|  10|0x0000000080a00000, 0x0000000080b00000, 0x0000000080b00000|100%| O|  |TAMS 0x0000000080b00000, 0x0000000080a00000| Untracked 
|  11|0x0000000080b00000, 0x0000000080c00000, 0x0000000080c00000|100%| O|  |TAMS 0x0000000080c00000, 0x0000000080b00000| Untracked 
|  12|0x0000000080c00000, 0x0000000080d00000, 0x0000000080d00000|100%| O|  |TAMS 0x0000000080d00000, 0x0000000080c00000| Untracked 
|  13|0x0000000080d00000, 0x0000000080e00000, 0x0000000080e00000|100%| O|  |TAMS 0x0000000080e00000, 0x0000000080d00000| Untracked 
|  14|0x0000000080e00000, 0x0000000080f00000, 0x0000000080f00000|100%| O|  |TAMS 0x0000000080f00000, 0x0000000080e00000| Untracked 
|  15|0x0000000080f00000, 0x0000000081000000, 0x0000000081000000|100%| O|  |TAMS 0x0000000081000000, 0x0000000080f00000| Untracked 
|  16|0x0000000081000000, 0x0000000081100000, 0x0000000081100000|100%| O|  |TAMS 0x0000000081100000, 0x0000000081000000| Untracked 
|  17|0x0000000081100000, 0x0000000081200000, 0x0000000081200000|100%| O|  |TAMS 0x0000000081200000, 0x0000000081100000| Untracked 
|  18|0x0000000081200000, 0x0000000081300000, 0x0000000081300000|100%| O|  |TAMS 0x0000000081300000, 0x0000000081200000| Untracked 
|  19|0x0000000081300000, 0x0000000081400000, 0x0000000081400000|100%| O|  |TAMS 0x0000000081400000, 0x0000000081300000| Untracked 
|  20|0x0000000081400000, 0x0000000081500000, 0x0000000081500000|100%| O|  |TAMS 0x0000000081500000, 0x0000000081400000| Untracked 
|  21|0x0000000081500000, 0x0000000081600000, 0x0000000081600000|100%| O|  |TAMS 0x0000000081600000, 0x0000000081500000| Untracked 
|  22|0x0000000081600000, 0x0000000081700000, 0x0000000081700000|100%| O|  |TAMS 0x0000000081700000, 0x0000000081600000| Untracked 
|  23|0x0000000081700000, 0x0000000081800000, 0x0000000081800000|100%| O|  |TAMS 0x0000000081700000, 0x0000000081700000| Untracked 
|  24|0x0000000081800000, 0x0000000081900000, 0x0000000081900000|100%| O|  |TAMS 0x0000000081900000, 0x0000000081800000| Untracked 
|  25|0x0000000081900000, 0x0000000081a00000, 0x0000000081a00000|100%| O|  |TAMS 0x0000000081a00000, 0x0000000081900000| Untracked 
|  26|0x0000000081a00000, 0x0000000081b00000, 0x0000000081b00000|100%| O|  |TAMS 0x0000000081b00000, 0x0000000081a00000| Untracked 
|  27|0x0000000081b00000, 0x0000000081c00000, 0x0000000081c00000|100%| O|  |TAMS 0x0000000081c00000, 0x0000000081b00000| Untracked 
|  28|0x0000000081c00000, 0x0000000081d00000, 0x0000000081d00000|100%| O|  |TAMS 0x0000000081d00000, 0x0000000081c00000| Untracked 
|  29|0x0000000081d00000, 0x0000000081e00000, 0x0000000081e00000|100%| O|  |TAMS 0x0000000081e00000, 0x0000000081d00000| Untracked 
|  30|0x0000000081e00000, 0x0000000081f00000, 0x0000000081f00000|100%| O|  |TAMS 0x0000000081f00000, 0x0000000081e00000| Untracked 
|  31|0x0000000081f00000, 0x0000000082000000, 0x0000000082000000|100%| O|  |TAMS 0x0000000082000000, 0x0000000081f00000| Untracked 
|  32|0x0000000082000000, 0x0000000082100000, 0x0000000082100000|100%| O|  |TAMS 0x0000000082100000, 0x0000000082000000| Untracked 
|  33|0x0000000082100000, 0x0000000082200000, 0x0000000082200000|100%| O|  |TAMS 0x0000000082200000, 0x0000000082100000| Untracked 
|  34|0x0000000082200000, 0x0000000082300000, 0x0000000082300000|100%| O|  |TAMS 0x0000000082300000, 0x0000000082200000| Untracked 
|  35|0x0000000082300000, 0x0000000082400000, 0x0000000082400000|100%| O|  |TAMS 0x0000000082400000, 0x0000000082300000| Untracked 
|  36|0x0000000082400000, 0x0000000082500000, 0x0000000082500000|100%| O|  |TAMS 0x0000000082500000, 0x0000000082400000| Untracked 
|  37|0x0000000082500000, 0x0000000082600000, 0x0000000082600000|100%| O|  |TAMS 0x0000000082600000, 0x0000000082500000| Untracked 
|  38|0x0000000082600000, 0x0000000082700000, 0x0000000082700000|100%| O|  |TAMS 0x0000000082700000, 0x0000000082600000| Untracked 
|  39|0x0000000082700000, 0x0000000082800000, 0x0000000082800000|100%| O|  |TAMS 0x0000000082800000, 0x0000000082700000| Untracked 
|  40|0x0000000082800000, 0x0000000082900000, 0x0000000082900000|100%|HS|  |TAMS 0x0000000082900000, 0x0000000082800000| Complete 
|  41|0x0000000082900000, 0x0000000082a00000, 0x0000000082a00000|100%|HS|  |TAMS 0x0000000082a00000, 0x0000000082900000| Complete 
|  42|0x0000000082a00000, 0x0000000082b00000, 0x0000000082b00000|100%| O|  |TAMS 0x0000000082b00000, 0x0000000082a00000| Untracked 
|  43|0x0000000082b00000, 0x0000000082c00000, 0x0000000082c00000|100%| O|  |TAMS 0x0000000082c00000, 0x0000000082b00000| Untracked 
|  44|0x0000000082c00000, 0x0000000082d00000, 0x0000000082d00000|100%| O|  |TAMS 0x0000000082d00000, 0x0000000082c00000| Untracked 
|  45|0x0000000082d00000, 0x0000000082e00000, 0x0000000082e00000|100%| O|  |TAMS 0x0000000082e00000, 0x0000000082d00000| Untracked 
|  46|0x0000000082e00000, 0x0000000082f00000, 0x0000000082f00000|100%| O|  |TAMS 0x0000000082f00000, 0x0000000082e00000| Untracked 
|  47|0x0000000082f00000, 0x0000000083000000, 0x0000000083000000|100%| O|  |TAMS 0x0000000083000000, 0x0000000082f00000| Untracked 
|  48|0x0000000083000000, 0x0000000083100000, 0x0000000083100000|100%| O|  |TAMS 0x0000000083100000, 0x0000000083000000| Untracked 
|  49|0x0000000083100000, 0x0000000083200000, 0x0000000083200000|100%| O|  |TAMS 0x0000000083200000, 0x0000000083100000| Untracked 
|  50|0x0000000083200000, 0x0000000083300000, 0x0000000083300000|100%| O|  |TAMS 0x0000000083300000, 0x0000000083200000| Untracked 
|  51|0x0000000083300000, 0x0000000083400000, 0x0000000083400000|100%| O|  |TAMS 0x0000000083400000, 0x0000000083300000| Untracked 
|  52|0x0000000083400000, 0x0000000083500000, 0x0000000083500000|100%| O|  |TAMS 0x0000000083400000, 0x0000000083400000| Untracked 
|  53|0x0000000083500000, 0x0000000083600000, 0x0000000083600000|100%| O|  |TAMS 0x0000000083500000, 0x0000000083500000| Untracked 
|  54|0x0000000083600000, 0x0000000083700000, 0x0000000083700000|100%| O|  |TAMS 0x0000000083600000, 0x0000000083600000| Untracked 
|  55|0x0000000083700000, 0x0000000083800000, 0x0000000083800000|100%| O|  |TAMS 0x0000000083700000, 0x0000000083700000| Untracked 
|  56|0x0000000083800000, 0x0000000083900000, 0x0000000083900000|100%| O|  |TAMS 0x0000000083800000, 0x0000000083800000| Untracked 
|  57|0x0000000083900000, 0x0000000083a00000, 0x0000000083a00000|100%| O|  |TAMS 0x0000000083900000, 0x0000000083900000| Untracked 
|  58|0x0000000083a00000, 0x0000000083b00000, 0x0000000083b00000|100%| O|  |TAMS 0x0000000083a00000, 0x0000000083a00000| Untracked 
|  59|0x0000000083b00000, 0x0000000083c00000, 0x0000000083c00000|100%| O|  |TAMS 0x0000000083b00000, 0x0000000083b00000| Untracked 
|  60|0x0000000083c00000, 0x0000000083d00000, 0x0000000083d00000|100%| O|  |TAMS 0x0000000083c00000, 0x0000000083c00000| Untracked 
|  61|0x0000000083d00000, 0x0000000083e00000, 0x0000000083e00000|100%| O|  |TAMS 0x0000000083d00000, 0x0000000083d00000| Untracked 
|  62|0x0000000083e00000, 0x0000000083f00000, 0x0000000083f00000|100%| O|  |TAMS 0x0000000083e00000, 0x0000000083e00000| Untracked 
|  63|0x0000000083f00000, 0x0000000084000000, 0x0000000084000000|100%| O|  |TAMS 0x0000000083f00000, 0x0000000083f00000| Untracked 
|  64|0x0000000084000000, 0x0000000084100000, 0x0000000084100000|100%| O|  |TAMS 0x0000000084000000, 0x0000000084000000| Untracked 
|  65|0x0000000084100000, 0x0000000084200000, 0x0000000084200000|100%| O|  |TAMS 0x0000000084100000, 0x0000000084100000| Untracked 
|  66|0x0000000084200000, 0x0000000084300000, 0x0000000084300000|100%| O|  |TAMS 0x0000000084200000, 0x0000000084200000| Untracked 
|  67|0x0000000084300000, 0x0000000084400000, 0x0000000084400000|100%| O|  |TAMS 0x0000000084300000, 0x0000000084300000| Untracked 
|  68|0x0000000084400000, 0x0000000084500000, 0x0000000084500000|100%| O|  |TAMS 0x0000000084400000, 0x0000000084400000| Untracked 
|  69|0x0000000084500000, 0x0000000084600000, 0x0000000084600000|100%| O|  |TAMS 0x0000000084500000, 0x0000000084500000| Untracked 
|  70|0x0000000084600000, 0x0000000084700000, 0x0000000084700000|100%| O|  |TAMS 0x0000000084600000, 0x0000000084600000| Untracked 
|  71|0x0000000084700000, 0x0000000084800000, 0x0000000084800000|100%| O|  |TAMS 0x0000000084700000, 0x0000000084700000| Untracked 
|  72|0x0000000084800000, 0x0000000084900000, 0x0000000084900000|100%| O|  |TAMS 0x0000000084800000, 0x0000000084800000| Untracked 
|  73|0x0000000084900000, 0x0000000084a00000, 0x0000000084a00000|100%| O|  |TAMS 0x0000000084900000, 0x0000000084900000| Untracked 
|  74|0x0000000084a00000, 0x0000000084b00000, 0x0000000084b00000|100%| O|  |TAMS 0x0000000084a00000, 0x0000000084a00000| Untracked 
|  75|0x0000000084b00000, 0x0000000084c00000, 0x0000000084c00000|100%| O|  |TAMS 0x0000000084b00000, 0x0000000084b00000| Untracked 
|  76|0x0000000084c00000, 0x0000000084d00000, 0x0000000084d00000|100%| O|  |TAMS 0x0000000084c00000, 0x0000000084c00000| Untracked 
|  77|0x0000000084d00000, 0x0000000084e00000, 0x0000000084e00000|100%| O|  |TAMS 0x0000000084d00000, 0x0000000084d00000| Untracked 
|  78|0x0000000084e00000, 0x0000000084f00000, 0x0000000084f00000|100%| O|  |TAMS 0x0000000084e00000, 0x0000000084e00000| Untracked 
|  79|0x0000000084f00000, 0x0000000085000000, 0x0000000085000000|100%| O|  |TAMS 0x0000000084f00000, 0x0000000084f00000| Untracked 
|  80|0x0000000085000000, 0x0000000085100000, 0x0000000085100000|100%| O|  |TAMS 0x0000000085000000, 0x0000000085000000| Untracked 
|  81|0x0000000085100000, 0x0000000085200000, 0x0000000085200000|100%| O|  |TAMS 0x0000000085100000, 0x0000000085100000| Untracked 
|  82|0x0000000085200000, 0x0000000085300000, 0x0000000085300000|100%| O|  |TAMS 0x0000000085200000, 0x0000000085200000| Untracked 
|  83|0x0000000085300000, 0x0000000085400000, 0x0000000085400000|100%| O|  |TAMS 0x0000000085300000, 0x0000000085300000| Untracked 
|  84|0x0000000085400000, 0x0000000085500000, 0x0000000085500000|100%| O|  |TAMS 0x0000000085400000, 0x0000000085400000| Untracked 
|  85|0x0000000085500000, 0x0000000085600000, 0x0000000085600000|100%| O|  |TAMS 0x0000000085500000, 0x0000000085500000| Untracked 
|  86|0x0000000085600000, 0x0000000085700000, 0x0000000085700000|100%| O|  |TAMS 0x0000000085600000, 0x0000000085600000| Untracked 
|  87|0x0000000085700000, 0x0000000085800000, 0x0000000085800000|100%| O|  |TAMS 0x0000000085700000, 0x0000000085700000| Untracked 
|  88|0x0000000085800000, 0x0000000085900000, 0x0000000085900000|100%| O|  |TAMS 0x0000000085800000, 0x0000000085800000| Untracked 
|  89|0x0000000085900000, 0x0000000085a00000, 0x0000000085a00000|100%| O|  |TAMS 0x0000000085900000, 0x0000000085900000| Untracked 
|  90|0x0000000085a00000, 0x0000000085b00000, 0x0000000085b00000|100%| O|  |TAMS 0x0000000085a00000, 0x0000000085a00000| Untracked 
|  91|0x0000000085b00000, 0x0000000085c00000, 0x0000000085c00000|100%| O|  |TAMS 0x0000000085b00000, 0x0000000085b00000| Untracked 
|  92|0x0000000085c00000, 0x0000000085d00000, 0x0000000085d00000|100%| O|  |TAMS 0x0000000085c00000, 0x0000000085c00000| Untracked 
|  93|0x0000000085d00000, 0x0000000085e00000, 0x0000000085e00000|100%| O|  |TAMS 0x0000000085d00000, 0x0000000085d00000| Untracked 
|  94|0x0000000085e00000, 0x0000000085f00000, 0x0000000085f00000|100%| O|  |TAMS 0x0000000085e00000, 0x0000000085e00000| Untracked 
|  95|0x0000000085f00000, 0x0000000086000000, 0x0000000086000000|100%| O|  |TAMS 0x0000000085f00000, 0x0000000085f00000| Untracked 
|  96|0x0000000086000000, 0x0000000086100000, 0x0000000086100000|100%| O|  |TAMS 0x0000000086000000, 0x0000000086000000| Untracked 
|  97|0x0000000086100000, 0x0000000086200000, 0x0000000086200000|100%| O|  |TAMS 0x0000000086100000, 0x0000000086100000| Untracked 
|  98|0x0000000086200000, 0x0000000086300000, 0x0000000086300000|100%| O|  |TAMS 0x0000000086200000, 0x0000000086200000| Untracked 
|  99|0x0000000086300000, 0x000000008638ee00, 0x0000000086400000| 55%| O|  |TAMS 0x0000000086300000, 0x0000000086300000| Untracked 
| 100|0x0000000086400000, 0x0000000086400000, 0x0000000086500000|  0%| F|  |TAMS 0x0000000086400000, 0x0000000086400000| Untracked 
| 101|0x0000000086500000, 0x0000000086500000, 0x0000000086600000|  0%| F|  |TAMS 0x0000000086500000, 0x0000000086500000| Untracked 
| 102|0x0000000086600000, 0x0000000086600000, 0x0000000086700000|  0%| F|  |TAMS 0x0000000086600000, 0x0000000086600000| Untracked 
| 103|0x0000000086700000, 0x0000000086700000, 0x0000000086800000|  0%| F|  |TAMS 0x0000000086700000, 0x0000000086700000| Untracked 
| 104|0x0000000086800000, 0x0000000086800000, 0x0000000086900000|  0%| F|  |TAMS 0x0000000086800000, 0x0000000086800000| Untracked 
| 105|0x0000000086900000, 0x0000000086900000, 0x0000000086a00000|  0%| F|  |TAMS 0x0000000086900000, 0x0000000086900000| Untracked 
| 106|0x0000000086a00000, 0x0000000086a00000, 0x0000000086b00000|  0%| F|  |TAMS 0x0000000086a00000, 0x0000000086a00000| Untracked 
| 107|0x0000000086b00000, 0x0000000086b00000, 0x0000000086c00000|  0%| F|  |TAMS 0x0000000086b00000, 0x0000000086b00000| Untracked 
| 108|0x0000000086c00000, 0x0000000086c00000, 0x0000000086d00000|  0%| F|  |TAMS 0x0000000086c00000, 0x0000000086c00000| Untracked 
| 109|0x0000000086d00000, 0x0000000086d00000, 0x0000000086e00000|  0%| F|  |TAMS 0x0000000086d00000, 0x0000000086d00000| Untracked 
| 110|0x0000000086e00000, 0x0000000086e00000, 0x0000000086f00000|  0%| F|  |TAMS 0x0000000086e00000, 0x0000000086e00000| Untracked 
| 111|0x0000000086f00000, 0x0000000087000000, 0x0000000087000000|100%| O|  |TAMS 0x0000000086f00000, 0x0000000086f00000| Untracked 
| 112|0x0000000087000000, 0x0000000087100000, 0x0000000087100000|100%| O|  |TAMS 0x0000000087000000, 0x0000000087000000| Untracked 
| 113|0x0000000087100000, 0x0000000087100000, 0x0000000087200000|  0%| F|  |TAMS 0x0000000087100000, 0x0000000087100000| Untracked 
| 114|0x0000000087200000, 0x0000000087200000, 0x0000000087300000|  0%| F|  |TAMS 0x0000000087200000, 0x0000000087200000| Untracked 
| 115|0x0000000087300000, 0x0000000087400000, 0x0000000087400000|100%| O|  |TAMS 0x0000000087300000, 0x0000000087300000| Untracked 
| 116|0x0000000087400000, 0x0000000087500000, 0x0000000087500000|100%| O|  |TAMS 0x0000000087400000, 0x0000000087400000| Untracked 
| 117|0x0000000087500000, 0x0000000087600000, 0x0000000087600000|100%| O|  |TAMS 0x0000000087500000, 0x0000000087500000| Untracked 
| 118|0x0000000087600000, 0x0000000087700000, 0x0000000087700000|100%| O|  |TAMS 0x0000000087600000, 0x0000000087600000| Untracked 
| 119|0x0000000087700000, 0x0000000087800000, 0x0000000087800000|100%| O|  |TAMS 0x0000000087700000, 0x0000000087700000| Untracked 
| 120|0x0000000087800000, 0x0000000087900000, 0x0000000087900000|100%| O|  |TAMS 0x0000000087800000, 0x0000000087800000| Untracked 
| 121|0x0000000087900000, 0x0000000087900000, 0x0000000087a00000|  0%| F|  |TAMS 0x0000000087900000, 0x0000000087900000| Untracked 
| 122|0x0000000087a00000, 0x0000000087a00000, 0x0000000087b00000|  0%| F|  |TAMS 0x0000000087a00000, 0x0000000087a00000| Untracked 
| 123|0x0000000087b00000, 0x0000000087b00000, 0x0000000087c00000|  0%| F|  |TAMS 0x0000000087b00000, 0x0000000087b00000| Untracked 
| 124|0x0000000087c00000, 0x0000000087c00000, 0x0000000087d00000|  0%| F|  |TAMS 0x0000000087c00000, 0x0000000087c00000| Untracked 
| 125|0x0000000087d00000, 0x0000000087d00000, 0x0000000087e00000|  0%| F|  |TAMS 0x0000000087d00000, 0x0000000087d00000| Untracked 
| 126|0x0000000087e00000, 0x0000000087f00000, 0x0000000087f00000|100%| O|  |TAMS 0x0000000087e00000, 0x0000000087e00000| Untracked 
| 127|0x0000000087f00000, 0x0000000087f00000, 0x0000000088000000|  0%| F|  |TAMS 0x0000000087f00000, 0x0000000087f00000| Untracked 
| 128|0x0000000088000000, 0x0000000088000000, 0x0000000088100000|  0%| F|  |TAMS 0x0000000088000000, 0x0000000088000000| Untracked 
| 129|0x0000000088100000, 0x0000000088100000, 0x0000000088200000|  0%| F|  |TAMS 0x0000000088100000, 0x0000000088100000| Untracked 
| 130|0x0000000088200000, 0x0000000088200000, 0x0000000088300000|  0%| F|  |TAMS 0x0000000088200000, 0x0000000088200000| Untracked 
| 131|0x0000000088300000, 0x0000000088300000, 0x0000000088400000|  0%| F|  |TAMS 0x0000000088300000, 0x0000000088300000| Untracked 
| 132|0x0000000088400000, 0x0000000088400000, 0x0000000088500000|  0%| F|  |TAMS 0x0000000088400000, 0x0000000088400000| Untracked 
| 133|0x0000000088500000, 0x0000000088500000, 0x0000000088600000|  0%| F|  |TAMS 0x0000000088500000, 0x0000000088500000| Untracked 
| 134|0x0000000088600000, 0x0000000088600000, 0x0000000088700000|  0%| F|  |TAMS 0x0000000088600000, 0x0000000088600000| Untracked 
| 135|0x0000000088700000, 0x0000000088700000, 0x0000000088800000|  0%| F|  |TAMS 0x0000000088700000, 0x0000000088700000| Untracked 
| 136|0x0000000088800000, 0x0000000088800000, 0x0000000088900000|  0%| F|  |TAMS 0x0000000088800000, 0x0000000088800000| Untracked 
| 137|0x0000000088900000, 0x0000000088900000, 0x0000000088a00000|  0%| F|  |TAMS 0x0000000088900000, 0x0000000088900000| Untracked 
| 138|0x0000000088a00000, 0x0000000088a00000, 0x0000000088b00000|  0%| F|  |TAMS 0x0000000088a00000, 0x0000000088a00000| Untracked 
| 139|0x0000000088b00000, 0x0000000088b00000, 0x0000000088c00000|  0%| F|  |TAMS 0x0000000088b00000, 0x0000000088b00000| Untracked 
| 140|0x0000000088c00000, 0x0000000088c00000, 0x0000000088d00000|  0%| F|  |TAMS 0x0000000088c00000, 0x0000000088c00000| Untracked 
| 141|0x0000000088d00000, 0x0000000088d00000, 0x0000000088e00000|  0%| F|  |TAMS 0x0000000088d00000, 0x0000000088d00000| Untracked 
| 142|0x0000000088e00000, 0x0000000088e00000, 0x0000000088f00000|  0%| F|  |TAMS 0x0000000088e00000, 0x0000000088e00000| Untracked 
| 143|0x0000000088f00000, 0x0000000088f00000, 0x0000000089000000|  0%| F|  |TAMS 0x0000000088f00000, 0x0000000088f00000| Untracked 
| 144|0x0000000089000000, 0x0000000089000000, 0x0000000089100000|  0%| F|  |TAMS 0x0000000089000000, 0x0000000089000000| Untracked 
| 145|0x0000000089100000, 0x0000000089100000, 0x0000000089200000|  0%| F|  |TAMS 0x0000000089100000, 0x0000000089100000| Untracked 
| 146|0x0000000089200000, 0x0000000089200000, 0x0000000089300000|  0%| F|  |TAMS 0x0000000089200000, 0x0000000089200000| Untracked 
| 147|0x0000000089300000, 0x00000000893c37e0, 0x0000000089400000| 76%| S|CS|TAMS 0x0000000089300000, 0x0000000089300000| Complete 
| 148|0x0000000089400000, 0x0000000089500000, 0x0000000089500000|100%| S|CS|TAMS 0x0000000089400000, 0x0000000089400000| Complete 
| 149|0x0000000089500000, 0x0000000089500000, 0x0000000089600000|  0%| F|  |TAMS 0x0000000089500000, 0x0000000089500000| Untracked 
| 150|0x0000000089600000, 0x0000000089700000, 0x0000000089700000|100%| S|CS|TAMS 0x0000000089600000, 0x0000000089600000| Complete 
| 151|0x0000000089700000, 0x0000000089700000, 0x0000000089800000|  0%| F|  |TAMS 0x0000000089700000, 0x0000000089700000| Untracked 
| 152|0x0000000089800000, 0x0000000089800000, 0x0000000089900000|  0%| F|  |TAMS 0x0000000089800000, 0x0000000089800000| Untracked 
| 153|0x0000000089900000, 0x0000000089900000, 0x0000000089a00000|  0%| F|  |TAMS 0x0000000089900000, 0x0000000089900000| Untracked 
| 154|0x0000000089a00000, 0x0000000089a00000, 0x0000000089b00000|  0%| F|  |TAMS 0x0000000089a00000, 0x0000000089a00000| Untracked 
| 155|0x0000000089b00000, 0x0000000089b00000, 0x0000000089c00000|  0%| F|  |TAMS 0x0000000089b00000, 0x0000000089b00000| Untracked 
| 156|0x0000000089c00000, 0x0000000089c00000, 0x0000000089d00000|  0%| F|  |TAMS 0x0000000089c00000, 0x0000000089c00000| Untracked 
| 157|0x0000000089d00000, 0x0000000089d00000, 0x0000000089e00000|  0%| F|  |TAMS 0x0000000089d00000, 0x0000000089d00000| Untracked 
| 158|0x0000000089e00000, 0x0000000089e00000, 0x0000000089f00000|  0%| F|  |TAMS 0x0000000089e00000, 0x0000000089e00000| Untracked 
| 159|0x0000000089f00000, 0x0000000089f00000, 0x000000008a000000|  0%| F|  |TAMS 0x0000000089f00000, 0x0000000089f00000| Untracked 
| 160|0x000000008a000000, 0x000000008a000000, 0x000000008a100000|  0%| F|  |TAMS 0x000000008a000000, 0x000000008a000000| Untracked 
| 161|0x000000008a100000, 0x000000008a100000, 0x000000008a200000|  0%| F|  |TAMS 0x000000008a100000, 0x000000008a100000| Untracked 
| 162|0x000000008a200000, 0x000000008a200000, 0x000000008a300000|  0%| F|  |TAMS 0x000000008a200000, 0x000000008a200000| Untracked 
| 163|0x000000008a300000, 0x000000008a300000, 0x000000008a400000|  0%| F|  |TAMS 0x000000008a300000, 0x000000008a300000| Untracked 
| 164|0x000000008a400000, 0x000000008a400000, 0x000000008a500000|  0%| F|  |TAMS 0x000000008a400000, 0x000000008a400000| Untracked 
| 165|0x000000008a500000, 0x000000008a500000, 0x000000008a600000|  0%| F|  |TAMS 0x000000008a500000, 0x000000008a500000| Untracked 
| 166|0x000000008a600000, 0x000000008a600000, 0x000000008a700000|  0%| F|  |TAMS 0x000000008a600000, 0x000000008a600000| Untracked 
| 167|0x000000008a700000, 0x000000008a700000, 0x000000008a800000|  0%| F|  |TAMS 0x000000008a700000, 0x000000008a700000| Untracked 
| 168|0x000000008a800000, 0x000000008a800000, 0x000000008a900000|  0%| F|  |TAMS 0x000000008a800000, 0x000000008a800000| Untracked 
| 169|0x000000008a900000, 0x000000008a900000, 0x000000008aa00000|  0%| F|  |TAMS 0x000000008a900000, 0x000000008a900000| Untracked 
| 170|0x000000008aa00000, 0x000000008aa00000, 0x000000008ab00000|  0%| F|  |TAMS 0x000000008aa00000, 0x000000008aa00000| Untracked 
| 171|0x000000008ab00000, 0x000000008ab00000, 0x000000008ac00000|  0%| F|  |TAMS 0x000000008ab00000, 0x000000008ab00000| Untracked 
| 172|0x000000008ac00000, 0x000000008ac00000, 0x000000008ad00000|  0%| F|  |TAMS 0x000000008ac00000, 0x000000008ac00000| Untracked 
| 173|0x000000008ad00000, 0x000000008ad00000, 0x000000008ae00000|  0%| F|  |TAMS 0x000000008ad00000, 0x000000008ad00000| Untracked 
| 174|0x000000008ae00000, 0x000000008ae00000, 0x000000008af00000|  0%| F|  |TAMS 0x000000008ae00000, 0x000000008ae00000| Untracked 
| 175|0x000000008af00000, 0x000000008af00000, 0x000000008b000000|  0%| F|  |TAMS 0x000000008af00000, 0x000000008af00000| Untracked 
| 176|0x000000008b000000, 0x000000008b000000, 0x000000008b100000|  0%| F|  |TAMS 0x000000008b000000, 0x000000008b000000| Untracked 
| 177|0x000000008b100000, 0x000000008b100000, 0x000000008b200000|  0%| F|  |TAMS 0x000000008b100000, 0x000000008b100000| Untracked 
| 178|0x000000008b200000, 0x000000008b200000, 0x000000008b300000|  0%| F|  |TAMS 0x000000008b200000, 0x000000008b200000| Untracked 
| 179|0x000000008b300000, 0x000000008b300000, 0x000000008b400000|  0%| F|  |TAMS 0x000000008b300000, 0x000000008b300000| Untracked 
| 180|0x000000008b400000, 0x000000008b400000, 0x000000008b500000|  0%| F|  |TAMS 0x000000008b400000, 0x000000008b400000| Untracked 
| 181|0x000000008b500000, 0x000000008b500000, 0x000000008b600000|  0%| F|  |TAMS 0x000000008b500000, 0x000000008b500000| Untracked 
| 182|0x000000008b600000, 0x000000008b600000, 0x000000008b700000|  0%| F|  |TAMS 0x000000008b600000, 0x000000008b600000| Untracked 
| 183|0x000000008b700000, 0x000000008b700000, 0x000000008b800000|  0%| F|  |TAMS 0x000000008b700000, 0x000000008b700000| Untracked 
| 184|0x000000008b800000, 0x000000008b800000, 0x000000008b900000|  0%| F|  |TAMS 0x000000008b800000, 0x000000008b800000| Untracked 
| 185|0x000000008b900000, 0x000000008b900000, 0x000000008ba00000|  0%| F|  |TAMS 0x000000008b900000, 0x000000008b900000| Untracked 
| 186|0x000000008ba00000, 0x000000008ba00000, 0x000000008bb00000|  0%| F|  |TAMS 0x000000008ba00000, 0x000000008ba00000| Untracked 
| 187|0x000000008bb00000, 0x000000008bb00000, 0x000000008bc00000|  0%| F|  |TAMS 0x000000008bb00000, 0x000000008bb00000| Untracked 
| 188|0x000000008bc00000, 0x000000008bc00000, 0x000000008bd00000|  0%| F|  |TAMS 0x000000008bc00000, 0x000000008bc00000| Untracked 
| 189|0x000000008bd00000, 0x000000008bd00000, 0x000000008be00000|  0%| F|  |TAMS 0x000000008bd00000, 0x000000008bd00000| Untracked 
| 190|0x000000008be00000, 0x000000008be00000, 0x000000008bf00000|  0%| F|  |TAMS 0x000000008be00000, 0x000000008be00000| Untracked 
| 191|0x000000008bf00000, 0x000000008bf00000, 0x000000008c000000|  0%| F|  |TAMS 0x000000008bf00000, 0x000000008bf00000| Untracked 
| 192|0x000000008c000000, 0x000000008c000000, 0x000000008c100000|  0%| F|  |TAMS 0x000000008c000000, 0x000000008c000000| Untracked 
| 193|0x000000008c100000, 0x000000008c100000, 0x000000008c200000|  0%| F|  |TAMS 0x000000008c100000, 0x000000008c100000| Untracked 
| 194|0x000000008c200000, 0x000000008c200000, 0x000000008c300000|  0%| F|  |TAMS 0x000000008c200000, 0x000000008c200000| Untracked 
| 195|0x000000008c300000, 0x000000008c300000, 0x000000008c400000|  0%| F|  |TAMS 0x000000008c300000, 0x000000008c300000| Untracked 
| 196|0x000000008c400000, 0x000000008c400000, 0x000000008c500000|  0%| F|  |TAMS 0x000000008c400000, 0x000000008c400000| Untracked 
| 197|0x000000008c500000, 0x000000008c500000, 0x000000008c600000|  0%| F|  |TAMS 0x000000008c500000, 0x000000008c500000| Untracked 
| 198|0x000000008c600000, 0x000000008c600000, 0x000000008c700000|  0%| F|  |TAMS 0x000000008c600000, 0x000000008c600000| Untracked 
| 199|0x000000008c700000, 0x000000008c700000, 0x000000008c800000|  0%| F|  |TAMS 0x000000008c700000, 0x000000008c700000| Untracked 
| 200|0x000000008c800000, 0x000000008c800000, 0x000000008c900000|  0%| F|  |TAMS 0x000000008c800000, 0x000000008c800000| Untracked 
| 201|0x000000008c900000, 0x000000008c900000, 0x000000008ca00000|  0%| F|  |TAMS 0x000000008c900000, 0x000000008c900000| Untracked 
| 202|0x000000008ca00000, 0x000000008ca00000, 0x000000008cb00000|  0%| F|  |TAMS 0x000000008ca00000, 0x000000008ca00000| Untracked 
| 203|0x000000008cb00000, 0x000000008cb00000, 0x000000008cc00000|  0%| F|  |TAMS 0x000000008cb00000, 0x000000008cb00000| Untracked 
| 204|0x000000008cc00000, 0x000000008cc00000, 0x000000008cd00000|  0%| F|  |TAMS 0x000000008cc00000, 0x000000008cc00000| Untracked 
| 205|0x000000008cd00000, 0x000000008cd00000, 0x000000008ce00000|  0%| F|  |TAMS 0x000000008cd00000, 0x000000008cd00000| Untracked 
| 206|0x000000008ce00000, 0x000000008ce00000, 0x000000008cf00000|  0%| F|  |TAMS 0x000000008ce00000, 0x000000008ce00000| Untracked 
| 207|0x000000008cf00000, 0x000000008cf00000, 0x000000008d000000|  0%| F|  |TAMS 0x000000008cf00000, 0x000000008cf00000| Untracked 
| 208|0x000000008d000000, 0x000000008d000000, 0x000000008d100000|  0%| F|  |TAMS 0x000000008d000000, 0x000000008d000000| Untracked 
| 209|0x000000008d100000, 0x000000008d100000, 0x000000008d200000|  0%| F|  |TAMS 0x000000008d100000, 0x000000008d100000| Untracked 
| 210|0x000000008d200000, 0x000000008d200000, 0x000000008d300000|  0%| F|  |TAMS 0x000000008d200000, 0x000000008d200000| Untracked 
| 211|0x000000008d300000, 0x000000008d300000, 0x000000008d400000|  0%| F|  |TAMS 0x000000008d300000, 0x000000008d300000| Untracked 
| 212|0x000000008d400000, 0x000000008d400000, 0x000000008d500000|  0%| F|  |TAMS 0x000000008d400000, 0x000000008d400000| Untracked 
| 213|0x000000008d500000, 0x000000008d500000, 0x000000008d600000|  0%| F|  |TAMS 0x000000008d500000, 0x000000008d500000| Untracked 
| 214|0x000000008d600000, 0x000000008d600000, 0x000000008d700000|  0%| F|  |TAMS 0x000000008d600000, 0x000000008d600000| Untracked 
| 215|0x000000008d700000, 0x000000008d700000, 0x000000008d800000|  0%| F|  |TAMS 0x000000008d700000, 0x000000008d700000| Untracked 
| 216|0x000000008d800000, 0x000000008d800000, 0x000000008d900000|  0%| F|  |TAMS 0x000000008d800000, 0x000000008d800000| Untracked 
| 217|0x000000008d900000, 0x000000008d900000, 0x000000008da00000|  0%| F|  |TAMS 0x000000008d900000, 0x000000008d900000| Untracked 
| 218|0x000000008da00000, 0x000000008da00000, 0x000000008db00000|  0%| F|  |TAMS 0x000000008da00000, 0x000000008da00000| Untracked 
| 219|0x000000008db00000, 0x000000008db00000, 0x000000008dc00000|  0%| F|  |TAMS 0x000000008db00000, 0x000000008db00000| Untracked 
| 220|0x000000008dc00000, 0x000000008dc00000, 0x000000008dd00000|  0%| F|  |TAMS 0x000000008dc00000, 0x000000008dc00000| Untracked 
| 221|0x000000008dd00000, 0x000000008dd00000, 0x000000008de00000|  0%| F|  |TAMS 0x000000008dd00000, 0x000000008dd00000| Untracked 
| 222|0x000000008de00000, 0x000000008de00000, 0x000000008df00000|  0%| F|  |TAMS 0x000000008de00000, 0x000000008de00000| Untracked 
| 223|0x000000008df00000, 0x000000008df00000, 0x000000008e000000|  0%| F|  |TAMS 0x000000008df00000, 0x000000008df00000| Untracked 
| 224|0x000000008e000000, 0x000000008e000000, 0x000000008e100000|  0%| F|  |TAMS 0x000000008e000000, 0x000000008e000000| Untracked 
| 225|0x000000008e100000, 0x000000008e100000, 0x000000008e200000|  0%| F|  |TAMS 0x000000008e100000, 0x000000008e100000| Untracked 
| 226|0x000000008e200000, 0x000000008e200000, 0x000000008e300000|  0%| F|  |TAMS 0x000000008e200000, 0x000000008e200000| Untracked 
| 227|0x000000008e300000, 0x000000008e300000, 0x000000008e400000|  0%| F|  |TAMS 0x000000008e300000, 0x000000008e300000| Untracked 
| 228|0x000000008e400000, 0x000000008e400000, 0x000000008e500000|  0%| F|  |TAMS 0x000000008e400000, 0x000000008e400000| Untracked 
| 229|0x000000008e500000, 0x000000008e500000, 0x000000008e600000|  0%| F|  |TAMS 0x000000008e500000, 0x000000008e500000| Untracked 
| 230|0x000000008e600000, 0x000000008e600000, 0x000000008e700000|  0%| F|  |TAMS 0x000000008e600000, 0x000000008e600000| Untracked 
| 231|0x000000008e700000, 0x000000008e700000, 0x000000008e800000|  0%| F|  |TAMS 0x000000008e700000, 0x000000008e700000| Untracked 
| 232|0x000000008e800000, 0x000000008e800000, 0x000000008e900000|  0%| F|  |TAMS 0x000000008e800000, 0x000000008e800000| Untracked 
| 233|0x000000008e900000, 0x000000008e900000, 0x000000008ea00000|  0%| F|  |TAMS 0x000000008e900000, 0x000000008e900000| Untracked 
| 234|0x000000008ea00000, 0x000000008ea00000, 0x000000008eb00000|  0%| F|  |TAMS 0x000000008ea00000, 0x000000008ea00000| Untracked 
| 235|0x000000008eb00000, 0x000000008eb00000, 0x000000008ec00000|  0%| F|  |TAMS 0x000000008eb00000, 0x000000008eb00000| Untracked 
| 236|0x000000008ec00000, 0x000000008ec00000, 0x000000008ed00000|  0%| F|  |TAMS 0x000000008ec00000, 0x000000008ec00000| Untracked 
| 237|0x000000008ed00000, 0x000000008ed00000, 0x000000008ee00000|  0%| F|  |TAMS 0x000000008ed00000, 0x000000008ed00000| Untracked 
| 238|0x000000008ee00000, 0x000000008ee00000, 0x000000008ef00000|  0%| F|  |TAMS 0x000000008ee00000, 0x000000008ee00000| Untracked 
| 239|0x000000008ef00000, 0x000000008ef00000, 0x000000008f000000|  0%| F|  |TAMS 0x000000008ef00000, 0x000000008ef00000| Untracked 
| 240|0x000000008f000000, 0x000000008f000000, 0x000000008f100000|  0%| F|  |TAMS 0x000000008f000000, 0x000000008f000000| Untracked 
| 241|0x000000008f100000, 0x000000008f100000, 0x000000008f200000|  0%| F|  |TAMS 0x000000008f100000, 0x000000008f100000| Untracked 
| 242|0x000000008f200000, 0x000000008f200000, 0x000000008f300000|  0%| F|  |TAMS 0x000000008f200000, 0x000000008f200000| Untracked 
| 243|0x000000008f300000, 0x000000008f300000, 0x000000008f400000|  0%| F|  |TAMS 0x000000008f300000, 0x000000008f300000| Untracked 
| 244|0x000000008f400000, 0x000000008f400000, 0x000000008f500000|  0%| F|  |TAMS 0x000000008f400000, 0x000000008f400000| Untracked 
| 245|0x000000008f500000, 0x000000008f500000, 0x000000008f600000|  0%| F|  |TAMS 0x000000008f500000, 0x000000008f500000| Untracked 
| 246|0x000000008f600000, 0x000000008f600000, 0x000000008f700000|  0%| F|  |TAMS 0x000000008f600000, 0x000000008f600000| Untracked 
| 247|0x000000008f700000, 0x000000008f700000, 0x000000008f800000|  0%| F|  |TAMS 0x000000008f700000, 0x000000008f700000| Untracked 
| 248|0x000000008f800000, 0x000000008f800000, 0x000000008f900000|  0%| F|  |TAMS 0x000000008f800000, 0x000000008f800000| Untracked 
| 249|0x000000008f900000, 0x000000008f900000, 0x000000008fa00000|  0%| F|  |TAMS 0x000000008f900000, 0x000000008f900000| Untracked 
| 250|0x000000008fa00000, 0x000000008fa00000, 0x000000008fb00000|  0%| F|  |TAMS 0x000000008fa00000, 0x000000008fa00000| Untracked 
| 251|0x000000008fb00000, 0x000000008fb00000, 0x000000008fc00000|  0%| F|  |TAMS 0x000000008fb00000, 0x000000008fb00000| Untracked 
| 252|0x000000008fc00000, 0x000000008fc00000, 0x000000008fd00000|  0%| F|  |TAMS 0x000000008fc00000, 0x000000008fc00000| Untracked 
| 253|0x000000008fd00000, 0x000000008fd00000, 0x000000008fe00000|  0%| F|  |TAMS 0x000000008fd00000, 0x000000008fd00000| Untracked 
| 254|0x000000008fe00000, 0x000000008fe00000, 0x000000008ff00000|  0%| F|  |TAMS 0x000000008fe00000, 0x000000008fe00000| Untracked 
| 255|0x000000008ff00000, 0x000000008ff00000, 0x0000000090000000|  0%| F|  |TAMS 0x000000008ff00000, 0x000000008ff00000| Untracked 

Card table byte_map: [0x000002232c0e0000,0x000002232c4e0000] _byte_map_base: 0x000002232bce0000

Marking Bits (Prev, Next): (CMBitMap*) 0x0000022319872870, (CMBitMap*) 0x0000022319872830
 Prev Bits: [0x000002232e8e0000, 0x00000223308e0000)
 Next Bits: [0x000002232c8e0000, 0x000002232e8e0000)

Polling page: 0x00000223179b0000

Metaspace:

Usage:
  Non-class:     84.27 MB used.
      Class:     13.13 MB used.
       Both:     97.40 MB used.

Virtual space:
  Non-class space:       88.00 MB reserved,      84.62 MB ( 96%) committed,  11 nodes.
      Class space:        1.00 GB reserved,      13.44 MB (  1%) committed,  1 nodes.
             Both:        1.09 GB reserved,      98.06 MB (  9%) committed. 

Chunk freelists:
   Non-Class:  2.84 MB
       Class:  2.53 MB
        Both:  5.38 MB

MaxMetaspaceSize: unlimited
CompressedClassSpaceSize: 1.00 GB
Initial GC threshold: 21.00 MB
Current GC threshold: 118.25 MB
CDS: off
MetaspaceReclaimPolicy: balanced
 - commit_granule_bytes: 65536.
 - commit_granule_words: 8192.
 - virtual_space_node_default_size: 1048576.
 - enlarge_chunks_in_place: 1.
 - new_chunks_are_fully_committed: 0.
 - uncommit_free_chunks: 1.
 - use_allocation_guard: 0.
 - handle_deallocations: 1.


Internal statistics:

num_allocs_failed_limit: 6.
num_arena_births: 990.
num_arena_deaths: 0.
num_vsnodes_births: 12.
num_vsnodes_deaths: 0.
num_space_committed: 1569.
num_space_uncommitted: 0.
num_chunks_returned_to_freelist: 6.
num_chunks_taken_from_freelist: 4554.
num_chunk_merges: 6.
num_chunk_splits: 2984.
num_chunks_enlarged: 1968.
num_purges: 0.
num_inconsistent_stats: 0.

CodeHeap 'non-profiled nmethods': size=120000Kb used=6550Kb max_used=6550Kb free=113449Kb
 bounds [0x00000223247b0000, 0x0000022324e20000, 0x000002232bce0000]
CodeHeap 'profiled nmethods': size=120000Kb used=21435Kb max_used=21435Kb free=98564Kb
 bounds [0x000002231cce0000, 0x000002231e1d0000, 0x0000022324210000]
CodeHeap 'non-nmethods': size=5760Kb used=2423Kb max_used=2497Kb free=3336Kb
 bounds [0x0000022324210000, 0x00000223244a0000, 0x00000223247b0000]
 total_blobs=11884 nmethods=10921 adapters=875
 compilation: enabled
              stopped_count=0, restarted_count=0
 full_count=0

Compilation events (20 events):
Event: 24.610 Thread 0x00000223338d5e90 12624       3       org.gradle.internal.Deferrable$$Lambda$1132/0x0000000100c5faa0::<init> (15 bytes)
Event: 24.610 Thread 0x00000223338d5e90 nmethod 12624 0x000002231e1cd790 code [0x000002231e1cd940, 0x000002231e1cdb58]
Event: 24.611 Thread 0x00000223338d5e90 12626       3       org.gradle.internal.Deferrable$2::getCompleted (8 bytes)
Event: 24.611 Thread 0x00000223338d5e90 nmethod 12626 0x000002231e1cdc10 code [0x000002231e1cdde0, 0x000002231e1ce208]
Event: 24.613 Thread 0x0000022338ea5770 nmethod 12588 0x0000022324e0e510 code [0x0000022324e0e6a0, 0x0000022324e0ec78]
Event: 24.613 Thread 0x0000022338ea5770 12627   !   4       org.gradle.internal.execution.impl.DefaultInputFingerprinter$InputCollectingVisitor::visitInputProperty (115 bytes)
Event: 24.654 Thread 0x00000223338d5e90 12628       3       kotlin.reflect.jvm.internal.ReflectProperties::lazySoft (18 bytes)
Event: 24.654 Thread 0x00000223338d5e90 nmethod 12628 0x000002231e1ce390 code [0x000002231e1ce540, 0x000002231e1ce738]
Event: 24.654 Thread 0x00000223338d5e90 12629       3       kotlin.reflect.jvm.internal.ReflectProperties$LazySoftVal::<init> (43 bytes)
Event: 24.655 Thread 0x00000223338d5e90 nmethod 12629 0x000002231e1ce810 code [0x000002231e1cea20, 0x000002231e1cf208]
Event: 24.655 Thread 0x00000223338d5e90 12630       1       kotlin.reflect.jvm.internal.KClassImpl::getJClass (5 bytes)
Event: 24.655 Thread 0x00000223338d5e90 nmethod 12630 0x0000022324e0ed90 code [0x0000022324e0ef20, 0x0000022324e0eff8]
Event: 24.675 Thread 0x00000223338d5e90 12632       3       kotlin.reflect.jvm.internal.impl.renderer.DescriptorRendererOptionsImpl::property (20 bytes)
Event: 24.675 Thread 0x00000223338d5e90 nmethod 12632 0x000002231e1cf410 code [0x000002231e1cf5c0, 0x000002231e1cf8f8]
Event: 24.675 Thread 0x00000223338d5e90 12633       3       kotlin.reflect.jvm.internal.impl.renderer.DescriptorRendererOptionsImpl$property$$inlined$vetoable$1::<init> (11 bytes)
Event: 24.675 Thread 0x00000223338d5e90 nmethod 12633 0x000002231e1cfa10 code [0x000002231e1cfbc0, 0x000002231e1cfe38]
Event: 24.679 Thread 0x0000022338ea5770 nmethod 12627 0x0000022324e0f090 code [0x0000022324e0f360, 0x0000022324e11170]
Event: 24.679 Thread 0x0000022338ea5770 12631       4       org.gradle.internal.snapshot.VfsRelativePath::lengthOfCommonPrefix (173 bytes)
Event: 24.689 Thread 0x00000223338728d0 nmethod 12621 0x0000022324e12510 code [0x0000022324e12760, 0x0000022324e148b0]
Event: 24.689 Thread 0x00000223338728d0 12593   !   4       org.gradle.cache.internal.LockOnDemandCrossProcessCacheAccess::decrementLockCount (86 bytes)

GC Heap History (20 events):
Event: 12.757 GC heap after
{Heap after GC invocations=30 (full 0):
 garbage-first heap   total 106496K, used 53466K [0x0000000080000000, 0x0000000100000000)
  region size 1024K, 1 young (1024K), 1 survivors (1024K)
 Metaspace       used 69741K, committed 70336K, reserved 1114112K
  class space    used 9183K, committed 9472K, reserved 1048576K
}
Event: 13.151 GC heap before
{Heap before GC invocations=30 (full 0):
 garbage-first heap   total 106496K, used 78042K [0x0000000080000000, 0x0000000100000000)
  region size 1024K, 26 young (26624K), 1 survivors (1024K)
 Metaspace       used 71796K, committed 72384K, reserved 1114112K
  class space    used 9448K, committed 9728K, reserved 1048576K
}
Event: 13.155 GC heap after
{Heap after GC invocations=31 (full 0):
 garbage-first heap   total 204800K, used 55187K [0x0000000080000000, 0x0000000100000000)
  region size 1024K, 3 young (3072K), 3 survivors (3072K)
 Metaspace       used 71796K, committed 72384K, reserved 1114112K
  class space    used 9448K, committed 9728K, reserved 1048576K
}
Event: 14.227 GC heap before
{Heap before GC invocations=32 (full 0):
 garbage-first heap   total 198656K, used 129939K [0x0000000080000000, 0x0000000100000000)
  region size 1024K, 75 young (76800K), 3 survivors (3072K)
 Metaspace       used 75781K, committed 76352K, reserved 1122304K
  class space    used 10058K, committed 10304K, reserved 1048576K
}
Event: 14.238 GC heap after
{Heap after GC invocations=33 (full 0):
 garbage-first heap   total 198656K, used 60449K [0x0000000080000000, 0x0000000100000000)
  region size 1024K, 8 young (8192K), 8 survivors (8192K)
 Metaspace       used 75781K, committed 76352K, reserved 1122304K
  class space    used 10058K, committed 10304K, reserved 1048576K
}
Event: 14.258 GC heap before
{Heap before GC invocations=33 (full 0):
 garbage-first heap   total 198656K, used 61473K [0x0000000080000000, 0x0000000100000000)
  region size 1024K, 9 young (9216K), 8 survivors (8192K)
 Metaspace       used 75915K, committed 76544K, reserved 1122304K
  class space    used 10086K, committed 10368K, reserved 1048576K
}
Event: 14.268 GC heap after
{Heap after GC invocations=34 (full 0):
 garbage-first heap   total 198656K, used 61200K [0x0000000080000000, 0x0000000100000000)
  region size 1024K, 1 young (1024K), 1 survivors (1024K)
 Metaspace       used 75915K, committed 76544K, reserved 1122304K
  class space    used 10086K, committed 10368K, reserved 1048576K
}
Event: 15.460 GC heap before
{Heap before GC invocations=34 (full 0):
 garbage-first heap   total 198656K, used 143120K [0x0000000080000000, 0x0000000100000000)
  region size 1024K, 81 young (82944K), 1 survivors (1024K)
 Metaspace       used 81541K, committed 82112K, reserved 1122304K
  class space    used 11021K, committed 11264K, reserved 1048576K
}
Event: 15.473 GC heap after
{Heap after GC invocations=35 (full 0):
 garbage-first heap   total 198656K, used 66912K [0x0000000080000000, 0x0000000100000000)
  region size 1024K, 7 young (7168K), 7 survivors (7168K)
 Metaspace       used 81541K, committed 82112K, reserved 1122304K
  class space    used 11021K, committed 11264K, reserved 1048576K
}
Event: 19.197 GC heap before
{Heap before GC invocations=35 (full 0):
 garbage-first heap   total 198656K, used 147808K [0x0000000080000000, 0x0000000100000000)
  region size 1024K, 86 young (88064K), 7 survivors (7168K)
 Metaspace       used 87810K, committed 88448K, reserved 1130496K
  class space    used 11930K, committed 12224K, reserved 1048576K
}
Event: 19.215 GC heap after
{Heap after GC invocations=36 (full 0):
 garbage-first heap   total 198656K, used 75916K [0x0000000080000000, 0x0000000100000000)
  region size 1024K, 9 young (9216K), 9 survivors (9216K)
 Metaspace       used 87810K, committed 88448K, reserved 1130496K
  class space    used 11930K, committed 12224K, reserved 1048576K
}
Event: 20.822 GC heap before
{Heap before GC invocations=36 (full 0):
 garbage-first heap   total 198656K, used 149644K [0x0000000080000000, 0x0000000100000000)
  region size 1024K, 82 young (83968K), 9 survivors (9216K)
 Metaspace       used 90413K, committed 91136K, reserved 1130496K
  class space    used 12388K, committed 12736K, reserved 1048576K
}
Event: 20.840 GC heap after
{Heap after GC invocations=37 (full 0):
 garbage-first heap   total 198656K, used 83968K [0x0000000080000000, 0x0000000100000000)
  region size 1024K, 8 young (8192K), 8 survivors (8192K)
 Metaspace       used 90413K, committed 91136K, reserved 1130496K
  class space    used 12388K, committed 12736K, reserved 1048576K
}
Event: 22.221 GC heap before
{Heap before GC invocations=37 (full 0):
 garbage-first heap   total 198656K, used 154624K [0x0000000080000000, 0x0000000100000000)
  region size 1024K, 76 young (77824K), 8 survivors (8192K)
 Metaspace       used 94659K, committed 95296K, reserved 1138688K
  class space    used 12873K, committed 13184K, reserved 1048576K
}
Event: 22.243 GC heap after
{Heap after GC invocations=38 (full 0):
 garbage-first heap   total 198656K, used 102130K [0x0000000080000000, 0x0000000100000000)
  region size 1024K, 10 young (10240K), 10 survivors (10240K)
 Metaspace       used 94659K, committed 95296K, reserved 1138688K
  class space    used 12873K, committed 13184K, reserved 1048576K
}
Event: 23.206 GC heap before
{Heap before GC invocations=38 (full 0):
 garbage-first heap   total 198656K, used 164594K [0x0000000080000000, 0x0000000100000000)
  region size 1024K, 55 young (56320K), 10 survivors (10240K)
 Metaspace       used 97560K, committed 98176K, reserved 1138688K
  class space    used 13171K, committed 13440K, reserved 1048576K
}
Event: 23.226 GC heap after
{Heap after GC invocations=39 (full 0):
 garbage-first heap   total 198656K, used 107451K [0x0000000080000000, 0x0000000100000000)
  region size 1024K, 5 young (5120K), 5 survivors (5120K)
 Metaspace       used 97560K, committed 98176K, reserved 1138688K
  class space    used 13171K, committed 13440K, reserved 1048576K
}
Event: 24.022 GC heap before
{Heap before GC invocations=39 (full 0):
 garbage-first heap   total 198656K, used 151483K [0x0000000080000000, 0x0000000100000000)
  region size 1024K, 49 young (50176K), 5 survivors (5120K)
 Metaspace       used 97957K, committed 98624K, reserved 1138688K
  class space    used 13193K, committed 13504K, reserved 1048576K
}
Event: 24.041 GC heap after
{Heap after GC invocations=40 (full 0):
 garbage-first heap   total 198656K, used 111616K [0x0000000080000000, 0x0000000100000000)
  region size 1024K, 4 young (4096K), 4 survivors (4096K)
 Metaspace       used 97957K, committed 98624K, reserved 1138688K
  class space    used 13193K, committed 13504K, reserved 1048576K
}
Event: 24.692 GC heap before
{Heap before GC invocations=40 (full 0):
 garbage-first heap   total 198656K, used 154624K [0x0000000080000000, 0x0000000100000000)
  region size 1024K, 47 young (48128K), 4 survivors (4096K)
 Metaspace       used 99734K, committed 100416K, reserved 1138688K
  class space    used 13444K, committed 13760K, reserved 1048576K
}

Dll operation events (2 events):
Event: 0.010 Loaded shared library C:\Program Files\Android\Android Studio\jbr\bin\java.dll
Event: 1.367 Loaded shared library C:\Program Files\Android\Android Studio\jbr\bin\verify.dll

Deoptimization events (20 events):
Event: 24.491 Thread 0x00000223342c6760 Uncommon trap: trap_request=0xffffffd6 fr.pc=0x0000022324dfdb84 relative=0x0000000000001ca4
Event: 24.491 Thread 0x00000223342c6760 Uncommon trap: reason=array_check action=maybe_recompile pc=0x0000022324dfdb84 method=java.util.TimSort.reverseRange([Ljava/lang/Object;II)V @ 20 c2
Event: 24.491 Thread 0x000002233673d410 Uncommon trap: trap_request=0xffffffd6 fr.pc=0x0000022324dfdb84 relative=0x0000000000001ca4
Event: 24.491 Thread 0x000002233673d410 Uncommon trap: reason=array_check action=maybe_recompile pc=0x0000022324dfdb84 method=java.util.TimSort.reverseRange([Ljava/lang/Object;II)V @ 20 c2
Event: 24.491 Thread 0x000002233673d410 DEOPT PACKING pc=0x0000022324dfdb84 sp=0x0000004bdf6fce70
Event: 24.491 Thread 0x000002233673d410 DEOPT UNPACKING pc=0x00000223242669a3 sp=0x0000004bdf6fcd28 mode 2
Event: 24.491 Thread 0x00000223342c6760 DEOPT PACKING pc=0x0000022324dfdb84 sp=0x0000004be14fce60
Event: 24.491 Thread 0x00000223342c6760 DEOPT UNPACKING pc=0x00000223242669a3 sp=0x0000004be14fcd18 mode 2
Event: 24.582 Thread 0x000002233c5e0610 Uncommon trap: trap_request=0xffffffc6 fr.pc=0x0000022324b87220 relative=0x0000000000000100
Event: 24.582 Thread 0x000002233c5e0610 Uncommon trap: reason=bimorphic_or_optimized_type_check action=maybe_recompile pc=0x0000022324b87220 method=com.google.common.collect.RegularImmutableMap.checkNoConflictInKeyBucket(Ljava/lang/Object;Ljava/lang/Object;Lcom/google/common/collect/ImmutableMa
Event: 24.582 Thread 0x000002233c5e0610 DEOPT PACKING pc=0x0000022324b87220 sp=0x0000004be1dfd030
Event: 24.582 Thread 0x000002233c5e0610 DEOPT UNPACKING pc=0x00000223242669a3 sp=0x0000004be1dfcfc8 mode 2
Event: 24.606 Thread 0x000002233c5e0610 Uncommon trap: trap_request=0xffffffd6 fr.pc=0x0000022324e0bc5c relative=0x0000000000001efc
Event: 24.606 Thread 0x000002233c5e0610 Uncommon trap: reason=array_check action=maybe_recompile pc=0x0000022324e0bc5c method=java.util.TimSort.reverseRange([Ljava/lang/Object;II)V @ 27 c2
Event: 24.607 Thread 0x000002233673f5c0 Uncommon trap: trap_request=0xffffffd6 fr.pc=0x0000022324e0bc5c relative=0x0000000000001efc
Event: 24.607 Thread 0x000002233c5e0610 DEOPT PACKING pc=0x0000022324e0bc5c sp=0x0000004be1dfaf70
Event: 24.607 Thread 0x000002233c5e0610 DEOPT UNPACKING pc=0x00000223242669a3 sp=0x0000004be1dfae38 mode 2
Event: 24.607 Thread 0x000002233673f5c0 Uncommon trap: reason=array_check action=maybe_recompile pc=0x0000022324e0bc5c method=java.util.TimSort.reverseRange([Ljava/lang/Object;II)V @ 27 c2
Event: 24.607 Thread 0x000002233673f5c0 DEOPT PACKING pc=0x0000022324e0bc5c sp=0x0000004bdf7fcca0
Event: 24.607 Thread 0x000002233673f5c0 DEOPT UNPACKING pc=0x00000223242669a3 sp=0x0000004bdf7fcb68 mode 2

Classes unloaded (0 events):
No events

Classes redefined (0 events):
No events

Internal exceptions (20 events):
Event: 21.360 Thread 0x000002233c5e0610 Exception <a 'sun/nio/fs/WindowsException'{0x000000008a68a570}> (0x000000008a68a570) 
thrown [s\src\hotspot\share\prims\jni.cpp, line 517]
Event: 21.446 Thread 0x0000022335e70070 Exception <a 'java/lang/NoSuchMethodError'{0x000000008a4e1140}: static [Ljava/lang/Object;.<clinit>()V> (0x000000008a4e1140) 
thrown [s\src\hotspot\share\prims\jni.cpp, line 1108]
Event: 22.421 Thread 0x000002233c5e0610 Implicit null exception at 0x0000022324bd7d60 to 0x0000022324bd7e2c
Event: 22.687 Thread 0x000002233c5e0610 Exception <a 'java/lang/NoSuchMethodError'{0x000000008ad9e630}: static Lcom/android/ide/common/resources/CompileResourceRequest;.<clinit>()V> (0x000000008ad9e630) 
thrown [s\src\hotspot\share\prims\jni.cpp, line 1108]
Event: 22.698 Thread 0x000002233c5e0610 Exception <a 'java/lang/NoSuchMethodError'{0x000000008ac44430}: static Lkotlin/InitializedLazyImpl;.<clinit>()V> (0x000000008ac44430) 
thrown [s\src\hotspot\share\prims\jni.cpp, line 1108]
Event: 22.769 Thread 0x000002233c5e6650 Exception <a 'sun/nio/fs/WindowsException'{0x000000008a9ca7d8}> (0x000000008a9ca7d8) 
thrown [s\src\hotspot\share\prims\jni.cpp, line 517]
Event: 22.783 Thread 0x000002233c5e6650 Exception <a 'sun/nio/fs/WindowsException'{0x000000008a9cb9e0}> (0x000000008a9cb9e0) 
thrown [s\src\hotspot\share\prims\jni.cpp, line 517]
Event: 23.409 Thread 0x000002233c5e6180 Exception <a 'java/lang/NoSuchMethodError'{0x000000008b61c820}: static Lcom/android/build/gradle/internal/scope/InternalArtifactType;.<clinit>()V> (0x000000008b61c820) 
thrown [s\src\hotspot\share\prims\jni.cpp, line 1108]
Event: 23.409 Thread 0x000002233c5e6180 Exception <a 'java/lang/NoSuchMethodError'{0x000000008b61df60}: static Lcom/android/build/gradle/internal/scope/InternalArtifactType;.<clinit>()V> (0x000000008b61df60) 
thrown [s\src\hotspot\share\prims\jni.cpp, line 1108]
Event: 23.409 Thread 0x000002233c5e6180 Exception <a 'java/lang/NoSuchMethodError'{0x000000008b6210f0}: static Lcom/android/build/api/artifact/Artifact$Single;.<clinit>()V> (0x000000008b6210f0) 
thrown [s\src\hotspot\share\prims\jni.cpp, line 1108]
Event: 23.409 Thread 0x000002233c5e6180 Exception <a 'java/lang/NoSuchMethodError'{0x000000008b623668}: static Ljava/lang/Object;.<clinit>()V> (0x000000008b623668) 
thrown [s\src\hotspot\share\prims\jni.cpp, line 1108]
Event: 23.411 Thread 0x000002233c5e6180 Exception <a 'java/lang/NoSuchMethodError'{0x000000008b639ce8}: static Lcom/android/build/api/artifact/ArtifactKind;.<clinit>()V> (0x000000008b639ce8) 
thrown [s\src\hotspot\share\prims\jni.cpp, line 1108]
Event: 23.411 Thread 0x000002233c5e6180 Exception <a 'java/lang/NoSuchMethodError'{0x000000008b63aea8}: static Lcom/android/build/api/artifact/ArtifactKind;.<clinit>()V> (0x000000008b63aea8) 
thrown [s\src\hotspot\share\prims\jni.cpp, line 1108]
Event: 24.053 Thread 0x000002233c5e6180 Exception <a 'java/lang/NoSuchMethodError'{0x000000008fffe880}: static Lcom/android/builder/internal/aapt/AaptOptions;.<clinit>()V> (0x000000008fffe880) 
thrown [s\src\hotspot\share\prims\jni.cpp, line 1108]
Event: 24.057 Thread 0x000002233c5e6180 Exception <a 'java/lang/NoSuchMethodError'{0x000000008d5122a8}: static Ljava/lang/Object;.<clinit>()V> (0x000000008d5122a8) 
thrown [s\src\hotspot\share\prims\jni.cpp, line 1108]
Event: 24.059 Thread 0x000002233c5e6180 Exception <a 'java/lang/NoSuchMethodError'{0x000000008d5378c8}: static Lcom/android/build/api/variant/impl/VariantOutputImpl$SerializedForm;.<clinit>()V> (0x000000008d5378c8) 
thrown [s\src\hotspot\share\prims\jni.cpp, line 1108]
Event: 24.061 Thread 0x000002233c5e6180 Exception <a 'java/lang/NoSuchMethodError'{0x000000008d54a0f8}: static Lcom/android/build/api/variant/impl/VariantOutputConfigurationImpl;.<clinit>()V> (0x000000008d54a0f8) 
thrown [s\src\hotspot\share\prims\jni.cpp, line 1108]
Event: 24.086 Thread 0x000002233c5e0610 Exception <a 'sun/nio/fs/WindowsException'{0x000000008d59a150}> (0x000000008d59a150) 
thrown [s\src\hotspot\share\prims\jni.cpp, line 517]
Event: 24.103 Thread 0x000002233c5e0610 Exception <a 'java/lang/NoSuchMethodError'{0x000000008be1a6c8}: 'int java.lang.invoke.DirectMethodHandle$Holder.invokeSpecial(java.lang.Object, java.lang.Object, java.lang.Object, java.lang.Object, java.lang.Object)'> (0x000000008be1a6c8) 
thrown [s\src\hotspot\share\interpreter\linkResolver.cpp, line 771]
Event: 24.356 Thread 0x000002233c5e0610 Exception <a 'sun/nio/fs/WindowsException'{0x000000008b348e88}> (0x000000008b348e88) 
thrown [s\src\hotspot\share\prims\jni.cpp, line 517]

VM Operations (20 events):
Event: 23.227 Executing VM operation: G1CollectForAllocation done
Event: 23.429 Executing VM operation: HandshakeAllThreads
Event: 23.429 Executing VM operation: HandshakeAllThreads done
Event: 23.430 Executing VM operation: HandshakeAllThreads
Event: 23.430 Executing VM operation: HandshakeAllThreads done
Event: 23.676 Executing VM operation: ICBufferFull
Event: 23.676 Executing VM operation: ICBufferFull done
Event: 23.943 Executing VM operation: ICBufferFull
Event: 23.943 Executing VM operation: ICBufferFull done
Event: 23.972 Executing VM operation: HandshakeAllThreads
Event: 23.973 Executing VM operation: HandshakeAllThreads done
Event: 23.988 Executing VM operation: ICBufferFull
Event: 23.990 Executing VM operation: ICBufferFull done
Event: 24.022 Executing VM operation: G1CollectForAllocation
Event: 24.041 Executing VM operation: G1CollectForAllocation done
Event: 24.101 Executing VM operation: HandshakeAllThreads
Event: 24.101 Executing VM operation: HandshakeAllThreads done
Event: 24.605 Executing VM operation: ICBufferFull
Event: 24.606 Executing VM operation: ICBufferFull done
Event: 24.692 Executing VM operation: G1CollectForAllocation

Events (20 events):
Event: 23.156 loading class java/net/HttpURLConnection done
Event: 23.156 loading class sun/net/ProgressMonitor
Event: 23.157 loading class sun/net/ProgressMonitor done
Event: 23.157 loading class sun/net/DefaultProgressMeteringPolicy
Event: 23.157 loading class sun/net/ProgressMeteringPolicy
Event: 23.157 loading class sun/net/ProgressMeteringPolicy done
Event: 23.157 loading class sun/net/DefaultProgressMeteringPolicy done
Event: 23.190 loading class java/nio/channels/Channels$1
Event: 23.190 loading class java/nio/channels/Channels$1 done
Event: 23.975 Thread 0x00000223338e04b0 flushing nmethod 0x0000022324d51e10
Event: 23.977 Thread 0x00000223338e04b0 flushing nmethod 0x000002231ced8590
Event: 23.979 Thread 0x00000223338e04b0 flushing nmethod 0x000002231d174810
Event: 23.981 Thread 0x00000223338e04b0 flushing nmethod 0x000002231d4f6290
Event: 23.982 Thread 0x00000223338e04b0 flushing nmethod 0x000002231d564490
Event: 23.982 Thread 0x00000223338e04b0 flushing nmethod 0x000002231d637690
Event: 23.983 Thread 0x00000223338e04b0 flushing nmethod 0x000002231d6e2b10
Event: 23.983 Thread 0x00000223338e04b0 flushing nmethod 0x000002231d7a3690
Event: 23.985 Thread 0x00000223338e04b0 flushing nmethod 0x000002231da3aa90
Event: 23.991 Thread 0x00000223338e04b0 flushing nmethod 0x000002231ddebe10
Event: 24.063 Thread 0x000002233c5e1e20 Thread added: 0x000002233c5e1e20


Dynamic libraries:
0x00007ff604b30000 - 0x00007ff604b3a000 	C:\Program Files\Android\Android Studio\jbr\bin\java.exe
0x00007ff84d130000 - 0x00007ff84d347000 	C:\WINDOWS\SYSTEM32\ntdll.dll
0x00007ff84bc90000 - 0x00007ff84bd54000 	C:\WINDOWS\System32\KERNEL32.DLL
0x00007ff84a7d0000 - 0x00007ff84ab77000 	C:\WINDOWS\System32\KERNELBASE.dll
0x00007ff84ab80000 - 0x00007ff84ac91000 	C:\WINDOWS\System32\ucrtbase.dll
0x00007ffff6f30000 - 0x00007ffff6f47000 	C:\Program Files\Android\Android Studio\jbr\bin\jli.dll
0x00007ff84c8d0000 - 0x00007ff84ca7e000 	C:\WINDOWS\System32\USER32.dll
0x00007ff84a550000 - 0x00007ff84a576000 	C:\WINDOWS\System32\win32u.dll
0x00007ff84b740000 - 0x00007ff84b769000 	C:\WINDOWS\System32\GDI32.dll
0x00007ff84a580000 - 0x00007ff84a699000 	C:\WINDOWS\System32\gdi32full.dll
0x00007ff84a4b0000 - 0x00007ff84a54a000 	C:\WINDOWS\System32\msvcp_win.dll
0x00007fffda510000 - 0x00007fffda52b000 	C:\Program Files\Android\Android Studio\jbr\bin\VCRUNTIME140.dll
0x00007ff833f30000 - 0x00007ff8341c3000 	C:\WINDOWS\WinSxS\amd64_microsoft.windows.common-controls_6595b64144ccf1df_6.0.22621.2506_none_270c5ae97388e100\COMCTL32.dll
0x00007ff84bd60000 - 0x00007ff84be07000 	C:\WINDOWS\System32\msvcrt.dll
0x00007ff84bba0000 - 0x00007ff84bbd1000 	C:\WINDOWS\System32\IMM32.DLL
0x00007ffff93f0000 - 0x00007ffff93fc000 	C:\Program Files\Android\Android Studio\jbr\bin\vcruntime140_1.dll
0x00007fffd2710000 - 0x00007fffd279d000 	C:\Program Files\Android\Android Studio\jbr\bin\msvcp140.dll
0x00007fff9e7f0000 - 0x00007fff9f45d000 	C:\Program Files\Android\Android Studio\jbr\bin\server\jvm.dll
0x00007ff84baf0000 - 0x00007ff84bba0000 	C:\WINDOWS\System32\ADVAPI32.dll
0x00007ff84bbe0000 - 0x00007ff84bc86000 	C:\WINDOWS\System32\sechost.dll
0x00007ff84ca80000 - 0x00007ff84cb97000 	C:\WINDOWS\System32\RPCRT4.dll
0x00007ff8295a0000 - 0x00007ff8295a9000 	C:\WINDOWS\SYSTEM32\WSOCK32.dll
0x00007ff84b850000 - 0x00007ff84b8c1000 	C:\WINDOWS\System32\WS2_32.dll
0x00007ff83ed80000 - 0x00007ff83edb4000 	C:\WINDOWS\SYSTEM32\WINMM.dll
0x00007ff838b40000 - 0x00007ff838b4a000 	C:\WINDOWS\SYSTEM32\VERSION.dll
0x00007ff849450000 - 0x00007ff849468000 	C:\WINDOWS\SYSTEM32\kernel.appcore.dll
0x00007ff838c50000 - 0x00007ff838c5a000 	C:\Program Files\Android\Android Studio\jbr\bin\jimage.dll
0x00007ff8443a0000 - 0x00007ff8445d3000 	C:\WINDOWS\SYSTEM32\DBGHELP.DLL
0x00007ff84cba0000 - 0x00007ff84cf29000 	C:\WINDOWS\System32\combase.dll
0x00007ff84b770000 - 0x00007ff84b847000 	C:\WINDOWS\System32\OLEAUT32.dll
0x00007ff82b420000 - 0x00007ff82b452000 	C:\WINDOWS\SYSTEM32\dbgcore.DLL
0x00007ff84ae10000 - 0x00007ff84ae8a000 	C:\WINDOWS\System32\bcryptPrimitives.dll
0x00007ffff7550000 - 0x00007ffff7575000 	C:\Program Files\Android\Android Studio\jbr\bin\java.dll
0x00007ff82b3b0000 - 0x00007ff82b3c8000 	C:\Program Files\Android\Android Studio\jbr\bin\zip.dll
0x00007ff84bff0000 - 0x00007ff84c849000 	C:\WINDOWS\System32\SHELL32.dll
0x00007ff8482f0000 - 0x00007ff848be4000 	C:\WINDOWS\SYSTEM32\windows.storage.dll
0x00007ff8481b0000 - 0x00007ff8482ee000 	C:\WINDOWS\SYSTEM32\wintypes.dll
0x00007ff84be10000 - 0x00007ff84bf03000 	C:\WINDOWS\System32\SHCORE.dll
0x00007ff84b630000 - 0x00007ff84b68e000 	C:\WINDOWS\System32\shlwapi.dll
0x00007ff84a3e0000 - 0x00007ff84a406000 	C:\WINDOWS\SYSTEM32\profapi.dll
0x00007ff82a3a0000 - 0x00007ff82a3b9000 	C:\Program Files\Android\Android Studio\jbr\bin\net.dll
0x00007ff83fc60000 - 0x00007ff83fd97000 	C:\WINDOWS\SYSTEM32\WINHTTP.dll
0x00007ff849930000 - 0x00007ff849999000 	C:\WINDOWS\system32\mswsock.dll
0x00007ff8042a0000 - 0x00007ff8042b6000 	C:\Program Files\Android\Android Studio\jbr\bin\nio.dll
0x00007ff823790000 - 0x00007ff8237a0000 	C:\Program Files\Android\Android Studio\jbr\bin\verify.dll
0x00007ffff7000000 - 0x00007ffff7027000 	C:\Users\franc\.gradle\native\68d5fa5c4cc2d200863cafc0d521ce42e7d3e7ee720ec0a83991735586a16f82\windows-amd64\native-platform.dll
0x00007fffce310000 - 0x00007fffce454000 	C:\Users\franc\.gradle\native\e376f236ea51e6404a007f0833ffe2c6e607c4080706a723a18a27aeea778392\windows-amd64\native-platform-file-events.dll
0x00007ff82aaa0000 - 0x00007ff82aaa9000 	C:\Program Files\Android\Android Studio\jbr\bin\management.dll
0x00007ff82a780000 - 0x00007ff82a78b000 	C:\Program Files\Android\Android Studio\jbr\bin\management_ext.dll
0x00007ff84bf10000 - 0x00007ff84bf18000 	C:\WINDOWS\System32\PSAPI.DLL
0x00007ff849b80000 - 0x00007ff849b9b000 	C:\WINDOWS\SYSTEM32\CRYPTSP.dll
0x00007ff849410000 - 0x00007ff849445000 	C:\WINDOWS\system32\rsaenh.dll
0x00007ff849a20000 - 0x00007ff849a4c000 	C:\WINDOWS\SYSTEM32\USERENV.dll
0x00007ff849cf0000 - 0x00007ff849d18000 	C:\WINDOWS\SYSTEM32\bcrypt.dll
0x00007ff849ba0000 - 0x00007ff849bac000 	C:\WINDOWS\SYSTEM32\CRYPTBASE.dll
0x00007ff848d40000 - 0x00007ff848d6d000 	C:\WINDOWS\SYSTEM32\IPHLPAPI.DLL
0x00007ff84ae90000 - 0x00007ff84ae99000 	C:\WINDOWS\System32\NSI.dll
0x00007ff840cb0000 - 0x00007ff840cc9000 	C:\WINDOWS\SYSTEM32\dhcpcsvc6.DLL
0x00007ff8408d0000 - 0x00007ff8408ef000 	C:\WINDOWS\SYSTEM32\dhcpcsvc.DLL
0x00007ff848d70000 - 0x00007ff848e69000 	C:\WINDOWS\SYSTEM32\DNSAPI.dll
0x00007ff8219f0000 - 0x00007ff8219f8000 	C:\WINDOWS\system32\wshunix.dll
0x00007ff83d890000 - 0x00007ff83d89a000 	C:\Windows\System32\rasadhlp.dll
0x00007ff8413f0000 - 0x00007ff841473000 	C:\WINDOWS\System32\fwpuclnt.dll
0x00007ff8494d0000 - 0x00007ff849504000 	C:\WINDOWS\SYSTEM32\ntmarta.dll

dbghelp: loaded successfully - version: 4.0.5 - missing functions: none
symbol engine: initialized successfully - sym options: 0x614 - pdb path: .;C:\Program Files\Android\Android Studio\jbr\bin;C:\WINDOWS\SYSTEM32;C:\WINDOWS\WinSxS\amd64_microsoft.windows.common-controls_6595b64144ccf1df_6.0.22621.2506_none_270c5ae97388e100;C:\Program Files\Android\Android Studio\jbr\bin\server;C:\Users\franc\.gradle\native\68d5fa5c4cc2d200863cafc0d521ce42e7d3e7ee720ec0a83991735586a16f82\windows-amd64;C:\Users\franc\.gradle\native\e376f236ea51e6404a007f0833ffe2c6e607c4080706a723a18a27aeea778392\windows-amd64

VM Arguments:
jvm_args: --add-opens=java.base/java.util=ALL-UNNAMED --add-opens=java.base/java.lang=ALL-UNNAMED --add-opens=java.base/java.lang.invoke=ALL-UNNAMED --add-opens=java.prefs/java.util.prefs=ALL-UNNAMED --add-opens=java.base/java.nio.charset=ALL-UNNAMED --add-opens=java.base/java.net=ALL-UNNAMED --add-opens=java.base/java.util.concurrent.atomic=ALL-UNNAMED -Xmx2048m -Dfile.encoding=UTF-8 -Duser.country=US -Duser.language=en -Duser.variant 
java_command: org.gradle.launcher.daemon.bootstrap.GradleDaemon 8.0
java_class_path (initial): C:\Users\franc\.gradle\wrapper\dists\gradle-8.0-bin\ca5e32bp14vu59qr306oxotwh\gradle-8.0\lib\gradle-launcher-8.0.jar
Launcher Type: SUN_STANDARD

[Global flags]
     intx CICompilerCount                          = 3                                         {product} {ergonomic}
     uint ConcGCThreads                            = 1                                         {product} {ergonomic}
     uint G1ConcRefinementThreads                  = 4                                         {product} {ergonomic}
   size_t G1HeapRegionSize                         = 1048576                                   {product} {ergonomic}
    uintx GCDrainStackTargetSize                   = 64                                        {product} {ergonomic}
   size_t InitialHeapSize                          = 268435456                                 {product} {ergonomic}
   size_t MarkStackSize                            = 4194304                                   {product} {ergonomic}
   size_t MaxHeapSize                              = 2147483648                                {product} {command line}
   size_t MaxNewSize                               = 1287651328                                {product} {ergonomic}
   size_t MinHeapDeltaBytes                        = 1048576                                   {product} {ergonomic}
   size_t MinHeapSize                              = 8388608                                   {product} {ergonomic}
    uintx NonNMethodCodeHeapSize                   = 5832780                                {pd product} {ergonomic}
    uintx NonProfiledCodeHeapSize                  = 122912730                              {pd product} {ergonomic}
    uintx ProfiledCodeHeapSize                     = 122912730                              {pd product} {ergonomic}
    uintx ReservedCodeCacheSize                    = 251658240                              {pd product} {ergonomic}
     bool SegmentedCodeCache                       = true                                      {product} {ergonomic}
   size_t SoftMaxHeapSize                          = 2147483648                             {manageable} {ergonomic}
     bool UseCompressedClassPointers               = true                           {product lp64_product} {ergonomic}
     bool UseCompressedOops                        = true                           {product lp64_product} {ergonomic}
     bool UseG1GC                                  = true                                      {product} {ergonomic}
     bool UseLargePagesIndividualAllocation        = false                                  {pd product} {ergonomic}

Logging:
Log output configuration:
 #0: stdout all=warning uptime,level,tags
 #1: stderr all=off uptime,level,tags

Environment Variables:
PATH=C:\Program Files (x86)\Common Files\Oracle\Java\javapath;C:\Python311\Scripts\;C:\Python311\;C:\WINDOWS\system32;C:\WINDOWS;C:\WINDOWS\System32\Wbem;C:\WINDOWS\System32\WindowsPowerShell\v1.0\;C:\WINDOWS\System32\OpenSSH\;C:\Program Files\Microsoft SQL Server\150\Tools\Binn\;C:\Program Files\Microsoft SQL Server\Client SDK\ODBC\170\Tools\Binn\;C:\Program Files\dotnet\;C:\Program Files (x86)\Microsoft SQL Server\160\Tools\Binn\;C:\Program Files\Microsoft SQL Server\160\Tools\Binn\;C:\Program Files\Microsoft SQL Server\160\DTS\Binn\;C:\Program Files (x86)\Microsoft SQL Server\160\DTS\Binn\;C:\Program Files\Azure Data Studio\bin;C:\ProgramData\chocolatey\bin;C:\Program Files\nodejs\;C:\Program Files\Git\cmd;C:\Users\franc\AppData\Local\Microsoft\WindowsApps;C:\Users\franc\AppData\Local\Programs\Microsoft VS Code\bin;C:\Users\franc\.dotnet\tools;C:\Program Files\Azure Data Studio\bin;C:\Users\franc\AppData\Roaming\npm;C:\Program Files\JetBrains\IntelliJ IDEA 2023.2.1\bin;;C:\Program Files\Java\jdk-17\bin;
USERNAME=franc
OS=Windows_NT
PROCESSOR_IDENTIFIER=Intel64 Family 6 Model 142 Stepping 9, GenuineIntel
TMP=C:\Users\franc\AppData\Local\Temp
TEMP=C:\Users\franc\AppData\Local\Temp



---------------  S Y S T E M  ---------------

OS:
 Windows 11 , 64 bit Build 22621 (10.0.22621.2506)
OS uptime: 2 days 1:50 hours

CPU: total 4 (initial active 4) (2 cores per cpu, 2 threads per core) family 6 model 142 stepping 9 microcode 0xde, cx8, cmov, fxsr, ht, mmx, 3dnowpref, sse, sse2, sse3, ssse3, sse4.1, sse4.2, popcnt, lzcnt, tsc, tscinvbit, avx, avx2, aes, erms, clmul, bmi1, bmi2, rtm, adx, fma, vzeroupper, clflush, clflushopt

Memory: 4k page, system-wide physical 16259M (1952M free)
TotalPageFile size 27647M (AvailPageFile size 59M)
current process WorkingSet (physical memory assigned to process): 461M, peak: 461M
current process commit charge ("private bytes"): 550M, peak: 682M

vm_info: OpenJDK 64-Bit Server VM (17.0.6+0-b2043.56-9586694) for windows-amd64 JRE (17.0.6+0-b2043.56-9586694), built on Feb  9 2023 20:06:20 by "androidbuild" with MS VC++ 16.10 / 16.11 (VS2019)

END.
