#
# There is insufficient memory for the Java Runtime Environment to continue.
# Native memory allocation (mmap) failed to map 19922944 bytes for G1 virtual space
# Possible reasons:
#   The system is out of physical RAM or swap space
#   The process is running with CompressedOops enabled, and the Java Heap may be blocking the growth of the native heap
# Possible solutions:
#   Reduce memory load on the system
#   Increase physical memory or swap space
#   Check if swap backing store is full
#   Decrease Java heap size (-Xmx/-Xms)
#   Decrease number of Java threads
#   Decrease Java thread stack sizes (-Xss)
#   Set larger code cache with -XX:ReservedCodeCacheSize=
#   JVM is running with Unscaled Compressed Oops mode in which the Java heap is
#     placed in the first 4GB address space. The Java Heap base address is the
#     maximum limit for the native heap growth. Please use -XX:HeapBaseMinAddress
#     to set the Java Heap base and to place the Java Heap above 4GB virtual address.
# This output file may be truncated or incomplete.
#
#  Out of Memory Error (os_windows.cpp:3769), pid=38192, tid=17996
#
# JRE version: OpenJDK Runtime Environment (17.0.6) (build 17.0.6+0-b2043.56-9586694)
# Java VM: OpenJDK 64-Bit Server VM (17.0.6+0-b2043.56-9586694, mixed mode, tiered, compressed oops, compressed class ptrs, g1 gc, windows-amd64)
# No core dump will be written. Minidumps are not enabled by default on client versions of Windows
#

---------------  S U M M A R Y ------------

Command Line: --add-opens=java.base/java.util=ALL-UNNAMED --add-opens=java.base/java.lang=ALL-UNNAMED --add-opens=java.base/java.lang.invoke=ALL-UNNAMED --add-opens=java.prefs/java.util.prefs=ALL-UNNAMED --add-opens=java.base/java.nio.charset=ALL-UNNAMED --add-opens=java.base/java.net=ALL-UNNAMED --add-opens=java.base/java.util.concurrent.atomic=ALL-UNNAMED -Xmx2048m -Dfile.encoding=UTF-8 -Duser.country=US -Duser.language=en -Duser.variant org.gradle.launcher.daemon.bootstrap.GradleDaemon 8.0

Host: Intel(R) Core(TM) i5-7300U CPU @ 2.60GHz, 4 cores, 15G,  Windows 11 , 64 bit Build 22621 (10.0.22621.2506)
Time: Tue Nov  7 21:38:30 2023 E. Africa Standard Time elapsed time: 14.160000 seconds (0d 0h 0m 14s)

---------------  T H R E A D  ---------------

Current thread (0x000002390f53d3b0):  VMThread "VM Thread" [stack: 0x0000006fcb500000,0x0000006fcb600000] [id=17996]

Stack: [0x0000006fcb500000,0x0000006fcb600000]
Native frames: (J=compiled Java code, j=interpreted, Vv=VM code, C=native code)
V  [jvm.dll+0x683b4a]
V  [jvm.dll+0x842654]
V  [jvm.dll+0x843dfe]
V  [jvm.dll+0x844463]
V  [jvm.dll+0x249b75]
V  [jvm.dll+0x680a19]
V  [jvm.dll+0x674f0a]
V  [jvm.dll+0x309acb]
V  [jvm.dll+0x310f86]
V  [jvm.dll+0x3608ee]
V  [jvm.dll+0x360b1f]
V  [jvm.dll+0x2dfbf8]
V  [jvm.dll+0x2e2ce6]
V  [jvm.dll+0x2ed478]
V  [jvm.dll+0x322150]
V  [jvm.dll+0x84893b]
V  [jvm.dll+0x849674]
V  [jvm.dll+0x849b8d]
V  [jvm.dll+0x849f64]
V  [jvm.dll+0x84a030]
V  [jvm.dll+0x7f25fa]
V  [jvm.dll+0x682985]
C  [ucrtbase.dll+0x29363]
C  [KERNEL32.DLL+0x1257d]
C  [ntdll.dll+0x5aa58]

VM_Operation (0x0000006fcb1ff970): G1Concurrent, mode: safepoint, requested by thread 0x0000023975ed53e0


---------------  P R O C E S S  ---------------

Threads class SMR info:
_java_thread_list=0x000002391806ead0, length=87, elements={
0x0000023975e68620, 0x0000023910020550, 0x00000239100213c0, 0x00000239100683c0,
0x0000023910069f80, 0x000002391006ca40, 0x000002391006d3f0, 0x00000239100715d0,
0x000002391007a080, 0x0000023910086660, 0x00000239102026d0, 0x0000023910202ba0,
0x000002391135d630, 0x000002391135c7c0, 0x000002391135be20, 0x000002391135dfd0,
0x000002391135db00, 0x000002391135b950, 0x000002391135cc90, 0x000002391135d160,
0x000002391135e4a0, 0x000002391135b480, 0x000002391135e970, 0x000002391135ee40,
0x00000239132ee1d0, 0x00000239132ea810, 0x00000239132ed360, 0x00000239132e9e70,
0x00000239132ebb50, 0x00000239132eb1b0, 0x00000239132e99a0, 0x00000239132ed830,
0x00000239132ef9e0, 0x00000239132ece90, 0x00000239132efeb0, 0x00000239132eeb70,
0x00000239132ea340, 0x0000023910560ef0, 0x0000023910563f10, 0x0000023910562700,
0x00000239105678d0, 0x0000023910564d80, 0x0000023910562230, 0x0000023910562bd0,
0x0000023910561890, 0x0000023910567da0, 0x0000023910568270, 0x0000023910567400,
0x0000023910568740, 0x0000023910563a40, 0x00000239105643e0, 0x0000023910565bf0,
0x00000239105630a0, 0x00000239105648b0, 0x0000023910566f30, 0x00000239105613c0,
0x0000023910561d60, 0x0000023910565250, 0x0000023910563570, 0x0000023910565720,
0x0000023910566590, 0x0000023910566a60, 0x0000023915ba1320, 0x0000023915ba3000,
0x0000023915ba17f0, 0x0000023915ba2190, 0x0000023915ba2660, 0x0000023915ba39a0,
0x0000023915ba6e90, 0x0000023915ba69c0, 0x0000023915ba04b0, 0x0000023915ba4810,
0x0000023915ba3e70, 0x0000023915ba5680, 0x0000023915ba1cc0, 0x0000023915b9fb10,
0x0000023915ba34d0, 0x0000023915ba5b50, 0x0000023915ba4340, 0x0000023912f8a2f0,
0x0000023915ba51b0, 0x0000023915ba64f0, 0x0000023915ba0980, 0x0000023915ba0e50,
0x0000023918b39ed0, 0x0000023918b3bbb0, 0x0000023918b3c080
}

Java Threads: ( => current thread )
  0x0000023975e68620 JavaThread "main" [_thread_blocked, id=37160, stack(0x0000006fcaf00000,0x0000006fcb000000)]
  0x0000023910020550 JavaThread "Reference Handler" daemon [_thread_blocked, id=39228, stack(0x0000006fcb600000,0x0000006fcb700000)]
  0x00000239100213c0 JavaThread "Finalizer" daemon [_thread_blocked, id=19700, stack(0x0000006fcb700000,0x0000006fcb800000)]
  0x00000239100683c0 JavaThread "Signal Dispatcher" daemon [_thread_blocked, id=36288, stack(0x0000006fcb800000,0x0000006fcb900000)]
  0x0000023910069f80 JavaThread "Attach Listener" daemon [_thread_blocked, id=38260, stack(0x0000006fcb900000,0x0000006fcba00000)]
  0x000002391006ca40 JavaThread "Service Thread" daemon [_thread_blocked, id=8120, stack(0x0000006fcba00000,0x0000006fcbb00000)]
  0x000002391006d3f0 JavaThread "Monitor Deflation Thread" daemon [_thread_blocked, id=39612, stack(0x0000006fcbb00000,0x0000006fcbc00000)]
  0x00000239100715d0 JavaThread "C2 CompilerThread0" daemon [_thread_blocked, id=28604, stack(0x0000006fcbc00000,0x0000006fcbd00000)]
  0x000002391007a080 JavaThread "C1 CompilerThread0" daemon [_thread_blocked, id=32024, stack(0x0000006fcbd00000,0x0000006fcbe00000)]
  0x0000023910086660 JavaThread "Sweeper thread" daemon [_thread_blocked, id=8556, stack(0x0000006fcbe00000,0x0000006fcbf00000)]
  0x00000239102026d0 JavaThread "Common-Cleaner" daemon [_thread_blocked, id=8000, stack(0x0000006fcbf00000,0x0000006fcc000000)]
  0x0000023910202ba0 JavaThread "Notification Thread" daemon [_thread_blocked, id=6588, stack(0x0000006fcc000000,0x0000006fcc100000)]
  0x000002391135d630 JavaThread "Daemon health stats" [_thread_blocked, id=32472, stack(0x0000006fcc600000,0x0000006fcc700000)]
  0x000002391135c7c0 JavaThread "Incoming local TCP Connector on port 62895" [_thread_in_native, id=16312, stack(0x0000006fcc700000,0x0000006fcc800000)]
  0x000002391135be20 JavaThread "Daemon periodic checks" [_thread_blocked, id=38964, stack(0x0000006fcc800000,0x0000006fcc900000)]
  0x000002391135dfd0 JavaThread "Daemon" [_thread_blocked, id=25444, stack(0x0000006fcc900000,0x0000006fcca00000)]
  0x000002391135db00 JavaThread "Handler for socket connection from /127.0.0.1:62895 to /127.0.0.1:62896" [_thread_in_native, id=27036, stack(0x0000006fcca00000,0x0000006fccb00000)]
  0x000002391135b950 JavaThread "Cancel handler" [_thread_blocked, id=37788, stack(0x0000006fccb00000,0x0000006fccc00000)]
  0x000002391135cc90 JavaThread "Daemon worker" [_thread_blocked, id=29316, stack(0x0000006fccc00000,0x0000006fccd00000)]
  0x000002391135d160 JavaThread "Asynchronous log dispatcher for DefaultDaemonConnection: socket connection from /127.0.0.1:62895 to /127.0.0.1:62896" [_thread_blocked, id=16708, stack(0x0000006fccd00000,0x0000006fcce00000)]
  0x000002391135e4a0 JavaThread "Stdin handler" [_thread_blocked, id=13108, stack(0x0000006fcce00000,0x0000006fccf00000)]
  0x000002391135b480 JavaThread "Daemon client event forwarder" [_thread_blocked, id=31212, stack(0x0000006fccf00000,0x0000006fcd000000)]
  0x000002391135e970 JavaThread "Cache worker for journal cache (C:\Users\franc\.gradle\caches\journal-1)" [_thread_blocked, id=11576, stack(0x0000006fcd000000,0x0000006fcd100000)]
  0x000002391135ee40 JavaThread "File lock request listener" [_thread_in_native, id=28832, stack(0x0000006fcd100000,0x0000006fcd200000)]
  0x00000239132ee1d0 JavaThread "Cache worker for file hash cache (C:\Users\franc\.gradle\caches\8.0\fileHashes)" [_thread_blocked, id=5648, stack(0x0000006fcd200000,0x0000006fcd300000)]
  0x00000239132ea810 JavaThread "File watcher server" daemon [_thread_in_native, id=24304, stack(0x0000006fcd300000,0x0000006fcd400000)]
  0x00000239132ed360 JavaThread "File watcher consumer" daemon [_thread_blocked, id=21284, stack(0x0000006fcd400000,0x0000006fcd500000)]
  0x00000239132e9e70 JavaThread "jar transforms" [_thread_blocked, id=17272, stack(0x0000006fcd500000,0x0000006fcd600000)]
  0x00000239132ebb50 JavaThread "jar transforms Thread 2" [_thread_blocked, id=34328, stack(0x0000006fcd600000,0x0000006fcd700000)]
  0x00000239132eb1b0 JavaThread "jar transforms Thread 3" [_thread_blocked, id=19288, stack(0x0000006fcd700000,0x0000006fcd800000)]
  0x00000239132e99a0 JavaThread "jar transforms Thread 4" [_thread_blocked, id=10816, stack(0x0000006fcd800000,0x0000006fcd900000)]
  0x00000239132ed830 JavaThread "Cache worker for checksums cache (C:\Users\franc\AndroidStudioProjects\Rental\.gradle\8.0\checksums)" [_thread_blocked, id=10304, stack(0x0000006fcda00000,0x0000006fcdb00000)]
  0x00000239132ef9e0 JavaThread "Cache worker for cache directory md-rule (C:\Users\franc\.gradle\caches\8.0\md-rule)" [_thread_blocked, id=37552, stack(0x0000006fcdb00000,0x0000006fcdc00000)]
  0x00000239132ece90 JavaThread "Cache worker for file content cache (C:\Users\franc\.gradle\caches\8.0\fileContent)" [_thread_blocked, id=24408, stack(0x0000006fcdc00000,0x0000006fcdd00000)]
  0x00000239132efeb0 JavaThread "Cache worker for file hash cache (C:\Users\franc\AndroidStudioProjects\Rental\.gradle\8.0\fileHashes)" [_thread_blocked, id=36544, stack(0x0000006fcdd00000,0x0000006fcde00000)]
  0x00000239132eeb70 JavaThread "Cache worker for cache directory md-supplier (C:\Users\franc\.gradle\caches\8.0\md-supplier)" [_thread_blocked, id=20380, stack(0x0000006fcde00000,0x0000006fcdf00000)]
  0x00000239132ea340 JavaThread "Cache worker for execution history cache (C:\Users\franc\.gradle\caches\8.0\executionHistory)" [_thread_blocked, id=36772, stack(0x0000006fcdf00000,0x0000006fce000000)]
  0x0000023910560ef0 JavaThread "Cache worker for dependencies-accessors (C:\Users\franc\AndroidStudioProjects\Rental\.gradle\8.0\dependencies-accessors)" [_thread_blocked, id=19668, stack(0x0000006fce000000,0x0000006fce100000)]
  0x0000023910563f10 JavaThread "Cache worker for Build Output Cleanup Cache (C:\Users\franc\AndroidStudioProjects\Rental\.gradle\buildOutputCleanup)" [_thread_blocked, id=27760, stack(0x0000006fce100000,0x0000006fce200000)]
  0x0000023910562700 JavaThread "Unconstrained build operations" [_thread_blocked, id=6304, stack(0x0000006fce200000,0x0000006fce300000)]
  0x00000239105678d0 JavaThread "Unconstrained build operations Thread 2" [_thread_blocked, id=28856, stack(0x0000006fce300000,0x0000006fce400000)]
  0x0000023910564d80 JavaThread "Unconstrained build operations Thread 3" [_thread_blocked, id=35692, stack(0x0000006fce400000,0x0000006fce500000)]
  0x0000023910562230 JavaThread "Unconstrained build operations Thread 4" [_thread_blocked, id=18540, stack(0x0000006fce500000,0x0000006fce600000)]
  0x0000023910562bd0 JavaThread "Unconstrained build operations Thread 5" [_thread_blocked, id=38616, stack(0x0000006fce600000,0x0000006fce700000)]
  0x0000023910561890 JavaThread "Unconstrained build operations Thread 6" [_thread_blocked, id=27384, stack(0x0000006fce700000,0x0000006fce800000)]
  0x0000023910567da0 JavaThread "Unconstrained build operations Thread 7" [_thread_blocked, id=23704, stack(0x0000006fce800000,0x0000006fce900000)]
  0x0000023910568270 JavaThread "Unconstrained build operations Thread 8" [_thread_blocked, id=3676, stack(0x0000006fce900000,0x0000006fcea00000)]
  0x0000023910567400 JavaThread "Unconstrained build operations Thread 9" [_thread_blocked, id=19736, stack(0x0000006fcea00000,0x0000006fceb00000)]
  0x0000023910568740 JavaThread "Unconstrained build operations Thread 10" [_thread_blocked, id=33980, stack(0x0000006fceb00000,0x0000006fcec00000)]
  0x0000023910563a40 JavaThread "Unconstrained build operations Thread 11" [_thread_blocked, id=31636, stack(0x0000006fcec00000,0x0000006fced00000)]
  0x00000239105643e0 JavaThread "Unconstrained build operations Thread 12" [_thread_blocked, id=24240, stack(0x0000006fced00000,0x0000006fcee00000)]
  0x0000023910565bf0 JavaThread "Unconstrained build operations Thread 13" [_thread_blocked, id=19588, stack(0x0000006fcee00000,0x0000006fcef00000)]
  0x00000239105630a0 JavaThread "Unconstrained build operations Thread 14" [_thread_blocked, id=17172, stack(0x0000006fcef00000,0x0000006fcf000000)]
  0x00000239105648b0 JavaThread "Unconstrained build operations Thread 15" [_thread_blocked, id=22108, stack(0x0000006fcf000000,0x0000006fcf100000)]
  0x0000023910566f30 JavaThread "Unconstrained build operations Thread 16" [_thread_blocked, id=34736, stack(0x0000006fcf100000,0x0000006fcf200000)]
  0x00000239105613c0 JavaThread "Unconstrained build operations Thread 17" [_thread_blocked, id=908, stack(0x0000006fcf200000,0x0000006fcf300000)]
  0x0000023910561d60 JavaThread "Unconstrained build operations Thread 18" [_thread_blocked, id=28924, stack(0x0000006fcf300000,0x0000006fcf400000)]
  0x0000023910565250 JavaThread "Unconstrained build operations Thread 19" [_thread_blocked, id=38708, stack(0x0000006fcf400000,0x0000006fcf500000)]
  0x0000023910563570 JavaThread "Unconstrained build operations Thread 20" [_thread_blocked, id=28200, stack(0x0000006fcf500000,0x0000006fcf600000)]
  0x0000023910565720 JavaThread "Unconstrained build operations Thread 21" [_thread_blocked, id=35900, stack(0x0000006fcf600000,0x0000006fcf700000)]
  0x0000023910566590 JavaThread "Unconstrained build operations Thread 22" [_thread_blocked, id=16532, stack(0x0000006fcf700000,0x0000006fcf800000)]
  0x0000023910566a60 JavaThread "Unconstrained build operations Thread 23" [_thread_blocked, id=10184, stack(0x0000006fcf800000,0x0000006fcf900000)]
  0x0000023915ba1320 JavaThread "Unconstrained build operations Thread 24" [_thread_blocked, id=16904, stack(0x0000006fcf900000,0x0000006fcfa00000)]
  0x0000023915ba3000 JavaThread "Unconstrained build operations Thread 25" [_thread_blocked, id=16320, stack(0x0000006fcfa00000,0x0000006fcfb00000)]
  0x0000023915ba17f0 JavaThread "Unconstrained build operations Thread 26" [_thread_blocked, id=38424, stack(0x0000006fcfb00000,0x0000006fcfc00000)]
  0x0000023915ba2190 JavaThread "Unconstrained build operations Thread 27" [_thread_blocked, id=27164, stack(0x0000006fcfc00000,0x0000006fcfd00000)]
  0x0000023915ba2660 JavaThread "Unconstrained build operations Thread 28" [_thread_blocked, id=30692, stack(0x0000006fcfd00000,0x0000006fcfe00000)]
  0x0000023915ba39a0 JavaThread "Unconstrained build operations Thread 29" [_thread_blocked, id=12988, stack(0x0000006fcfe00000,0x0000006fcff00000)]
  0x0000023915ba6e90 JavaThread "Unconstrained build operations Thread 30" [_thread_blocked, id=38032, stack(0x0000006fcff00000,0x0000006fd0000000)]
  0x0000023915ba69c0 JavaThread "Unconstrained build operations Thread 31" [_thread_blocked, id=17924, stack(0x0000006fd0000000,0x0000006fd0100000)]
  0x0000023915ba04b0 JavaThread "Unconstrained build operations Thread 32" [_thread_blocked, id=1216, stack(0x0000006fd0100000,0x0000006fd0200000)]
  0x0000023915ba4810 JavaThread "Unconstrained build operations Thread 33" [_thread_blocked, id=10916, stack(0x0000006fd0200000,0x0000006fd0300000)]
  0x0000023915ba3e70 JavaThread "Unconstrained build operations Thread 34" [_thread_blocked, id=17488, stack(0x0000006fd0300000,0x0000006fd0400000)]
  0x0000023915ba5680 JavaThread "Unconstrained build operations Thread 35" [_thread_blocked, id=16184, stack(0x0000006fd0400000,0x0000006fd0500000)]
  0x0000023915ba1cc0 JavaThread "Unconstrained build operations Thread 36" [_thread_blocked, id=39368, stack(0x0000006fd0500000,0x0000006fd0600000)]
  0x0000023915b9fb10 JavaThread "Unconstrained build operations Thread 37" [_thread_blocked, id=39776, stack(0x0000006fd0600000,0x0000006fd0700000)]
  0x0000023915ba34d0 JavaThread "Unconstrained build operations Thread 38" [_thread_blocked, id=15164, stack(0x0000006fd0700000,0x0000006fd0800000)]
  0x0000023915ba5b50 JavaThread "Unconstrained build operations Thread 39" [_thread_blocked, id=6432, stack(0x0000006fd0800000,0x0000006fd0900000)]
  0x0000023915ba4340 JavaThread "Unconstrained build operations Thread 40" [_thread_blocked, id=15720, stack(0x0000006fd0900000,0x0000006fd0a00000)]
  0x0000023912f8a2f0 JavaThread "C2 CompilerThread1" daemon [_thread_blocked, id=35220, stack(0x0000006fcc200000,0x0000006fcc300000)]
  0x0000023915ba51b0 JavaThread "Memory manager" [_thread_blocked, id=39716, stack(0x0000006fd0a00000,0x0000006fd0b00000)]
  0x0000023915ba64f0 JavaThread "included builds" [_thread_blocked, id=9380, stack(0x0000006fd0b00000,0x0000006fd0c00000)]
  0x0000023915ba0980 JavaThread "Execution worker" [_thread_blocked, id=28088, stack(0x0000006fd0c00000,0x0000006fd0d00000)]
  0x0000023915ba0e50 JavaThread "Execution worker Thread 2" [_thread_blocked, id=38244, stack(0x0000006fd0d00000,0x0000006fd0e00000)]
  0x0000023918b39ed0 JavaThread "Execution worker Thread 3" [_thread_blocked, id=16672, stack(0x0000006fd0e00000,0x0000006fd0f00000)]
  0x0000023918b3bbb0 JavaThread "Cache worker for execution history cache (C:\Users\franc\AndroidStudioProjects\Rental\.gradle\8.0\executionHistory)" [_thread_blocked, id=6452, stack(0x0000006fd0f00000,0x0000006fd1000000)]
  0x0000023918b3c080 JavaThread "idea-tooling-model-converter" [_thread_blocked, id=28780, stack(0x0000006fd1000000,0x0000006fd1100000)]

Other Threads:
=>0x000002390f53d3b0 VMThread "VM Thread" [stack: 0x0000006fcb500000,0x0000006fcb600000] [id=17996]
  0x00000239102003a0 WatcherThread [stack: 0x0000006fcc100000,0x0000006fcc200000] [id=30244]
  0x0000023975ec44a0 GCTaskThread "GC Thread#0" [stack: 0x0000006fcb000000,0x0000006fcb100000] [id=708]
  0x00000239103ca350 GCTaskThread "GC Thread#1" [stack: 0x0000006fcc300000,0x0000006fcc400000] [id=35912]
  0x00000239103c97b0 GCTaskThread "GC Thread#2" [stack: 0x0000006fcc400000,0x0000006fcc500000] [id=28564]
  0x00000239109b1540 GCTaskThread "GC Thread#3" [stack: 0x0000006fcc500000,0x0000006fcc600000] [id=39756]
  0x0000023975ed53e0 ConcurrentGCThread "G1 Main Marker" [stack: 0x0000006fcb100000,0x0000006fcb200000] [id=30496]
  0x0000023975ed6590 ConcurrentGCThread "G1 Conc#0" [stack: 0x0000006fcb200000,0x0000006fcb300000] [id=33804]
  0x0000023975f2e940 ConcurrentGCThread "G1 Refine#0" [stack: 0x0000006fcb300000,0x0000006fcb400000] [id=39676]
  0x0000023914507fe0 ConcurrentGCThread "G1 Refine#1" [stack: 0x0000006fcd900000,0x0000006fcda00000] [id=12464]
  0x000002390f3b1550 ConcurrentGCThread "G1 Service" [stack: 0x0000006fcb400000,0x0000006fcb500000] [id=15120]

Threads with active compile tasks:
C2 CompilerThread0    14187 8000       4       groovy.lang.MetaClassImpl::inheritInterfaceNewMetaMethods (195 bytes)
C2 CompilerThread1    14187 8008       4       java.beans.Introspector::addMethod (196 bytes)

VM state: at safepoint (normal execution)

VM Mutex/Monitor currently owned by a thread:  ([mutex/lock_event])
[0x0000023975e63890] Threads_lock - owner thread: 0x000002390f53d3b0
[0x0000023975e620f0] Heap_lock - owner thread: 0x0000023975ed53e0

Heap address: 0x0000000080000000, size: 2048 MB, Compressed Oops mode: 32-bit

CDS archive(s) not mapped
Compressed class space mapped at: 0x0000000100000000-0x0000000140000000, reserved size: 1073741824
Narrow klass base: 0x0000000000000000, Narrow klass shift: 3, Narrow klass range: 0x140000000

GC Precious Log:
 CPUs: 4 total, 4 available
 Memory: 16259M
 Large Page Support: Disabled
 NUMA Support: Disabled
 Compressed Oops: Enabled (32-bit)
 Heap Region Size: 1M
 Heap Min Capacity: 8M
 Heap Initial Capacity: 256M
 Heap Max Capacity: 2G
 Pre-touch: Disabled
 Parallel Workers: 4
 Concurrent Workers: 1
 Concurrent Refinement Workers: 4
 Periodic GC: Disabled

Heap:
 garbage-first heap   total 262144K, used 166841K [0x0000000080000000, 0x0000000100000000)
  region size 1024K, 7 young (7168K), 4 survivors (4096K)
 Metaspace       used 80728K, committed 81408K, reserved 1122304K
  class space    used 11043K, committed 11328K, reserved 1048576K

Heap Regions: E=young(eden), S=young(survivor), O=old, HS=humongous(starts), HC=humongous(continues), CS=collection set, F=free, OA=open archive, CA=closed archive, TAMS=top-at-mark-start (previous, next)
|   0|0x0000000080000000, 0x0000000080100000, 0x0000000080100000|100%| O|  |TAMS 0x0000000080100000, 0x0000000080000000| Untracked 
|   1|0x0000000080100000, 0x0000000080200000, 0x0000000080200000|100%| O|  |TAMS 0x0000000080200000, 0x0000000080100000| Updating 
|   2|0x0000000080200000, 0x0000000080300000, 0x0000000080300000|100%|HS|  |TAMS 0x0000000080300000, 0x0000000080200000| Complete 
|   3|0x0000000080300000, 0x0000000080400000, 0x0000000080400000|100%|HC|  |TAMS 0x0000000080400000, 0x0000000080300000| Complete 
|   4|0x0000000080400000, 0x0000000080500000, 0x0000000080500000|100%|HC|  |TAMS 0x0000000080500000, 0x0000000080400000| Complete 
|   5|0x0000000080500000, 0x0000000080600000, 0x0000000080600000|100%|HC|  |TAMS 0x0000000080600000, 0x0000000080500000| Complete 
|   6|0x0000000080600000, 0x0000000080700000, 0x0000000080700000|100%| O|  |TAMS 0x0000000080700000, 0x0000000080600000| Untracked 
|   7|0x0000000080700000, 0x0000000080800000, 0x0000000080800000|100%| O|  |TAMS 0x0000000080800000, 0x0000000080700000| Untracked 
|   8|0x0000000080800000, 0x0000000080900000, 0x0000000080900000|100%| O|  |TAMS 0x0000000080900000, 0x0000000080800000| Untracked 
|   9|0x0000000080900000, 0x0000000080a00000, 0x0000000080a00000|100%| O|  |TAMS 0x0000000080a00000, 0x0000000080900000| Updating 
|  10|0x0000000080a00000, 0x0000000080b00000, 0x0000000080b00000|100%| O|  |TAMS 0x0000000080b00000, 0x0000000080a00000| Untracked 
|  11|0x0000000080b00000, 0x0000000080b00000, 0x0000000080c00000|  0%| F|  |TAMS 0x0000000080b00000, 0x0000000080b00000| Untracked 
|  12|0x0000000080c00000, 0x0000000080d00000, 0x0000000080d00000|100%| O|  |TAMS 0x0000000080d00000, 0x0000000080c00000| Untracked 
|  13|0x0000000080d00000, 0x0000000080e00000, 0x0000000080e00000|100%| O|  |TAMS 0x0000000080e00000, 0x0000000080d00000| Untracked 
|  14|0x0000000080e00000, 0x0000000080f00000, 0x0000000080f00000|100%| O|  |TAMS 0x0000000080f00000, 0x0000000080e00000| Untracked 
|  15|0x0000000080f00000, 0x0000000081000000, 0x0000000081000000|100%| O|  |TAMS 0x0000000081000000, 0x0000000080f00000| Untracked 
|  16|0x0000000081000000, 0x0000000081100000, 0x0000000081100000|100%| O|  |TAMS 0x0000000081100000, 0x0000000081000000| Untracked 
|  17|0x0000000081100000, 0x0000000081200000, 0x0000000081200000|100%| O|  |TAMS 0x0000000081200000, 0x0000000081100000| Untracked 
|  18|0x0000000081200000, 0x0000000081300000, 0x0000000081300000|100%| O|  |TAMS 0x0000000081300000, 0x0000000081200000| Untracked 
|  19|0x0000000081300000, 0x0000000081400000, 0x0000000081400000|100%|HS|  |TAMS 0x0000000081400000, 0x0000000081300000| Complete 
|  20|0x0000000081400000, 0x0000000081500000, 0x0000000081500000|100%|HC|  |TAMS 0x0000000081500000, 0x0000000081400000| Complete 
|  21|0x0000000081500000, 0x0000000081600000, 0x0000000081600000|100%|HS|  |TAMS 0x0000000081600000, 0x0000000081500000| Complete 
|  22|0x0000000081600000, 0x0000000081700000, 0x0000000081700000|100%|HC|  |TAMS 0x0000000081700000, 0x0000000081600000| Complete 
|  23|0x0000000081700000, 0x0000000081800000, 0x0000000081800000|100%|HC|  |TAMS 0x0000000081800000, 0x0000000081700000| Complete 
|  24|0x0000000081800000, 0x0000000081900000, 0x0000000081900000|100%| O|  |TAMS 0x0000000081900000, 0x0000000081800000| Untracked 
|  25|0x0000000081900000, 0x0000000081a00000, 0x0000000081a00000|100%| O|  |TAMS 0x0000000081a00000, 0x0000000081900000| Untracked 
|  26|0x0000000081a00000, 0x0000000081b00000, 0x0000000081b00000|100%| O|  |TAMS 0x0000000081b00000, 0x0000000081a00000| Untracked 
|  27|0x0000000081b00000, 0x0000000081c00000, 0x0000000081c00000|100%|HS|  |TAMS 0x0000000081c00000, 0x0000000081b00000| Complete 
|  28|0x0000000081c00000, 0x0000000081d00000, 0x0000000081d00000|100%|HC|  |TAMS 0x0000000081d00000, 0x0000000081c00000| Complete 
|  29|0x0000000081d00000, 0x0000000081e00000, 0x0000000081e00000|100%|HC|  |TAMS 0x0000000081e00000, 0x0000000081d00000| Complete 
|  30|0x0000000081e00000, 0x0000000081f00000, 0x0000000081f00000|100%|HS|  |TAMS 0x0000000081f00000, 0x0000000081e00000| Complete 
|  31|0x0000000081f00000, 0x0000000082000000, 0x0000000082000000|100%|HC|  |TAMS 0x0000000082000000, 0x0000000081f00000| Complete 
|  32|0x0000000082000000, 0x0000000082100000, 0x0000000082100000|100%| O|  |TAMS 0x0000000082100000, 0x0000000082000000| Untracked 
|  33|0x0000000082100000, 0x0000000082200000, 0x0000000082200000|100%| O|  |TAMS 0x0000000082200000, 0x0000000082100000| Updating 
|  34|0x0000000082200000, 0x0000000082300000, 0x0000000082300000|100%| O|  |TAMS 0x0000000082300000, 0x0000000082200000| Updating 
|  35|0x0000000082300000, 0x0000000082400000, 0x0000000082400000|100%|HS|  |TAMS 0x0000000082400000, 0x0000000082300000| Complete 
|  36|0x0000000082400000, 0x0000000082500000, 0x0000000082500000|100%|HC|  |TAMS 0x0000000082500000, 0x0000000082400000| Complete 
|  37|0x0000000082500000, 0x0000000082600000, 0x0000000082600000|100%|HS|  |TAMS 0x0000000082600000, 0x0000000082500000| Complete 
|  38|0x0000000082600000, 0x0000000082700000, 0x0000000082700000|100%|HC|  |TAMS 0x0000000082700000, 0x0000000082600000| Complete 
|  39|0x0000000082700000, 0x0000000082800000, 0x0000000082800000|100%|HC|  |TAMS 0x0000000082800000, 0x0000000082700000| Complete 
|  40|0x0000000082800000, 0x0000000082900000, 0x0000000082900000|100%|HC|  |TAMS 0x0000000082900000, 0x0000000082800000| Complete 
|  41|0x0000000082900000, 0x0000000082a00000, 0x0000000082a00000|100%|HC|  |TAMS 0x0000000082a00000, 0x0000000082900000| Complete 
|  42|0x0000000082a00000, 0x0000000082b00000, 0x0000000082b00000|100%|HC|  |TAMS 0x0000000082b00000, 0x0000000082a00000| Complete 
|  43|0x0000000082b00000, 0x0000000082c00000, 0x0000000082c00000|100%|HS|  |TAMS 0x0000000082c00000, 0x0000000082b00000| Complete 
|  44|0x0000000082c00000, 0x0000000082d00000, 0x0000000082d00000|100%| O|  |TAMS 0x0000000082d00000, 0x0000000082c00000| Untracked 
|  45|0x0000000082d00000, 0x0000000082e00000, 0x0000000082e00000|100%| O|  |TAMS 0x0000000082e00000, 0x0000000082d00000| Untracked 
|  46|0x0000000082e00000, 0x0000000082f00000, 0x0000000082f00000|100%|HS|  |TAMS 0x0000000082f00000, 0x0000000082e00000| Complete 
|  47|0x0000000082f00000, 0x0000000083000000, 0x0000000083000000|100%|HC|  |TAMS 0x0000000083000000, 0x0000000082f00000| Complete 
|  48|0x0000000083000000, 0x0000000083100000, 0x0000000083100000|100%|HC|  |TAMS 0x0000000083100000, 0x0000000083000000| Complete 
|  49|0x0000000083100000, 0x0000000083200000, 0x0000000083200000|100%|HC|  |TAMS 0x0000000083200000, 0x0000000083100000| Complete 
|  50|0x0000000083200000, 0x0000000083300000, 0x0000000083300000|100%|HC|  |TAMS 0x0000000083300000, 0x0000000083200000| Complete 
|  51|0x0000000083300000, 0x0000000083400000, 0x0000000083400000|100%|HC|  |TAMS 0x0000000083400000, 0x0000000083300000| Complete 
|  52|0x0000000083400000, 0x0000000083500000, 0x0000000083500000|100%|HC|  |TAMS 0x0000000083500000, 0x0000000083400000| Complete 
|  53|0x0000000083500000, 0x0000000083600000, 0x0000000083600000|100%|HC|  |TAMS 0x0000000083600000, 0x0000000083500000| Complete 
|  54|0x0000000083600000, 0x0000000083700000, 0x0000000083700000|100%|HC|  |TAMS 0x0000000083700000, 0x0000000083600000| Complete 
|  55|0x0000000083700000, 0x0000000083800000, 0x0000000083800000|100%|HC|  |TAMS 0x0000000083800000, 0x0000000083700000| Complete 
|  56|0x0000000083800000, 0x0000000083900000, 0x0000000083900000|100%| O|  |TAMS 0x0000000083900000, 0x0000000083800000| Untracked 
|  57|0x0000000083900000, 0x0000000083a00000, 0x0000000083a00000|100%| O|  |TAMS 0x0000000083a00000, 0x0000000083900000| Untracked 
|  58|0x0000000083a00000, 0x0000000083b00000, 0x0000000083b00000|100%|HS|  |TAMS 0x0000000083b00000, 0x0000000083a00000| Complete 
|  59|0x0000000083b00000, 0x0000000083c00000, 0x0000000083c00000|100%|HC|  |TAMS 0x0000000083c00000, 0x0000000083b00000| Complete 
|  60|0x0000000083c00000, 0x0000000083d00000, 0x0000000083d00000|100%| O|  |TAMS 0x0000000083d00000, 0x0000000083c00000| Untracked 
|  61|0x0000000083d00000, 0x0000000083e00000, 0x0000000083e00000|100%| O|  |TAMS 0x0000000083e00000, 0x0000000083d00000| Untracked 
|  62|0x0000000083e00000, 0x0000000083f00000, 0x0000000083f00000|100%| O|  |TAMS 0x0000000083f00000, 0x0000000083e00000| Updating 
|  63|0x0000000083f00000, 0x0000000084000000, 0x0000000084000000|100%|HS|  |TAMS 0x0000000084000000, 0x0000000083f00000| Complete 
|  64|0x0000000084000000, 0x0000000084100000, 0x0000000084100000|100%|HC|  |TAMS 0x0000000084100000, 0x0000000084000000| Complete 
|  65|0x0000000084100000, 0x0000000084200000, 0x0000000084200000|100%|HC|  |TAMS 0x0000000084200000, 0x0000000084100000| Complete 
|  66|0x0000000084200000, 0x0000000084300000, 0x0000000084300000|100%|HC|  |TAMS 0x0000000084300000, 0x0000000084200000| Complete 
|  67|0x0000000084300000, 0x0000000084400000, 0x0000000084400000|100%|HC|  |TAMS 0x0000000084400000, 0x0000000084300000| Complete 
|  68|0x0000000084400000, 0x0000000084500000, 0x0000000084500000|100%|HC|  |TAMS 0x0000000084500000, 0x0000000084400000| Complete 
|  69|0x0000000084500000, 0x0000000084600000, 0x0000000084600000|100%|HC|  |TAMS 0x0000000084600000, 0x0000000084500000| Complete 
|  70|0x0000000084600000, 0x0000000084700000, 0x0000000084700000|100%|HC|  |TAMS 0x0000000084700000, 0x0000000084600000| Complete 
|  71|0x0000000084700000, 0x0000000084800000, 0x0000000084800000|100%|HC|  |TAMS 0x0000000084800000, 0x0000000084700000| Complete 
|  72|0x0000000084800000, 0x0000000084900000, 0x0000000084900000|100%|HC|  |TAMS 0x0000000084900000, 0x0000000084800000| Complete 
|  73|0x0000000084900000, 0x0000000084a00000, 0x0000000084a00000|100%|HC|  |TAMS 0x0000000084a00000, 0x0000000084900000| Complete 
|  74|0x0000000084a00000, 0x0000000084b00000, 0x0000000084b00000|100%|HS|  |TAMS 0x0000000084b00000, 0x0000000084a00000| Complete 
|  75|0x0000000084b00000, 0x0000000084c00000, 0x0000000084c00000|100%|HC|  |TAMS 0x0000000084c00000, 0x0000000084b00000| Complete 
|  76|0x0000000084c00000, 0x0000000084d00000, 0x0000000084d00000|100%|HC|  |TAMS 0x0000000084d00000, 0x0000000084c00000| Complete 
|  77|0x0000000084d00000, 0x0000000084e00000, 0x0000000084e00000|100%| O|  |TAMS 0x0000000084e00000, 0x0000000084d00000| Untracked 
|  78|0x0000000084e00000, 0x0000000084f00000, 0x0000000084f00000|100%|HS|  |TAMS 0x0000000084f00000, 0x0000000084e00000| Complete 
|  79|0x0000000084f00000, 0x0000000085000000, 0x0000000085000000|100%|HC|  |TAMS 0x0000000085000000, 0x0000000084f00000| Complete 
|  80|0x0000000085000000, 0x0000000085100000, 0x0000000085100000|100%|HC|  |TAMS 0x0000000085100000, 0x0000000085000000| Complete 
|  81|0x0000000085100000, 0x0000000085200000, 0x0000000085200000|100%| O|  |TAMS 0x0000000085200000, 0x0000000085100000| Untracked 
|  82|0x0000000085200000, 0x0000000085300000, 0x0000000085300000|100%| O|  |TAMS 0x0000000085300000, 0x0000000085200000| Untracked 
|  83|0x0000000085300000, 0x0000000085400000, 0x0000000085400000|100%|HS|  |TAMS 0x0000000085400000, 0x0000000085300000| Complete 
|  84|0x0000000085400000, 0x0000000085500000, 0x0000000085500000|100%|HC|  |TAMS 0x0000000085500000, 0x0000000085400000| Complete 
|  85|0x0000000085500000, 0x0000000085600000, 0x0000000085600000|100%| O|  |TAMS 0x0000000085600000, 0x0000000085500000| Untracked 
|  86|0x0000000085600000, 0x0000000085700000, 0x0000000085700000|100%| O|  |TAMS 0x0000000085700000, 0x0000000085600000| Updating 
|  87|0x0000000085700000, 0x0000000085800000, 0x0000000085800000|100%| O|  |TAMS 0x0000000085800000, 0x0000000085700000| Untracked 
|  88|0x0000000085800000, 0x0000000085900000, 0x0000000085900000|100%| O|  |TAMS 0x0000000085900000, 0x0000000085800000| Untracked 
|  89|0x0000000085900000, 0x0000000085a00000, 0x0000000085a00000|100%|HS|  |TAMS 0x0000000085a00000, 0x0000000085900000| Complete 
|  90|0x0000000085a00000, 0x0000000085b00000, 0x0000000085b00000|100%|HC|  |TAMS 0x0000000085b00000, 0x0000000085a00000| Complete 
|  91|0x0000000085b00000, 0x0000000085c00000, 0x0000000085c00000|100%|HC|  |TAMS 0x0000000085c00000, 0x0000000085b00000| Complete 
|  92|0x0000000085c00000, 0x0000000085d00000, 0x0000000085d00000|100%|HC|  |TAMS 0x0000000085d00000, 0x0000000085c00000| Complete 
|  93|0x0000000085d00000, 0x0000000085e00000, 0x0000000085e00000|100%|HC|  |TAMS 0x0000000085e00000, 0x0000000085d00000| Complete 
|  94|0x0000000085e00000, 0x0000000085f00000, 0x0000000085f00000|100%|HC|  |TAMS 0x0000000085f00000, 0x0000000085e00000| Complete 
|  95|0x0000000085f00000, 0x0000000086000000, 0x0000000086000000|100%|HS|  |TAMS 0x0000000086000000, 0x0000000085f00000| Complete 
|  96|0x0000000086000000, 0x0000000086100000, 0x0000000086100000|100%| O|  |TAMS 0x0000000086100000, 0x0000000086000000| Untracked 
|  97|0x0000000086100000, 0x0000000086200000, 0x0000000086200000|100%| O|  |TAMS 0x0000000086200000, 0x0000000086100000| Untracked 
|  98|0x0000000086200000, 0x0000000086300000, 0x0000000086300000|100%|HS|  |TAMS 0x0000000086300000, 0x0000000086200000| Complete 
|  99|0x0000000086300000, 0x0000000086400000, 0x0000000086400000|100%|HS|  |TAMS 0x0000000086400000, 0x0000000086300000| Complete 
| 100|0x0000000086400000, 0x0000000086500000, 0x0000000086500000|100%| O|  |TAMS 0x0000000086500000, 0x0000000086400000| Untracked 
| 101|0x0000000086500000, 0x0000000086600000, 0x0000000086600000|100%| O|  |TAMS 0x0000000086600000, 0x0000000086500000| Untracked 
| 102|0x0000000086600000, 0x0000000086700000, 0x0000000086700000|100%| O|  |TAMS 0x0000000086700000, 0x0000000086600000| Untracked 
| 103|0x0000000086700000, 0x0000000086800000, 0x0000000086800000|100%| O|  |TAMS 0x0000000086800000, 0x0000000086700000| Untracked 
| 104|0x0000000086800000, 0x0000000086900000, 0x0000000086900000|100%| O|  |TAMS 0x0000000086900000, 0x0000000086800000| Untracked 
| 105|0x0000000086900000, 0x0000000086a00000, 0x0000000086a00000|100%| O|  |TAMS 0x0000000086a00000, 0x0000000086900000| Untracked 
| 106|0x0000000086a00000, 0x0000000086b00000, 0x0000000086b00000|100%| O|  |TAMS 0x0000000086b00000, 0x0000000086a00000| Untracked 
| 107|0x0000000086b00000, 0x0000000086c00000, 0x0000000086c00000|100%| O|  |TAMS 0x0000000086c00000, 0x0000000086b00000| Untracked 
| 108|0x0000000086c00000, 0x0000000086d00000, 0x0000000086d00000|100%| O|  |TAMS 0x0000000086d00000, 0x0000000086c00000| Updating 
| 109|0x0000000086d00000, 0x0000000086e00000, 0x0000000086e00000|100%| O|  |TAMS 0x0000000086e00000, 0x0000000086d00000| Untracked 
| 110|0x0000000086e00000, 0x0000000086f00000, 0x0000000086f00000|100%| O|  |TAMS 0x0000000086f00000, 0x0000000086e00000| Updating 
| 111|0x0000000086f00000, 0x0000000087000000, 0x0000000087000000|100%| O|  |TAMS 0x0000000087000000, 0x0000000086f00000| Untracked 
| 112|0x0000000087000000, 0x0000000087100000, 0x0000000087100000|100%| O|  |TAMS 0x0000000087100000, 0x0000000087000000| Untracked 
| 113|0x0000000087100000, 0x0000000087200000, 0x0000000087200000|100%| O|  |TAMS 0x0000000087200000, 0x0000000087100000| Untracked 
| 114|0x0000000087200000, 0x0000000087300000, 0x0000000087300000|100%| O|  |TAMS 0x0000000087300000, 0x0000000087200000| Untracked 
| 115|0x0000000087300000, 0x0000000087400000, 0x0000000087400000|100%| O|  |TAMS 0x0000000087400000, 0x0000000087300000| Untracked 
| 116|0x0000000087400000, 0x0000000087500000, 0x0000000087500000|100%|HS|  |TAMS 0x0000000087500000, 0x0000000087400000| Complete 
| 117|0x0000000087500000, 0x0000000087600000, 0x0000000087600000|100%|HC|  |TAMS 0x0000000087600000, 0x0000000087500000| Complete 
| 118|0x0000000087600000, 0x0000000087700000, 0x0000000087700000|100%|HS|  |TAMS 0x0000000087700000, 0x0000000087600000| Complete 
| 119|0x0000000087700000, 0x0000000087800000, 0x0000000087800000|100%|HC|  |TAMS 0x0000000087800000, 0x0000000087700000| Complete 
| 120|0x0000000087800000, 0x0000000087900000, 0x0000000087900000|100%|HC|  |TAMS 0x0000000087900000, 0x0000000087800000| Complete 
| 121|0x0000000087900000, 0x0000000087a00000, 0x0000000087a00000|100%| O|  |TAMS 0x0000000087a00000, 0x0000000087900000| Untracked 
| 122|0x0000000087a00000, 0x0000000087b00000, 0x0000000087b00000|100%| O|  |TAMS 0x0000000087b00000, 0x0000000087a00000| Untracked 
| 123|0x0000000087b00000, 0x0000000087c00000, 0x0000000087c00000|100%| O|  |TAMS 0x0000000087c00000, 0x0000000087b00000| Untracked 
| 124|0x0000000087c00000, 0x0000000087d00000, 0x0000000087d00000|100%| O|  |TAMS 0x0000000087d00000, 0x0000000087c00000| Untracked 
| 125|0x0000000087d00000, 0x0000000087e00000, 0x0000000087e00000|100%| O|  |TAMS 0x0000000087e00000, 0x0000000087d00000| Updating 
| 126|0x0000000087e00000, 0x0000000087f00000, 0x0000000087f00000|100%|HS|  |TAMS 0x0000000087f00000, 0x0000000087e00000| Complete 
| 127|0x0000000087f00000, 0x0000000088000000, 0x0000000088000000|100%|HC|  |TAMS 0x0000000088000000, 0x0000000087f00000| Complete 
| 128|0x0000000088000000, 0x0000000088100000, 0x0000000088100000|100%|HC|  |TAMS 0x0000000088100000, 0x0000000088000000| Complete 
| 129|0x0000000088100000, 0x0000000088200000, 0x0000000088200000|100%|HS|  |TAMS 0x0000000088200000, 0x0000000088100000| Complete 
| 130|0x0000000088200000, 0x0000000088300000, 0x0000000088300000|100%|HC|  |TAMS 0x0000000088300000, 0x0000000088200000| Complete 
| 131|0x0000000088300000, 0x0000000088400000, 0x0000000088400000|100%|HS|  |TAMS 0x0000000088400000, 0x0000000088300000| Complete 
| 132|0x0000000088400000, 0x0000000088500000, 0x0000000088500000|100%|HC|  |TAMS 0x0000000088500000, 0x0000000088400000| Complete 
| 133|0x0000000088500000, 0x0000000088600000, 0x0000000088600000|100%|HC|  |TAMS 0x0000000088600000, 0x0000000088500000| Complete 
| 134|0x0000000088600000, 0x0000000088700000, 0x0000000088700000|100%|HC|  |TAMS 0x0000000088700000, 0x0000000088600000| Complete 
| 135|0x0000000088700000, 0x0000000088800000, 0x0000000088800000|100%|HC|  |TAMS 0x0000000088800000, 0x0000000088700000| Complete 
| 136|0x0000000088800000, 0x0000000088900000, 0x0000000088900000|100%|HC|  |TAMS 0x0000000088900000, 0x0000000088800000| Complete 
| 137|0x0000000088900000, 0x0000000088a00000, 0x0000000088a00000|100%|HC|  |TAMS 0x0000000088a00000, 0x0000000088900000| Complete 
| 138|0x0000000088a00000, 0x0000000088b00000, 0x0000000088b00000|100%|HC|  |TAMS 0x0000000088b00000, 0x0000000088a00000| Complete 
| 139|0x0000000088b00000, 0x0000000088c00000, 0x0000000088c00000|100%|HC|  |TAMS 0x0000000088c00000, 0x0000000088b00000| Complete 
| 140|0x0000000088c00000, 0x0000000088d00000, 0x0000000088d00000|100%|HC|  |TAMS 0x0000000088d00000, 0x0000000088c00000| Complete 
| 141|0x0000000088d00000, 0x0000000088e00000, 0x0000000088e00000|100%|HS|  |TAMS 0x0000000088e00000, 0x0000000088d00000| Complete 
| 142|0x0000000088e00000, 0x0000000088f00000, 0x0000000088f00000|100%|HC|  |TAMS 0x0000000088f00000, 0x0000000088e00000| Complete 
| 143|0x0000000088f00000, 0x0000000089000000, 0x0000000089000000|100%|HS|  |TAMS 0x0000000089000000, 0x0000000088f00000| Complete 
| 144|0x0000000089000000, 0x0000000089100000, 0x0000000089100000|100%|HC|  |TAMS 0x0000000089100000, 0x0000000089000000| Complete 
| 145|0x0000000089100000, 0x0000000089200000, 0x0000000089200000|100%|HC|  |TAMS 0x0000000089200000, 0x0000000089100000| Complete 
| 146|0x0000000089200000, 0x0000000089300000, 0x0000000089300000|100%|HC|  |TAMS 0x0000000089300000, 0x0000000089200000| Complete 
| 147|0x0000000089300000, 0x0000000089400000, 0x0000000089400000|100%|HC|  |TAMS 0x0000000089400000, 0x0000000089300000| Complete 
| 148|0x0000000089400000, 0x0000000089500000, 0x0000000089500000|100%|HC|  |TAMS 0x0000000089500000, 0x0000000089400000| Complete 
| 149|0x0000000089500000, 0x0000000089600000, 0x0000000089600000|100%|HS|  |TAMS 0x0000000089600000, 0x0000000089500000| Complete 
| 150|0x0000000089600000, 0x0000000089700000, 0x0000000089700000|100%| O|  |TAMS 0x0000000089700000, 0x0000000089600000| Untracked 
| 151|0x0000000089700000, 0x0000000089800000, 0x0000000089800000|100%| O|  |TAMS 0x0000000089800000, 0x0000000089700000| Updating 
| 152|0x0000000089800000, 0x0000000089900000, 0x0000000089900000|100%| O|  |TAMS 0x0000000089900000, 0x0000000089800000| Untracked 
| 153|0x0000000089900000, 0x0000000089a00000, 0x0000000089a00000|100%| O|  |TAMS 0x0000000089a00000, 0x0000000089900000| Untracked 
| 154|0x0000000089a00000, 0x0000000089b00000, 0x0000000089b00000|100%| O|  |TAMS 0x0000000089b00000, 0x0000000089a00000| Untracked 
| 155|0x0000000089b00000, 0x0000000089c00000, 0x0000000089c00000|100%| O|  |TAMS 0x0000000089c00000, 0x0000000089b00000| Untracked 
| 156|0x0000000089c00000, 0x0000000089d00000, 0x0000000089d00000|100%| O|  |TAMS 0x0000000089d00000, 0x0000000089c00000| Untracked 
| 157|0x0000000089d00000, 0x0000000089e00000, 0x0000000089e00000|100%| O|  |TAMS 0x0000000089e00000, 0x0000000089d00000| Untracked 
| 158|0x0000000089e00000, 0x0000000089eee600, 0x0000000089f00000| 93%| O|  |TAMS 0x0000000089e67400, 0x0000000089e00000| Updating 
| 159|0x0000000089f00000, 0x0000000089f00000, 0x000000008a000000|  0%| F|  |TAMS 0x0000000089f00000, 0x0000000089f00000| Untracked 
| 160|0x000000008a000000, 0x000000008a000000, 0x000000008a100000|  0%| F|  |TAMS 0x000000008a000000, 0x000000008a000000| Untracked 
| 161|0x000000008a100000, 0x000000008a100000, 0x000000008a200000|  0%| F|  |TAMS 0x000000008a100000, 0x000000008a100000| Untracked 
| 162|0x000000008a200000, 0x000000008a200000, 0x000000008a300000|  0%| F|  |TAMS 0x000000008a200000, 0x000000008a200000| Untracked 
| 163|0x000000008a300000, 0x000000008a300000, 0x000000008a400000|  0%| F|  |TAMS 0x000000008a300000, 0x000000008a300000| Untracked 
| 164|0x000000008a400000, 0x000000008a400000, 0x000000008a500000|  0%| F|  |TAMS 0x000000008a400000, 0x000000008a400000| Untracked 
| 165|0x000000008a500000, 0x000000008a500000, 0x000000008a600000|  0%| F|  |TAMS 0x000000008a500000, 0x000000008a500000| Untracked 
| 166|0x000000008a600000, 0x000000008a600000, 0x000000008a700000|  0%| F|  |TAMS 0x000000008a600000, 0x000000008a600000| Untracked 
| 167|0x000000008a700000, 0x000000008a700000, 0x000000008a800000|  0%| F|  |TAMS 0x000000008a700000, 0x000000008a700000| Untracked 
| 168|0x000000008a800000, 0x000000008a800000, 0x000000008a900000|  0%| F|  |TAMS 0x000000008a800000, 0x000000008a800000| Untracked 
| 169|0x000000008a900000, 0x000000008a900000, 0x000000008aa00000|  0%| F|  |TAMS 0x000000008a900000, 0x000000008a900000| Untracked 
| 170|0x000000008aa00000, 0x000000008aa00000, 0x000000008ab00000|  0%| F|  |TAMS 0x000000008aa00000, 0x000000008aa00000| Untracked 
| 171|0x000000008ab00000, 0x000000008ab00000, 0x000000008ac00000|  0%| F|  |TAMS 0x000000008ab00000, 0x000000008ab00000| Untracked 
| 172|0x000000008ac00000, 0x000000008ac00000, 0x000000008ad00000|  0%| F|  |TAMS 0x000000008ac00000, 0x000000008ac00000| Untracked 
| 173|0x000000008ad00000, 0x000000008ad00000, 0x000000008ae00000|  0%| F|  |TAMS 0x000000008ad00000, 0x000000008ad00000| Untracked 
| 174|0x000000008ae00000, 0x000000008ae00000, 0x000000008af00000|  0%| F|  |TAMS 0x000000008ae00000, 0x000000008ae00000| Untracked 
| 175|0x000000008af00000, 0x000000008af00000, 0x000000008b000000|  0%| F|  |TAMS 0x000000008af00000, 0x000000008af00000| Untracked 
| 176|0x000000008b000000, 0x000000008b000000, 0x000000008b100000|  0%| F|  |TAMS 0x000000008b000000, 0x000000008b000000| Untracked 
| 177|0x000000008b100000, 0x000000008b100000, 0x000000008b200000|  0%| F|  |TAMS 0x000000008b100000, 0x000000008b100000| Untracked 
| 178|0x000000008b200000, 0x000000008b200000, 0x000000008b300000|  0%| F|  |TAMS 0x000000008b200000, 0x000000008b200000| Untracked 
| 179|0x000000008b300000, 0x000000008b300000, 0x000000008b400000|  0%| F|  |TAMS 0x000000008b300000, 0x000000008b300000| Untracked 
| 180|0x000000008b400000, 0x000000008b400000, 0x000000008b500000|  0%| F|  |TAMS 0x000000008b400000, 0x000000008b400000| Untracked 
| 181|0x000000008b500000, 0x000000008b500000, 0x000000008b600000|  0%| F|  |TAMS 0x000000008b500000, 0x000000008b500000| Untracked 
| 182|0x000000008b600000, 0x000000008b600000, 0x000000008b700000|  0%| F|  |TAMS 0x000000008b600000, 0x000000008b600000| Untracked 
| 183|0x000000008b700000, 0x000000008b700000, 0x000000008b800000|  0%| F|  |TAMS 0x000000008b700000, 0x000000008b700000| Untracked 
| 184|0x000000008b800000, 0x000000008b800000, 0x000000008b900000|  0%| F|  |TAMS 0x000000008b800000, 0x000000008b800000| Untracked 
| 185|0x000000008b900000, 0x000000008b900000, 0x000000008ba00000|  0%| F|  |TAMS 0x000000008b900000, 0x000000008b900000| Untracked 
| 186|0x000000008ba00000, 0x000000008ba00000, 0x000000008bb00000|  0%| F|  |TAMS 0x000000008ba00000, 0x000000008ba00000| Untracked 
| 187|0x000000008bb00000, 0x000000008bc00000, 0x000000008bc00000|100%| S|CS|TAMS 0x000000008bb00000, 0x000000008bb00000| Complete 
| 188|0x000000008bc00000, 0x000000008bd00000, 0x000000008bd00000|100%| S|CS|TAMS 0x000000008bc00000, 0x000000008bc00000| Complete 
| 189|0x000000008bd00000, 0x000000008be00000, 0x000000008be00000|100%| S|CS|TAMS 0x000000008bd00000, 0x000000008bd00000| Complete 
| 190|0x000000008be00000, 0x000000008bf00000, 0x000000008bf00000|100%| S|CS|TAMS 0x000000008be00000, 0x000000008be00000| Complete 
| 191|0x000000008bf00000, 0x000000008bf00000, 0x000000008c000000|  0%| F|  |TAMS 0x000000008bf00000, 0x000000008bf00000| Untracked 
| 192|0x000000008c000000, 0x000000008c000000, 0x000000008c100000|  0%| F|  |TAMS 0x000000008c000000, 0x000000008c000000| Untracked 
| 193|0x000000008c100000, 0x000000008c100000, 0x000000008c200000|  0%| F|  |TAMS 0x000000008c100000, 0x000000008c100000| Untracked 
| 194|0x000000008c200000, 0x000000008c200000, 0x000000008c300000|  0%| F|  |TAMS 0x000000008c200000, 0x000000008c200000| Untracked 
| 195|0x000000008c300000, 0x000000008c300000, 0x000000008c400000|  0%| F|  |TAMS 0x000000008c300000, 0x000000008c300000| Untracked 
| 196|0x000000008c400000, 0x000000008c400000, 0x000000008c500000|  0%| F|  |TAMS 0x000000008c400000, 0x000000008c400000| Untracked 
| 197|0x000000008c500000, 0x000000008c500000, 0x000000008c600000|  0%| F|  |TAMS 0x000000008c500000, 0x000000008c500000| Untracked 
| 198|0x000000008c600000, 0x000000008c600000, 0x000000008c700000|  0%| F|  |TAMS 0x000000008c600000, 0x000000008c600000| Untracked 
| 199|0x000000008c700000, 0x000000008c700000, 0x000000008c800000|  0%| F|  |TAMS 0x000000008c700000, 0x000000008c700000| Untracked 
| 200|0x000000008c800000, 0x000000008c800000, 0x000000008c900000|  0%| F|  |TAMS 0x000000008c800000, 0x000000008c800000| Untracked 
| 201|0x000000008c900000, 0x000000008c900000, 0x000000008ca00000|  0%| F|  |TAMS 0x000000008c900000, 0x000000008c900000| Untracked 
| 202|0x000000008ca00000, 0x000000008ca00000, 0x000000008cb00000|  0%| F|  |TAMS 0x000000008ca00000, 0x000000008ca00000| Untracked 
| 203|0x000000008cb00000, 0x000000008cb00000, 0x000000008cc00000|  0%| F|  |TAMS 0x000000008cb00000, 0x000000008cb00000| Untracked 
| 204|0x000000008cc00000, 0x000000008cc00000, 0x000000008cd00000|  0%| F|  |TAMS 0x000000008cc00000, 0x000000008cc00000| Untracked 
| 205|0x000000008cd00000, 0x000000008cd00000, 0x000000008ce00000|  0%| F|  |TAMS 0x000000008cd00000, 0x000000008cd00000| Untracked 
| 206|0x000000008ce00000, 0x000000008ce00000, 0x000000008cf00000|  0%| F|  |TAMS 0x000000008ce00000, 0x000000008ce00000| Untracked 
| 207|0x000000008cf00000, 0x000000008cf00000, 0x000000008d000000|  0%| F|  |TAMS 0x000000008cf00000, 0x000000008cf00000| Untracked 
| 208|0x000000008d000000, 0x000000008d000000, 0x000000008d100000|  0%| F|  |TAMS 0x000000008d000000, 0x000000008d000000| Untracked 
| 209|0x000000008d100000, 0x000000008d100000, 0x000000008d200000|  0%| F|  |TAMS 0x000000008d100000, 0x000000008d100000| Untracked 
| 210|0x000000008d200000, 0x000000008d200000, 0x000000008d300000|  0%| F|  |TAMS 0x000000008d200000, 0x000000008d200000| Untracked 
| 211|0x000000008d300000, 0x000000008d300000, 0x000000008d400000|  0%| F|  |TAMS 0x000000008d300000, 0x000000008d300000| Untracked 
| 212|0x000000008d400000, 0x000000008d400000, 0x000000008d500000|  0%| F|  |TAMS 0x000000008d400000, 0x000000008d400000| Untracked 
| 213|0x000000008d500000, 0x000000008d500000, 0x000000008d600000|  0%| F|  |TAMS 0x000000008d500000, 0x000000008d500000| Untracked 
| 214|0x000000008d600000, 0x000000008d677428, 0x000000008d700000| 46%| E|  |TAMS 0x000000008d600000, 0x000000008d600000| Complete 
| 215|0x000000008d700000, 0x000000008d800000, 0x000000008d800000|100%| E|  |TAMS 0x000000008d700000, 0x000000008d700000| Complete 
| 216|0x000000008d800000, 0x000000008d800000, 0x000000008d900000|  0%| F|  |TAMS 0x000000008d800000, 0x000000008d800000| Untracked 
| 217|0x000000008d900000, 0x000000008d900000, 0x000000008da00000|  0%| F|  |TAMS 0x000000008d900000, 0x000000008d900000| Untracked 
| 218|0x000000008da00000, 0x000000008da00000, 0x000000008db00000|  0%| F|  |TAMS 0x000000008da00000, 0x000000008da00000| Untracked 
| 219|0x000000008db00000, 0x000000008db00000, 0x000000008dc00000|  0%| F|  |TAMS 0x000000008db00000, 0x000000008db00000| Untracked 
| 220|0x000000008dc00000, 0x000000008dc00000, 0x000000008dd00000|  0%| F|  |TAMS 0x000000008dc00000, 0x000000008dc00000| Untracked 
| 221|0x000000008dd00000, 0x000000008dd00000, 0x000000008de00000|  0%| F|  |TAMS 0x000000008dd00000, 0x000000008dd00000| Untracked 
| 222|0x000000008de00000, 0x000000008de00000, 0x000000008df00000|  0%| F|  |TAMS 0x000000008de00000, 0x000000008de00000| Untracked 
| 223|0x000000008df00000, 0x000000008df00000, 0x000000008e000000|  0%| F|  |TAMS 0x000000008df00000, 0x000000008df00000| Untracked 
| 224|0x000000008e000000, 0x000000008e000000, 0x000000008e100000|  0%| F|  |TAMS 0x000000008e000000, 0x000000008e000000| Untracked 
| 225|0x000000008e100000, 0x000000008e100000, 0x000000008e200000|  0%| F|  |TAMS 0x000000008e100000, 0x000000008e100000| Untracked 
| 226|0x000000008e200000, 0x000000008e200000, 0x000000008e300000|  0%| F|  |TAMS 0x000000008e200000, 0x000000008e200000| Untracked 
| 227|0x000000008e300000, 0x000000008e300000, 0x000000008e400000|  0%| F|  |TAMS 0x000000008e300000, 0x000000008e300000| Untracked 
| 228|0x000000008e400000, 0x000000008e400000, 0x000000008e500000|  0%| F|  |TAMS 0x000000008e400000, 0x000000008e400000| Untracked 
| 229|0x000000008e500000, 0x000000008e500000, 0x000000008e600000|  0%| F|  |TAMS 0x000000008e500000, 0x000000008e500000| Untracked 
| 230|0x000000008e600000, 0x000000008e600000, 0x000000008e700000|  0%| F|  |TAMS 0x000000008e600000, 0x000000008e600000| Untracked 
| 231|0x000000008e700000, 0x000000008e700000, 0x000000008e800000|  0%| F|  |TAMS 0x000000008e700000, 0x000000008e700000| Untracked 
| 232|0x000000008e800000, 0x000000008e800000, 0x000000008e900000|  0%| F|  |TAMS 0x000000008e800000, 0x000000008e800000| Untracked 
| 233|0x000000008e900000, 0x000000008e900000, 0x000000008ea00000|  0%| F|  |TAMS 0x000000008e900000, 0x000000008e900000| Untracked 
| 234|0x000000008ea00000, 0x000000008ea00000, 0x000000008eb00000|  0%| F|  |TAMS 0x000000008ea00000, 0x000000008ea00000| Untracked 
| 235|0x000000008eb00000, 0x000000008eb00000, 0x000000008ec00000|  0%| F|  |TAMS 0x000000008eb00000, 0x000000008eb00000| Untracked 
| 236|0x000000008ec00000, 0x000000008ec00000, 0x000000008ed00000|  0%| F|  |TAMS 0x000000008ec00000, 0x000000008ec00000| Untracked 
| 237|0x000000008ed00000, 0x000000008ed00000, 0x000000008ee00000|  0%| F|  |TAMS 0x000000008ed00000, 0x000000008ed00000| Untracked 
| 238|0x000000008ee00000, 0x000000008ee00000, 0x000000008ef00000|  0%| F|  |TAMS 0x000000008ee00000, 0x000000008ee00000| Untracked 
| 239|0x000000008ef00000, 0x000000008ef00000, 0x000000008f000000|  0%| F|  |TAMS 0x000000008ef00000, 0x000000008ef00000| Untracked 
| 240|0x000000008f000000, 0x000000008f000000, 0x000000008f100000|  0%| F|  |TAMS 0x000000008f000000, 0x000000008f000000| Untracked 
| 241|0x000000008f100000, 0x000000008f100000, 0x000000008f200000|  0%| F|  |TAMS 0x000000008f100000, 0x000000008f100000| Untracked 
| 242|0x000000008f200000, 0x000000008f200000, 0x000000008f300000|  0%| F|  |TAMS 0x000000008f200000, 0x000000008f200000| Untracked 
| 243|0x000000008f300000, 0x000000008f300000, 0x000000008f400000|  0%| F|  |TAMS 0x000000008f300000, 0x000000008f300000| Untracked 
| 244|0x000000008f400000, 0x000000008f400000, 0x000000008f500000|  0%| F|  |TAMS 0x000000008f400000, 0x000000008f400000| Untracked 
| 245|0x000000008f500000, 0x000000008f500000, 0x000000008f600000|  0%| F|  |TAMS 0x000000008f500000, 0x000000008f500000| Untracked 
| 246|0x000000008f600000, 0x000000008f600000, 0x000000008f700000|  0%| F|  |TAMS 0x000000008f600000, 0x000000008f600000| Untracked 
| 247|0x000000008f700000, 0x000000008f700000, 0x000000008f800000|  0%| F|  |TAMS 0x000000008f700000, 0x000000008f700000| Untracked 
| 248|0x000000008f800000, 0x000000008f800000, 0x000000008f900000|  0%| F|  |TAMS 0x000000008f800000, 0x000000008f800000| Untracked 
| 249|0x000000008f900000, 0x000000008f900000, 0x000000008fa00000|  0%| F|  |TAMS 0x000000008f900000, 0x000000008f900000| Untracked 
| 250|0x000000008fa00000, 0x000000008fa00000, 0x000000008fb00000|  0%| F|  |TAMS 0x000000008fa00000, 0x000000008fa00000| Untracked 
| 251|0x000000008fb00000, 0x000000008fb00000, 0x000000008fc00000|  0%| F|  |TAMS 0x000000008fb00000, 0x000000008fb00000| Untracked 
| 252|0x000000008fc00000, 0x000000008fc00000, 0x000000008fd00000|  0%| F|  |TAMS 0x000000008fc00000, 0x000000008fc00000| Untracked 
| 253|0x000000008fd00000, 0x000000008fd00000, 0x000000008fe00000|  0%| F|  |TAMS 0x000000008fd00000, 0x000000008fd00000| Untracked 
| 254|0x000000008fe00000, 0x000000008fe00000, 0x000000008ff00000|  0%| F|  |TAMS 0x000000008fe00000, 0x000000008fe00000| Untracked 
| 255|0x000000008ff00000, 0x0000000090000000, 0x0000000090000000|100%| E|CS|TAMS 0x000000008ff00000, 0x000000008ff00000| Complete 

Card table byte_map: [0x0000023979730000,0x0000023979b30000] _byte_map_base: 0x0000023979330000

Marking Bits (Prev, Next): (CMBitMap*) 0x0000023975ec4af0, (CMBitMap*) 0x0000023975ec4ab0
 Prev Bits: [0x000002397bf30000, 0x000002397df30000)
 Next Bits: [0x0000023979f30000, 0x000002397bf30000)

Polling page: 0x0000023973d90000

Metaspace:

Usage:
  Non-class:     68.05 MB used.
      Class:     10.78 MB used.
       Both:     78.84 MB used.

Virtual space:
  Non-class space:       72.00 MB reserved,      68.44 MB ( 95%) committed,  9 nodes.
      Class space:        1.00 GB reserved,      11.06 MB (  1%) committed,  1 nodes.
             Both:        1.07 GB reserved,      79.50 MB (  7%) committed. 

Chunk freelists:
   Non-Class:  3.14 MB
       Class:  832.00 KB
        Both:  3.95 MB

MaxMetaspaceSize: unlimited
CompressedClassSpaceSize: 1.00 GB
Initial GC threshold: 21.00 MB
Current GC threshold: 124.81 MB
CDS: off
MetaspaceReclaimPolicy: balanced
 - commit_granule_bytes: 65536.
 - commit_granule_words: 8192.
 - virtual_space_node_default_size: 1048576.
 - enlarge_chunks_in_place: 1.
 - new_chunks_are_fully_committed: 0.
 - uncommit_free_chunks: 1.
 - use_allocation_guard: 0.
 - handle_deallocations: 1.


Internal statistics:

num_allocs_failed_limit: 3.
num_arena_births: 832.
num_arena_deaths: 0.
num_vsnodes_births: 10.
num_vsnodes_deaths: 0.
num_space_committed: 1272.
num_space_uncommitted: 0.
num_chunks_returned_to_freelist: 3.
num_chunks_taken_from_freelist: 3759.
num_chunk_merges: 3.
num_chunk_splits: 2446.
num_chunks_enlarged: 1613.
num_purges: 0.
num_inconsistent_stats: 0.

CodeHeap 'non-profiled nmethods': size=120000Kb used=4452Kb max_used=4452Kb free=115547Kb
 bounds [0x0000023907ad0000, 0x0000023907f30000, 0x000002390f000000]
CodeHeap 'profiled nmethods': size=120000Kb used=14415Kb max_used=14415Kb free=105584Kb
 bounds [0x0000023900000000, 0x0000023900e20000, 0x0000023907530000]
CodeHeap 'non-nmethods': size=5760Kb used=2375Kb max_used=2479Kb free=3384Kb
 bounds [0x0000023907530000, 0x00000239077b0000, 0x0000023907ad0000]
 total_blobs=8356 nmethods=7454 adapters=811
 compilation: enabled
              stopped_count=0, restarted_count=0
 full_count=0

Compilation events (20 events):
Event: 14.134 Thread 0x000002391007a080 8261       2       org.gradle.api.internal.changedetection.state.DefaultFileAccessTimeJournal::setLastAccessTime (15 bytes)
Event: 14.135 Thread 0x000002391007a080 nmethod 8261 0x0000023900e10b90 code [0x0000023900e10d40, 0x0000023900e10e98]
Event: 14.136 Thread 0x000002391007a080 8262       2       org.gradle.cache.internal.btree.BTreePersistentIndexedCache$DataBlock::setValue (45 bytes)
Event: 14.136 Thread 0x000002391007a080 nmethod 8262 0x0000023900e10f90 code [0x0000023900e11160, 0x0000023900e11498]
Event: 14.138 Thread 0x000002391007a080 8263       2       java.io.File::<init> (111 bytes)
Event: 14.138 Thread 0x000002391007a080 nmethod 8263 0x0000023900e11690 code [0x0000023900e118e0, 0x0000023900e11e78]
Event: 14.139 Thread 0x000002391007a080 8264       2       java.util.Collections::singletonMap (10 bytes)
Event: 14.139 Thread 0x000002391007a080 nmethod 8264 0x0000023900e12190 code [0x0000023900e12320, 0x0000023900e12518]
Event: 14.141 Thread 0x000002391007a080 8265       2       org.gradle.internal.resolve.result.DefaultBuildableModuleComponentMetaDataResolveResult::reset (21 bytes)
Event: 14.141 Thread 0x000002391007a080 nmethod 8265 0x0000023900e12590 code [0x0000023900e12720, 0x0000023900e128f8]
Event: 14.143 Thread 0x000002391007a080 8266       2       org.gradle.api.internal.artifacts.ivyservice.ivyresolve.CachingModuleComponentRepository$LocateInCacheRepositoryAccess::resolveComponentMetaData (38 bytes)
Event: 14.143 Thread 0x000002391007a080 nmethod 8266 0x0000023900e12990 code [0x0000023900e12b60, 0x0000023900e12da8]
Event: 14.143 Thread 0x000002391007a080 8267       2       org.gradle.api.internal.artifacts.repositories.resolver.ExternalResourceResolver$LocalRepositoryAccess::resolveComponentMetaData (1 bytes)
Event: 14.143 Thread 0x000002391007a080 nmethod 8267 0x0000023900e12f10 code [0x0000023900e130a0, 0x0000023900e13198]
Event: 14.152 Thread 0x000002391007a080 8269       2       org.gradle.api.internal.artifacts.ivyservice.moduleconverter.dependencies.DefaultExcludeRuleConverter::<init> (10 bytes)
Event: 14.153 Thread 0x000002391007a080 nmethod 8269 0x0000023900e13210 code [0x0000023900e133a0, 0x0000023900e134f8]
Event: 14.153 Thread 0x000002391007a080 8270   !   2       com.esotericsoftware.kryo.io.Input::close (19 bytes)
Event: 14.153 Thread 0x000002391007a080 nmethod 8270 0x0000023900e13590 code [0x0000023900e13740, 0x0000023900e138a8]
Event: 14.153 Thread 0x000002391007a080 8271       2       org.gradle.internal.model.CalculatedValueContainerFactory::create (25 bytes)
Event: 14.154 Thread 0x000002391007a080 nmethod 8271 0x0000023900e13990 code [0x0000023900e13b40, 0x0000023900e13d88]

GC Heap History (20 events):
Event: 9.028 GC heap before
{Heap before GC invocations=32 (full 0):
 garbage-first heap   total 186368K, used 137284K [0x0000000080000000, 0x0000000100000000)
  region size 1024K, 36 young (36864K), 4 survivors (4096K)
 Metaspace       used 58258K, committed 58880K, reserved 1105920K
  class space    used 7783K, committed 8064K, reserved 1048576K
}
Event: 9.034 GC heap after
{Heap after GC invocations=33 (full 0):
 garbage-first heap   total 186368K, used 110482K [0x0000000080000000, 0x0000000100000000)
  region size 1024K, 5 young (5120K), 5 survivors (5120K)
 Metaspace       used 58258K, committed 58880K, reserved 1105920K
  class space    used 7783K, committed 8064K, reserved 1048576K
}
Event: 9.704 GC heap before
{Heap before GC invocations=33 (full 0):
 garbage-first heap   total 186368K, used 145298K [0x0000000080000000, 0x0000000100000000)
  region size 1024K, 39 young (39936K), 5 survivors (5120K)
 Metaspace       used 64939K, committed 65600K, reserved 1105920K
  class space    used 8636K, committed 8960K, reserved 1048576K
}
Event: 9.711 GC heap after
{Heap after GC invocations=34 (full 0):
 garbage-first heap   total 186368K, used 113267K [0x0000000080000000, 0x0000000100000000)
  region size 1024K, 3 young (3072K), 3 survivors (3072K)
 Metaspace       used 64939K, committed 65600K, reserved 1105920K
  class space    used 8636K, committed 8960K, reserved 1048576K
}
Event: 9.845 GC heap before
{Heap before GC invocations=35 (full 0):
 garbage-first heap   total 209920K, used 128627K [0x0000000080000000, 0x0000000100000000)
  region size 1024K, 14 young (14336K), 3 survivors (3072K)
 Metaspace       used 64995K, committed 65664K, reserved 1105920K
  class space    used 8642K, committed 8960K, reserved 1048576K
}
Event: 9.852 GC heap after
{Heap after GC invocations=36 (full 0):
 garbage-first heap   total 209920K, used 119703K [0x0000000080000000, 0x0000000100000000)
  region size 1024K, 5 young (5120K), 5 survivors (5120K)
 Metaspace       used 64995K, committed 65664K, reserved 1105920K
  class space    used 8642K, committed 8960K, reserved 1048576K
}
Event: 11.196 GC heap before
{Heap before GC invocations=37 (full 0):
 garbage-first heap   total 209920K, used 162711K [0x0000000080000000, 0x0000000100000000)
  region size 1024K, 46 young (47104K), 5 survivors (5120K)
 Metaspace       used 68843K, committed 69568K, reserved 1114112K
  class space    used 9139K, committed 9472K, reserved 1048576K
}
Event: 11.204 GC heap after
{Heap after GC invocations=38 (full 0):
 garbage-first heap   total 209920K, used 117752K [0x0000000080000000, 0x0000000100000000)
  region size 1024K, 6 young (6144K), 6 survivors (6144K)
 Metaspace       used 68843K, committed 69568K, reserved 1114112K
  class space    used 9139K, committed 9472K, reserved 1048576K
}
Event: 11.253 GC heap before
{Heap before GC invocations=38 (full 0):
 garbage-first heap   total 209920K, used 119800K [0x0000000080000000, 0x0000000100000000)
  region size 1024K, 9 young (9216K), 6 survivors (6144K)
 Metaspace       used 69122K, committed 69760K, reserved 1114112K
  class space    used 9159K, committed 9472K, reserved 1048576K
}
Event: 11.258 GC heap after
{Heap after GC invocations=39 (full 0):
 garbage-first heap   total 209920K, used 118407K [0x0000000080000000, 0x0000000100000000)
  region size 1024K, 4 young (4096K), 4 survivors (4096K)
 Metaspace       used 69122K, committed 69760K, reserved 1114112K
  class space    used 9159K, committed 9472K, reserved 1048576K
}
Event: 11.807 GC heap before
{Heap before GC invocations=40 (full 0):
 garbage-first heap   total 209920K, used 167559K [0x0000000080000000, 0x0000000100000000)
  region size 1024K, 51 young (52224K), 4 survivors (4096K)
 Metaspace       used 70183K, committed 70848K, reserved 1114112K
  class space    used 9330K, committed 9664K, reserved 1048576K
}
Event: 11.814 GC heap after
{Heap after GC invocations=41 (full 0):
 garbage-first heap   total 209920K, used 121444K [0x0000000080000000, 0x0000000100000000)
  region size 1024K, 7 young (7168K), 7 survivors (7168K)
 Metaspace       used 70183K, committed 70848K, reserved 1114112K
  class space    used 9330K, committed 9664K, reserved 1048576K
}
Event: 12.730 GC heap before
{Heap before GC invocations=41 (full 0):
 garbage-first heap   total 209920K, used 170596K [0x0000000080000000, 0x0000000100000000)
  region size 1024K, 55 young (56320K), 7 survivors (7168K)
 Metaspace       used 75876K, committed 76544K, reserved 1122304K
  class space    used 10316K, committed 10624K, reserved 1048576K
}
Event: 12.740 GC heap after
{Heap after GC invocations=42 (full 0):
 garbage-first heap   total 209920K, used 124787K [0x0000000080000000, 0x0000000100000000)
  region size 1024K, 7 young (7168K), 7 survivors (7168K)
 Metaspace       used 75876K, committed 76544K, reserved 1122304K
  class space    used 10316K, committed 10624K, reserved 1048576K
}
Event: 13.365 GC heap before
{Heap before GC invocations=43 (full 0):
 garbage-first heap   total 222208K, used 177011K [0x0000000080000000, 0x0000000100000000)
  region size 1024K, 53 young (54272K), 7 survivors (7168K)
 Metaspace       used 77954K, committed 78656K, reserved 1122304K
  class space    used 10616K, committed 10944K, reserved 1048576K
}
Event: 13.387 GC heap after
{Heap after GC invocations=44 (full 0):
 garbage-first heap   total 222208K, used 134844K [0x0000000080000000, 0x0000000100000000)
  region size 1024K, 7 young (7168K), 7 survivors (7168K)
 Metaspace       used 77954K, committed 78656K, reserved 1122304K
  class space    used 10616K, committed 10944K, reserved 1048576K
}
Event: 13.444 GC heap before
{Heap before GC invocations=44 (full 0):
 garbage-first heap   total 222208K, used 161468K [0x0000000080000000, 0x0000000100000000)
  region size 1024K, 10 young (10240K), 7 survivors (7168K)
 Metaspace       used 77954K, committed 78656K, reserved 1122304K
  class space    used 10616K, committed 10944K, reserved 1048576K
}
Event: 13.455 GC heap after
{Heap after GC invocations=45 (full 0):
 garbage-first heap   total 222208K, used 163229K [0x0000000080000000, 0x0000000100000000)
  region size 1024K, 2 young (2048K), 2 survivors (2048K)
 Metaspace       used 77954K, committed 78656K, reserved 1122304K
  class space    used 10616K, committed 10944K, reserved 1048576K
}
Event: 14.005 GC heap before
{Heap before GC invocations=45 (full 0):
 garbage-first heap   total 222208K, used 186781K [0x0000000080000000, 0x0000000100000000)
  region size 1024K, 26 young (26624K), 2 survivors (2048K)
 Metaspace       used 80694K, committed 81408K, reserved 1122304K
  class space    used 11043K, committed 11328K, reserved 1048576K
}
Event: 14.011 GC heap after
{Heap after GC invocations=46 (full 0):
 garbage-first heap   total 222208K, used 165817K [0x0000000080000000, 0x0000000100000000)
  region size 1024K, 4 young (4096K), 4 survivors (4096K)
 Metaspace       used 80694K, committed 81408K, reserved 1122304K
  class space    used 11043K, committed 11328K, reserved 1048576K
}

Dll operation events (2 events):
Event: 0.007 Loaded shared library C:\Program Files\Android\Android Studio\jbr\bin\java.dll
Event: 0.439 Loaded shared library C:\Program Files\Android\Android Studio\jbr\bin\verify.dll

Deoptimization events (20 events):
Event: 13.668 Thread 0x0000023915ba0e50 Uncommon trap: trap_request=0xffffff45 fr.pc=0x0000023907aea5ac relative=0x000000000000066c
Event: 13.668 Thread 0x0000023915ba0e50 Uncommon trap: reason=unstable_if action=reinterpret pc=0x0000023907aea5ac method=java.util.HashMap$HashIterator.<init>(Ljava/util/HashMap;)V @ 45 c2
Event: 13.668 Thread 0x0000023915ba0e50 DEOPT PACKING pc=0x0000023907aea5ac sp=0x0000006fd0dfeba0
Event: 13.668 Thread 0x0000023915ba0e50 DEOPT UNPACKING pc=0x00000239075869a3 sp=0x0000006fd0dfea30 mode 2
Event: 13.684 Thread 0x0000023918b39ed0 Uncommon trap: trap_request=0xffffffde fr.pc=0x0000023907c59c6c relative=0x00000000000002cc
Event: 13.684 Thread 0x0000023918b39ed0 Uncommon trap: reason=class_check action=maybe_recompile pc=0x0000023907c59c6c method=java.util.Collections$SetFromMap.remove(Ljava/lang/Object;)Z @ 5 c2
Event: 13.684 Thread 0x0000023918b39ed0 DEOPT PACKING pc=0x0000023907c59c6c sp=0x0000006fd0efebc0
Event: 13.684 Thread 0x0000023918b39ed0 DEOPT UNPACKING pc=0x00000239075869a3 sp=0x0000006fd0efebb8 mode 2
Event: 13.716 Thread 0x0000023918b39ed0 Uncommon trap: trap_request=0xffffffde fr.pc=0x0000023907b273a8 relative=0x0000000000000288
Event: 13.716 Thread 0x0000023918b39ed0 Uncommon trap: reason=class_check action=maybe_recompile pc=0x0000023907b273a8 method=java.util.stream.StreamOpFlag.fromCharacteristics(Ljava/util/Spliterator;)I @ 14 c2
Event: 13.716 Thread 0x0000023918b39ed0 DEOPT PACKING pc=0x0000023907b273a8 sp=0x0000006fd0efe520
Event: 13.716 Thread 0x0000023918b39ed0 DEOPT UNPACKING pc=0x00000239075869a3 sp=0x0000006fd0efe408 mode 2
Event: 13.720 Thread 0x0000023918b39ed0 DEOPT PACKING pc=0x00000239004548b4 sp=0x0000006fd0efe7f0
Event: 13.720 Thread 0x0000023918b39ed0 DEOPT UNPACKING pc=0x0000023907587143 sp=0x0000006fd0efdcb0 mode 0
Event: 13.737 Thread 0x0000023918b39ed0 DEOPT PACKING pc=0x0000023900aef864 sp=0x0000006fd0efe720
Event: 13.737 Thread 0x0000023918b39ed0 DEOPT UNPACKING pc=0x0000023907587143 sp=0x0000006fd0efdbe0 mode 0
Event: 13.738 Thread 0x0000023918b39ed0 Uncommon trap: trap_request=0xffffffde fr.pc=0x0000023907c59c6c relative=0x00000000000002cc
Event: 13.738 Thread 0x0000023918b39ed0 Uncommon trap: reason=class_check action=maybe_recompile pc=0x0000023907c59c6c method=java.util.Collections$SetFromMap.remove(Ljava/lang/Object;)Z @ 5 c2
Event: 13.738 Thread 0x0000023918b39ed0 DEOPT PACKING pc=0x0000023907c59c6c sp=0x0000006fd0efebc0
Event: 13.738 Thread 0x0000023918b39ed0 DEOPT UNPACKING pc=0x00000239075869a3 sp=0x0000006fd0efebb8 mode 2

Classes unloaded (0 events):
No events

Classes redefined (0 events):
No events

Internal exceptions (20 events):
Event: 13.636 Thread 0x000002391135cc90 Exception <a 'java/lang/ClassNotFoundException'{0x000000008ce3d6a0}: org/gradle/api/tasks/testing/AbstractTestTaskBeanInfo> (0x000000008ce3d6a0) 
thrown [s\src\hotspot\share\classfile\systemDictionary.cpp, line 256]
Event: 13.636 Thread 0x000002391135cc90 Exception <a 'java/lang/ClassNotFoundException'{0x000000008ce47aa0}: org/gradle/api/internal/ConventionTaskBeanInfo> (0x000000008ce47aa0) 
thrown [s\src\hotspot\share\classfile\systemDictionary.cpp, line 256]
Event: 13.636 Thread 0x000002391135cc90 Exception <a 'java/lang/ClassNotFoundException'{0x000000008ce51eb0}: org/gradle/api/internal/ConventionTaskCustomizer> (0x000000008ce51eb0) 
thrown [s\src\hotspot\share\classfile\systemDictionary.cpp, line 256]
Event: 13.638 Thread 0x000002391135cc90 Exception <a 'java/lang/ClassNotFoundException'{0x000000008ce6de60}: org/gradle/api/tasks/testing/AbstractTestTaskCustomizer> (0x000000008ce6de60) 
thrown [s\src\hotspot\share\classfile\systemDictionary.cpp, line 256]
Event: 13.723 Thread 0x000002391135b480 Exception <a 'java/lang/NoSuchMethodError'{0x000000008cad55d0}: static Lorg/gradle/internal/build/event/types/DefaultTaskStartedProgressEvent;.<clinit>()V> (0x000000008cad55d0) 
thrown [s\src\hotspot\share\prims\jni.cpp, line 1108]
Event: 13.723 Thread 0x000002391135b480 Exception <a 'java/lang/NoSuchMethodError'{0x000000008cad7278}: static Lorg/gradle/internal/build/event/types/AbstractProgressEvent;.<clinit>()V> (0x000000008cad7278) 
thrown [s\src\hotspot\share\prims\jni.cpp, line 1108]
Event: 13.724 Thread 0x000002391135b480 Exception <a 'java/lang/NoSuchMethodError'{0x000000008cae3778}: static Lorg/gradle/internal/build/event/types/DefaultTaskDescriptor;.<clinit>()V> (0x000000008cae3778) 
thrown [s\src\hotspot\share\prims\jni.cpp, line 1108]
Event: 13.725 Thread 0x000002391135b480 Exception <a 'java/lang/NoSuchMethodError'{0x000000008caf0430}: static Lorg/gradle/internal/operations/OperationIdentifier;.<clinit>()V> (0x000000008caf0430) 
thrown [s\src\hotspot\share\prims\jni.cpp, line 1108]
Event: 13.739 Thread 0x000002391135b480 Exception <a 'java/lang/NoSuchMethodError'{0x000000008cafa8b0}: static Lorg/gradle/internal/build/event/types/DefaultTaskFinishedProgressEvent;.<clinit>()V> (0x000000008cafa8b0) 
thrown [s\src\hotspot\share\prims\jni.cpp, line 1108]
Event: 13.748 Thread 0x000002391135b480 Exception <a 'java/lang/NoSuchMethodError'{0x000000008c938960}: static Lorg/gradle/internal/build/event/types/DefaultTaskSuccessResult;.<clinit>()V> (0x000000008c938960) 
thrown [s\src\hotspot\share\prims\jni.cpp, line 1108]
Event: 13.750 Thread 0x000002391135b480 Exception <a 'java/lang/NoSuchMethodError'{0x000000008c93a058}: static Lorg/gradle/internal/build/event/types/AbstractTaskResult;.<clinit>()V> (0x000000008c93a058) 
thrown [s\src\hotspot\share\prims\jni.cpp, line 1108]
Event: 13.758 Thread 0x000002391135b480 Exception <a 'java/lang/NoSuchMethodError'{0x000000008c93be18}: static Lorg/gradle/internal/build/event/types/AbstractResult;.<clinit>()V> (0x000000008c93be18) 
thrown [s\src\hotspot\share\prims\jni.cpp, line 1108]
Event: 13.771 Thread 0x000002391135cc90 Exception <a 'java/lang/ClassNotFoundException'{0x000000008cdef180}: org/jetbrains/plugins/gradle/tooling/util/SourceSetCachedFinder$1BeanInfo> (0x000000008cdef180) 
thrown [s\src\hotspot\share\classfile\systemDictionary.cpp, line 256]
Event: 13.771 Thread 0x000002391135cc90 Exception <a 'java/lang/ClassNotFoundException'{0x000000008c94aae0}: org/jetbrains/plugins/gradle/tooling/util/SourceSetCachedFinder$1Customizer> (0x000000008c94aae0) 
thrown [s\src\hotspot\share\classfile\systemDictionary.cpp, line 256]
Event: 13.776 Thread 0x000002391135cc90 Exception <a 'java/lang/ClassNotFoundException'{0x000000008c971700}: org/jetbrains/plugins/gradle/tooling/util/SourceSetCachedFinder$2BeanInfo> (0x000000008c971700) 
thrown [s\src\hotspot\share\classfile\systemDictionary.cpp, line 256]
Event: 13.776 Thread 0x000002391135cc90 Exception <a 'java/lang/ClassNotFoundException'{0x000000008c979c08}: org/jetbrains/plugins/gradle/tooling/util/SourceSetCachedFinder$2Customizer> (0x000000008c979c08) 
thrown [s\src\hotspot\share\classfile\systemDictionary.cpp, line 256]
Event: 13.779 Thread 0x000002391135cc90 Exception <a 'java/lang/ClassNotFoundException'{0x000000008c9a6378}: org/jetbrains/plugins/gradle/tooling/util/SourceSetCachedFinderBeanInfo> (0x000000008c9a6378) 
thrown [s\src\hotspot\share\classfile\systemDictionary.cpp, line 256]
Event: 13.779 Thread 0x000002391135cc90 Exception <a 'java/lang/ClassNotFoundException'{0x000000008c9ae868}: org/jetbrains/plugins/gradle/tooling/util/SourceSetCachedFinderCustomizer> (0x000000008c9ae868) 
thrown [s\src\hotspot\share\classfile\systemDictionary.cpp, line 256]
Event: 13.808 Thread 0x000002391135cc90 Exception <a 'java/lang/ClassNotFoundException'{0x000000008c865d78}: org/jetbrains/plugins/gradle/tooling/util/SourceSetCachedFinder$ArtifactsMapBeanInfo> (0x000000008c865d78) 
thrown [s\src\hotspot\share\classfile\systemDictionary.cpp, line 256]
Event: 13.810 Thread 0x000002391135cc90 Exception <a 'java/lang/ClassNotFoundException'{0x000000008c86e340}: org/jetbrains/plugins/gradle/tooling/util/SourceSetCachedFinder$ArtifactsMapCustomizer> (0x000000008c86e340) 
thrown [s\src\hotspot\share\classfile\systemDictionary.cpp, line 256]

VM Operations (20 events):
Event: 13.388 Executing VM operation: G1CollectForAllocation done
Event: 13.444 Executing VM operation: G1CollectForAllocation
Event: 13.455 Executing VM operation: G1CollectForAllocation done
Event: 13.705 Executing VM operation: HandshakeAllThreads
Event: 13.706 Executing VM operation: HandshakeAllThreads done
Event: 13.706 Executing VM operation: HandshakeAllThreads
Event: 13.706 Executing VM operation: HandshakeAllThreads done
Event: 13.707 Executing VM operation: HandshakeAllThreads
Event: 13.707 Executing VM operation: HandshakeAllThreads done
Event: 13.720 Executing VM operation: HandshakeAllThreads
Event: 13.720 Executing VM operation: HandshakeAllThreads done
Event: 13.737 Executing VM operation: HandshakeAllThreads
Event: 13.737 Executing VM operation: HandshakeAllThreads done
Event: 13.870 Executing VM operation: HandshakeAllThreads
Event: 13.870 Executing VM operation: HandshakeAllThreads done
Event: 13.871 Executing VM operation: HandshakeAllThreads
Event: 13.872 Executing VM operation: HandshakeAllThreads done
Event: 14.005 Executing VM operation: G1CollectForAllocation
Event: 14.011 Executing VM operation: G1CollectForAllocation done
Event: 14.154 Executing VM operation: G1Concurrent

Events (20 events):
Event: 13.606 loading class java/util/IdentityHashMap$KeyIterator
Event: 13.607 loading class java/util/IdentityHashMap$IdentityHashMapIterator
Event: 13.607 loading class java/util/IdentityHashMap$IdentityHashMapIterator done
Event: 13.607 loading class java/util/IdentityHashMap$KeyIterator done
Event: 13.657 Thread 0x0000023915ba64f0 Thread added: 0x0000023915ba64f0
Event: 13.664 Thread 0x0000023915ba0980 Thread added: 0x0000023915ba0980
Event: 13.664 Thread 0x0000023915ba0e50 Thread added: 0x0000023915ba0e50
Event: 13.664 Thread 0x0000023918b39ed0 Thread added: 0x0000023918b39ed0
Event: 13.687 Thread 0x0000023918b3bbb0 Thread added: 0x0000023918b3bbb0
Event: 13.712 Thread 0x0000023910086660 flushing nmethod 0x0000023900515110
Event: 13.712 Thread 0x0000023910086660 flushing nmethod 0x0000023900527990
Event: 13.716 loading class java/util/TreeMap$KeySpliterator
Event: 13.716 loading class java/util/TreeMap$TreeMapSpliterator
Event: 13.716 loading class java/util/TreeMap$TreeMapSpliterator done
Event: 13.716 loading class java/util/TreeMap$KeySpliterator done
Event: 13.746 loading class java/util/concurrent/ConcurrentLinkedQueue$Itr
Event: 13.746 loading class java/util/concurrent/ConcurrentLinkedQueue$Itr done
Event: 13.756 Thread 0x0000023918b3c080 Thread added: 0x0000023918b3c080
Event: 13.823 loading class java/io/PushbackInputStream
Event: 13.824 loading class java/io/PushbackInputStream done


Dynamic libraries:
0x00007ff604b30000 - 0x00007ff604b3a000 	C:\Program Files\Android\Android Studio\jbr\bin\java.exe
0x00007ff84d130000 - 0x00007ff84d347000 	C:\WINDOWS\SYSTEM32\ntdll.dll
0x00007ff84bc90000 - 0x00007ff84bd54000 	C:\WINDOWS\System32\KERNEL32.DLL
0x00007ff84a7d0000 - 0x00007ff84ab77000 	C:\WINDOWS\System32\KERNELBASE.dll
0x00007ff84ab80000 - 0x00007ff84ac91000 	C:\WINDOWS\System32\ucrtbase.dll
0x00007ffffa450000 - 0x00007ffffa46b000 	C:\Program Files\Android\Android Studio\jbr\bin\VCRUNTIME140.dll
0x00007fffd8f90000 - 0x00007fffd8fa7000 	C:\Program Files\Android\Android Studio\jbr\bin\jli.dll
0x00007ff84c8d0000 - 0x00007ff84ca7e000 	C:\WINDOWS\System32\USER32.dll
0x00007ff84a550000 - 0x00007ff84a576000 	C:\WINDOWS\System32\win32u.dll
0x00007ff833f30000 - 0x00007ff8341c3000 	C:\WINDOWS\WinSxS\amd64_microsoft.windows.common-controls_6595b64144ccf1df_6.0.22621.2506_none_270c5ae97388e100\COMCTL32.dll
0x00007ff84b740000 - 0x00007ff84b769000 	C:\WINDOWS\System32\GDI32.dll
0x00007ff84bd60000 - 0x00007ff84be07000 	C:\WINDOWS\System32\msvcrt.dll
0x00007ff84a580000 - 0x00007ff84a699000 	C:\WINDOWS\System32\gdi32full.dll
0x00007ff84a4b0000 - 0x00007ff84a54a000 	C:\WINDOWS\System32\msvcp_win.dll
0x00007ff84bba0000 - 0x00007ff84bbd1000 	C:\WINDOWS\System32\IMM32.DLL
0x00007ff840350000 - 0x00007ff84035c000 	C:\Program Files\Android\Android Studio\jbr\bin\vcruntime140_1.dll
0x00007fffd8f00000 - 0x00007fffd8f8d000 	C:\Program Files\Android\Android Studio\jbr\bin\msvcp140.dll
0x00007fff9e7f0000 - 0x00007fff9f45d000 	C:\Program Files\Android\Android Studio\jbr\bin\server\jvm.dll
0x00007ff84baf0000 - 0x00007ff84bba0000 	C:\WINDOWS\System32\ADVAPI32.dll
0x00007ff84bbe0000 - 0x00007ff84bc86000 	C:\WINDOWS\System32\sechost.dll
0x00007ff84ca80000 - 0x00007ff84cb97000 	C:\WINDOWS\System32\RPCRT4.dll
0x00007ff8295a0000 - 0x00007ff8295a9000 	C:\WINDOWS\SYSTEM32\WSOCK32.dll
0x00007ff83ed80000 - 0x00007ff83edb4000 	C:\WINDOWS\SYSTEM32\WINMM.dll
0x00007ff84b850000 - 0x00007ff84b8c1000 	C:\WINDOWS\System32\WS2_32.dll
0x00007ff838b40000 - 0x00007ff838b4a000 	C:\WINDOWS\SYSTEM32\VERSION.dll
0x00007ff849450000 - 0x00007ff849468000 	C:\WINDOWS\SYSTEM32\kernel.appcore.dll
0x00007ff838c50000 - 0x00007ff838c5a000 	C:\Program Files\Android\Android Studio\jbr\bin\jimage.dll
0x00007ff8443a0000 - 0x00007ff8445d3000 	C:\WINDOWS\SYSTEM32\DBGHELP.DLL
0x00007ff84cba0000 - 0x00007ff84cf29000 	C:\WINDOWS\System32\combase.dll
0x00007ff84b770000 - 0x00007ff84b847000 	C:\WINDOWS\System32\OLEAUT32.dll
0x00007ff82b420000 - 0x00007ff82b452000 	C:\WINDOWS\SYSTEM32\dbgcore.DLL
0x00007ff84ae10000 - 0x00007ff84ae8a000 	C:\WINDOWS\System32\bcryptPrimitives.dll
0x00007ffff7550000 - 0x00007ffff7575000 	C:\Program Files\Android\Android Studio\jbr\bin\java.dll
0x00007ff82b3b0000 - 0x00007ff82b3c8000 	C:\Program Files\Android\Android Studio\jbr\bin\zip.dll
0x00007ff84bff0000 - 0x00007ff84c849000 	C:\WINDOWS\System32\SHELL32.dll
0x00007ff8482f0000 - 0x00007ff848be4000 	C:\WINDOWS\SYSTEM32\windows.storage.dll
0x00007ff8481b0000 - 0x00007ff8482ee000 	C:\WINDOWS\SYSTEM32\wintypes.dll
0x00007ff84be10000 - 0x00007ff84bf03000 	C:\WINDOWS\System32\SHCORE.dll
0x00007ff84b630000 - 0x00007ff84b68e000 	C:\WINDOWS\System32\shlwapi.dll
0x00007ff84a3e0000 - 0x00007ff84a406000 	C:\WINDOWS\SYSTEM32\profapi.dll
0x00007ff82a3a0000 - 0x00007ff82a3b9000 	C:\Program Files\Android\Android Studio\jbr\bin\net.dll
0x00007ff83fc60000 - 0x00007ff83fd97000 	C:\WINDOWS\SYSTEM32\WINHTTP.dll
0x00007ff849930000 - 0x00007ff849999000 	C:\WINDOWS\system32\mswsock.dll
0x00007ff8042a0000 - 0x00007ff8042b6000 	C:\Program Files\Android\Android Studio\jbr\bin\nio.dll
0x00007ff823790000 - 0x00007ff8237a0000 	C:\Program Files\Android\Android Studio\jbr\bin\verify.dll
0x00007ffff7000000 - 0x00007ffff7027000 	C:\Users\franc\.gradle\native\68d5fa5c4cc2d200863cafc0d521ce42e7d3e7ee720ec0a83991735586a16f82\windows-amd64\native-platform.dll
0x00007fffd1530000 - 0x00007fffd1674000 	C:\Users\franc\.gradle\native\e376f236ea51e6404a007f0833ffe2c6e607c4080706a723a18a27aeea778392\windows-amd64\native-platform-file-events.dll
0x00007ff82aaa0000 - 0x00007ff82aaa9000 	C:\Program Files\Android\Android Studio\jbr\bin\management.dll
0x00007ff82a780000 - 0x00007ff82a78b000 	C:\Program Files\Android\Android Studio\jbr\bin\management_ext.dll
0x00007ff84bf10000 - 0x00007ff84bf18000 	C:\WINDOWS\System32\PSAPI.DLL
0x00007ff849b80000 - 0x00007ff849b9b000 	C:\WINDOWS\SYSTEM32\CRYPTSP.dll
0x00007ff849410000 - 0x00007ff849445000 	C:\WINDOWS\system32\rsaenh.dll
0x00007ff849a20000 - 0x00007ff849a4c000 	C:\WINDOWS\SYSTEM32\USERENV.dll
0x00007ff849cf0000 - 0x00007ff849d18000 	C:\WINDOWS\SYSTEM32\bcrypt.dll
0x00007ff849ba0000 - 0x00007ff849bac000 	C:\WINDOWS\SYSTEM32\CRYPTBASE.dll
0x00007ff848d40000 - 0x00007ff848d6d000 	C:\WINDOWS\SYSTEM32\IPHLPAPI.DLL
0x00007ff84ae90000 - 0x00007ff84ae99000 	C:\WINDOWS\System32\NSI.dll
0x00007ff840cb0000 - 0x00007ff840cc9000 	C:\WINDOWS\SYSTEM32\dhcpcsvc6.DLL
0x00007ff8408d0000 - 0x00007ff8408ef000 	C:\WINDOWS\SYSTEM32\dhcpcsvc.DLL
0x00007ff848d70000 - 0x00007ff848e69000 	C:\WINDOWS\SYSTEM32\DNSAPI.dll
0x00007ff8219f0000 - 0x00007ff8219f8000 	C:\WINDOWS\system32\wshunix.dll

dbghelp: loaded successfully - version: 4.0.5 - missing functions: none
symbol engine: initialized successfully - sym options: 0x614 - pdb path: .;C:\Program Files\Android\Android Studio\jbr\bin;C:\WINDOWS\SYSTEM32;C:\WINDOWS\WinSxS\amd64_microsoft.windows.common-controls_6595b64144ccf1df_6.0.22621.2506_none_270c5ae97388e100;C:\Program Files\Android\Android Studio\jbr\bin\server;C:\Users\franc\.gradle\native\68d5fa5c4cc2d200863cafc0d521ce42e7d3e7ee720ec0a83991735586a16f82\windows-amd64;C:\Users\franc\.gradle\native\e376f236ea51e6404a007f0833ffe2c6e607c4080706a723a18a27aeea778392\windows-amd64

VM Arguments:
jvm_args: --add-opens=java.base/java.util=ALL-UNNAMED --add-opens=java.base/java.lang=ALL-UNNAMED --add-opens=java.base/java.lang.invoke=ALL-UNNAMED --add-opens=java.prefs/java.util.prefs=ALL-UNNAMED --add-opens=java.base/java.nio.charset=ALL-UNNAMED --add-opens=java.base/java.net=ALL-UNNAMED --add-opens=java.base/java.util.concurrent.atomic=ALL-UNNAMED -Xmx2048m -Dfile.encoding=UTF-8 -Duser.country=US -Duser.language=en -Duser.variant 
java_command: org.gradle.launcher.daemon.bootstrap.GradleDaemon 8.0
java_class_path (initial): C:\Users\franc\.gradle\wrapper\dists\gradle-8.0-bin\ca5e32bp14vu59qr306oxotwh\gradle-8.0\lib\gradle-launcher-8.0.jar
Launcher Type: SUN_STANDARD

[Global flags]
     intx CICompilerCount                          = 3                                         {product} {ergonomic}
     uint ConcGCThreads                            = 1                                         {product} {ergonomic}
     uint G1ConcRefinementThreads                  = 4                                         {product} {ergonomic}
   size_t G1HeapRegionSize                         = 1048576                                   {product} {ergonomic}
    uintx GCDrainStackTargetSize                   = 64                                        {product} {ergonomic}
   size_t InitialHeapSize                          = 268435456                                 {product} {ergonomic}
   size_t MarkStackSize                            = 4194304                                   {product} {ergonomic}
   size_t MaxHeapSize                              = 2147483648                                {product} {command line}
   size_t MaxNewSize                               = 1287651328                                {product} {ergonomic}
   size_t MinHeapDeltaBytes                        = 1048576                                   {product} {ergonomic}
   size_t MinHeapSize                              = 8388608                                   {product} {ergonomic}
    uintx NonNMethodCodeHeapSize                   = 5832780                                {pd product} {ergonomic}
    uintx NonProfiledCodeHeapSize                  = 122912730                              {pd product} {ergonomic}
    uintx ProfiledCodeHeapSize                     = 122912730                              {pd product} {ergonomic}
    uintx ReservedCodeCacheSize                    = 251658240                              {pd product} {ergonomic}
     bool SegmentedCodeCache                       = true                                      {product} {ergonomic}
   size_t SoftMaxHeapSize                          = 2147483648                             {manageable} {ergonomic}
     bool UseCompressedClassPointers               = true                           {product lp64_product} {ergonomic}
     bool UseCompressedOops                        = true                           {product lp64_product} {ergonomic}
     bool UseG1GC                                  = true                                      {product} {ergonomic}
     bool UseLargePagesIndividualAllocation        = false                                  {pd product} {ergonomic}

Logging:
Log output configuration:
 #0: stdout all=warning uptime,level,tags
 #1: stderr all=off uptime,level,tags

Environment Variables:
PATH=C:\Program Files (x86)\Common Files\Oracle\Java\javapath;C:\Python311\Scripts\;C:\Python311\;C:\WINDOWS\system32;C:\WINDOWS;C:\WINDOWS\System32\Wbem;C:\WINDOWS\System32\WindowsPowerShell\v1.0\;C:\WINDOWS\System32\OpenSSH\;C:\Program Files\Microsoft SQL Server\150\Tools\Binn\;C:\Program Files\Microsoft SQL Server\Client SDK\ODBC\170\Tools\Binn\;C:\Program Files\dotnet\;C:\Program Files (x86)\Microsoft SQL Server\160\Tools\Binn\;C:\Program Files\Microsoft SQL Server\160\Tools\Binn\;C:\Program Files\Microsoft SQL Server\160\DTS\Binn\;C:\Program Files (x86)\Microsoft SQL Server\160\DTS\Binn\;C:\Program Files\Azure Data Studio\bin;C:\ProgramData\chocolatey\bin;C:\Program Files\nodejs\;C:\Program Files\Git\cmd;C:\Users\franc\AppData\Local\Microsoft\WindowsApps;C:\Users\franc\AppData\Local\Programs\Microsoft VS Code\bin;C:\Users\franc\.dotnet\tools;C:\Program Files\Azure Data Studio\bin;C:\Users\franc\AppData\Roaming\npm;C:\Program Files\JetBrains\IntelliJ IDEA 2023.2.1\bin;;C:\Program Files\Java\jdk-17\bin;
USERNAME=franc
OS=Windows_NT
PROCESSOR_IDENTIFIER=Intel64 Family 6 Model 142 Stepping 9, GenuineIntel
TMP=C:\Users\franc\AppData\Local\Temp
TEMP=C:\Users\franc\AppData\Local\Temp



---------------  S Y S T E M  ---------------

OS:
 Windows 11 , 64 bit Build 22621 (10.0.22621.2506)
OS uptime: 2 days 1:53 hours

CPU: total 4 (initial active 4) (2 cores per cpu, 2 threads per core) family 6 model 142 stepping 9 microcode 0xde, cx8, cmov, fxsr, ht, mmx, 3dnowpref, sse, sse2, sse3, ssse3, sse4.1, sse4.2, popcnt, lzcnt, tsc, tscinvbit, avx, avx2, aes, erms, clmul, bmi1, bmi2, rtm, adx, fma, vzeroupper, clflush, clflushopt

Memory: 4k page, system-wide physical 16259M (2797M free)
TotalPageFile size 27647M (AvailPageFile size 15M)
current process WorkingSet (physical memory assigned to process): 448M, peak: 454M
current process commit charge ("private bytes"): 517M, peak: 536M

vm_info: OpenJDK 64-Bit Server VM (17.0.6+0-b2043.56-9586694) for windows-amd64 JRE (17.0.6+0-b2043.56-9586694), built on Feb  9 2023 20:06:20 by "androidbuild" with MS VC++ 16.10 / 16.11 (VS2019)

END.
